mode: set
bronivik/internal/bot/bot.go:45.17,46.21 1 1
bronivik/internal/bot/bot.go:46.21,48.3 1 0
bronivik/internal/bot/bot.go:50.2,50.19 1 1
bronivik/internal/bot/bot.go:50.19,53.3 2 0
bronivik/internal/bot/bot.go:55.2,67.8 1 1
bronivik/internal/bot/bot.go:71.42,82.6 6 1
bronivik/internal/bot/bot.go:82.6,83.10 1 1
bronivik/internal/bot/bot.go:84.21,86.10 2 1
bronivik/internal/bot/bot.go:87.32,88.11 1 1
bronivik/internal/bot/bot.go:88.11,90.5 1 0
bronivik/internal/bot/bot.go:91.4,91.32 1 1
bronivik/internal/bot/bot.go:97.74,99.15 2 1
bronivik/internal/bot/bot.go:99.15,100.23 1 1
bronivik/internal/bot/bot.go:100.23,102.4 1 0
bronivik/internal/bot/bot.go:106.2,113.24 6 1
bronivik/internal/bot/bot.go:113.24,115.28 2 1
bronivik/internal/bot/bot.go:115.28,117.4 1 1
bronivik/internal/bot/bot.go:117.9,117.41 1 0
bronivik/internal/bot/bot.go:117.41,119.4 1 0
bronivik/internal/bot/bot.go:121.3,121.18 1 1
bronivik/internal/bot/bot.go:121.18,123.4 1 0
bronivik/internal/bot/bot.go:126.3,128.27 2 1
bronivik/internal/bot/bot.go:128.27,130.18 2 1
bronivik/internal/bot/bot.go:130.18,132.5 1 0
bronivik/internal/bot/bot.go:132.10,132.23 1 1
bronivik/internal/bot/bot.go:132.23,134.30 2 0
bronivik/internal/bot/bot.go:134.30,136.6 1 0
bronivik/internal/bot/bot.go:136.11,136.43 1 0
bronivik/internal/bot/bot.go:136.43,140.6 3 0
bronivik/internal/bot/bot.go:141.5,141.11 1 0
bronivik/internal/bot/bot.go:145.3,145.34 1 1
bronivik/internal/bot/bot.go:145.34,148.4 2 0
bronivik/internal/bot/bot.go:150.3,150.28 1 1
bronivik/internal/bot/bot.go:150.28,152.4 1 0
bronivik/internal/bot/bot.go:154.3,154.46 1 1
bronivik/internal/bot/bot.go:154.46,156.4 1 0
bronivik/internal/bot/bot.go:158.3,158.37 1 1
bronivik/internal/bot/bot_wrapper.go:11.46,13.2 1 1
bronivik/internal/bot/bot_wrapper.go:15.45,17.2 1 0
bronivik/internal/bot/bot_wrapper.go:19.54,21.2 1 1
bronivik/internal/bot/callback_handlers.go:14.80,19.22 4 1
bronivik/internal/bot/callback_handlers.go:19.22,21.3 1 0
bronivik/internal/bot/callback_handlers.go:24.2,27.29 3 1
bronivik/internal/bot/callback_handlers.go:27.29,29.3 1 0
bronivik/internal/bot/callback_handlers.go:32.2,32.25 1 1
bronivik/internal/bot/callback_handlers.go:32.25,33.43 1 1
bronivik/internal/bot/callback_handlers.go:33.43,35.4 1 1
bronivik/internal/bot/callback_handlers.go:39.2,39.9 1 1
bronivik/internal/bot/callback_handlers.go:40.30,42.32 2 1
bronivik/internal/bot/callback_handlers.go:44.44,46.32 2 0
bronivik/internal/bot/callback_handlers.go:48.46,50.83 2 0
bronivik/internal/bot/callback_handlers.go:52.47,54.45 2 1
bronivik/internal/bot/callback_handlers.go:56.55,58.91 2 0
bronivik/internal/bot/callback_handlers.go:60.56,62.52 2 1
bronivik/internal/bot/callback_handlers.go:64.33,65.34 1 0
bronivik/internal/bot/callback_handlers.go:67.38,69.55 2 0
bronivik/internal/bot/callback_handlers.go:69.55,72.4 2 0
bronivik/internal/bot/callback_handlers.go:76.94,78.16 2 1
bronivik/internal/bot/callback_handlers.go:78.16,81.3 2 0
bronivik/internal/bot/callback_handlers.go:83.2,86.33 3 1
bronivik/internal/bot/callback_handlers.go:86.33,89.3 2 1
bronivik/internal/bot/callback_handlers.go:89.8,89.34 1 1
bronivik/internal/bot/callback_handlers.go:89.34,92.3 2 1
bronivik/internal/bot/callback_handlers.go:92.8,94.3 1 0
bronivik/internal/bot/callback_handlers.go:96.2,103.23 3 1
bronivik/internal/bot/callback_handlers.go:106.101,108.16 2 1
bronivik/internal/bot/callback_handlers.go:108.16,111.3 2 0
bronivik/internal/bot/callback_handlers.go:114.2,132.23 5 1
bronivik/internal/bot/errors.go:9.49,10.16 1 1
bronivik/internal/bot/errors.go:10.16,12.3 1 1
bronivik/internal/bot/errors.go:14.2,14.46 1 1
bronivik/internal/bot/errors.go:14.46,16.3 1 1
bronivik/internal/bot/errors.go:18.2,18.42 1 1
bronivik/internal/bot/errors.go:18.42,20.3 1 1
bronivik/internal/bot/errors.go:22.2,22.44 1 1
bronivik/internal/bot/errors.go:22.44,24.3 1 1
bronivik/internal/bot/errors.go:26.2,26.56 1 1
bronivik/internal/bot/errors.go:26.56,28.3 1 1
bronivik/internal/bot/errors.go:31.2,31.206 1 1
bronivik/internal/bot/export.go:16.96,18.65 1 1
bronivik/internal/bot/export.go:18.65,20.3 1 0
bronivik/internal/bot/export.go:23.2,24.16 2 1
bronivik/internal/bot/export.go:24.16,26.3 1 0
bronivik/internal/bot/export.go:28.2,29.16 2 1
bronivik/internal/bot/export.go:29.16,31.3 1 0
bronivik/internal/bot/export.go:34.2,38.16 3 1
bronivik/internal/bot/export.go:38.16,40.3 1 0
bronivik/internal/bot/export.go:41.2,52.34 6 1
bronivik/internal/bot/export.go:52.34,68.3 8 1
bronivik/internal/bot/export.go:71.2,72.29 2 1
bronivik/internal/bot/export.go:72.29,83.3 5 1
bronivik/internal/bot/export.go:86.2,86.47 1 1
bronivik/internal/bot/export.go:86.47,88.14 2 0
bronivik/internal/bot/export.go:88.14,89.12 1 0
bronivik/internal/bot/export.go:93.3,94.36 2 0
bronivik/internal/bot/export.go:94.36,96.4 1 0
bronivik/internal/bot/export.go:99.3,100.30 2 0
bronivik/internal/bot/export.go:100.30,106.18 4 0
bronivik/internal/bot/export.go:106.18,109.5 2 0
bronivik/internal/bot/export.go:111.4,111.29 1 0
bronivik/internal/bot/export.go:111.29,113.42 2 0
bronivik/internal/bot/export.go:113.42,115.28 2 0
bronivik/internal/bot/export.go:116.58,117.21 1 0
bronivik/internal/bot/export.go:118.54,119.21 1 0
bronivik/internal/bot/export.go:120.34,121.21 1 0
bronivik/internal/bot/export.go:123.6,124.31 2 0
bronivik/internal/bot/export.go:124.31,126.7 1 0
bronivik/internal/bot/export.go:128.5,129.64 2 0
bronivik/internal/bot/export.go:130.10,133.5 2 0
bronivik/internal/bot/export.go:136.4,137.18 2 0
bronivik/internal/bot/export.go:137.18,139.5 1 0
bronivik/internal/bot/export.go:141.4,141.9 1 0
bronivik/internal/bot/export.go:146.2,147.29 2 1
bronivik/internal/bot/export.go:147.29,149.3 1 1
bronivik/internal/bot/export.go:152.2,171.43 8 1
bronivik/internal/bot/export.go:171.43,173.3 1 0
bronivik/internal/bot/export.go:175.2,176.22 2 1
bronivik/internal/bot/export.go:180.42,182.16 2 0
bronivik/internal/bot/export.go:182.16,184.3 1 0
bronivik/internal/bot/export.go:185.2,185.13 1 0
bronivik/internal/bot/export.go:189.126,194.30 2 0
bronivik/internal/bot/export.go:194.30,204.3 2 0
bronivik/internal/bot/export.go:207.2,207.34 1 0
bronivik/internal/bot/export.go:207.34,217.3 2 0
bronivik/internal/bot/export.go:220.2,221.41 2 0
bronivik/internal/bot/export.go:221.41,222.87 1 0
bronivik/internal/bot/export.go:222.87,224.9 2 0
bronivik/internal/bot/export.go:229.2,229.20 1 0
bronivik/internal/bot/export.go:229.20,239.3 2 0
bronivik/internal/bot/export.go:242.2,250.19 2 0
bronivik/internal/bot/export.go:254.80,256.35 2 0
bronivik/internal/bot/export.go:256.35,257.47 1 0
bronivik/internal/bot/export.go:257.47,259.4 1 0
bronivik/internal/bot/export.go:261.2,261.15 1 0
bronivik/internal/bot/export.go:265.41,267.20 1 1
bronivik/internal/bot/export.go:267.20,269.3 1 1
bronivik/internal/bot/export.go:272.2,274.31 3 0
bronivik/internal/bot/export.go:278.93,280.65 1 1
bronivik/internal/bot/export.go:280.65,282.3 1 0
bronivik/internal/bot/export.go:285.2,289.16 3 1
bronivik/internal/bot/export.go:289.16,291.3 1 0
bronivik/internal/bot/export.go:292.2,296.33 3 1
bronivik/internal/bot/export.go:296.33,300.3 2 1
bronivik/internal/bot/export.go:303.2,303.29 1 1
bronivik/internal/bot/export.go:303.29,316.3 12 1
bronivik/internal/bot/export.go:319.2,338.43 15 1
bronivik/internal/bot/export.go:338.43,340.3 1 0
bronivik/internal/bot/export.go:342.2,343.22 2 1
bronivik/internal/bot/export.go:347.33,348.7 1 1
bronivik/internal/bot/export.go:348.7,350.3 1 1
bronivik/internal/bot/export.go:351.2,351.17 1 1
bronivik/internal/bot/manager.go:15.86,16.42 1 1
bronivik/internal/bot/manager.go:16.42,18.3 1 0
bronivik/internal/bot/manager.go:20.2,24.9 4 1
bronivik/internal/bot/manager.go:25.49,26.37 1 1
bronivik/internal/bot/manager.go:28.26,29.37 1 0
bronivik/internal/bot/manager.go:31.68,32.37 1 0
bronivik/internal/bot/manager.go:35.47,36.30 1 0
bronivik/internal/bot/manager.go:38.52,41.22 2 0
bronivik/internal/bot/manager.go:41.22,43.18 2 0
bronivik/internal/bot/manager.go:43.18,45.5 1 0
bronivik/internal/bot/manager.go:48.81,49.54 1 0
bronivik/internal/bot/manager.go:51.82,52.55 1 0
bronivik/internal/bot/manager.go:54.81,55.54 1 0
bronivik/internal/bot/manager.go:57.80,58.53 1 0
bronivik/internal/bot/manager.go:60.78,61.51 1 0
bronivik/internal/bot/manager.go:63.78,64.51 1 0
bronivik/internal/bot/manager.go:66.135,67.46 1 0
bronivik/internal/bot/manager.go:69.108,72.32 3 0
bronivik/internal/bot/manager.go:74.96,76.33 2 0
bronivik/internal/bot/manager.go:78.92,80.33 2 0
bronivik/internal/bot/manager.go:82.44,84.14 2 0
bronivik/internal/bot/manager.go:86.45,88.14 2 0
bronivik/internal/bot/manager.go:90.46,92.14 2 0
bronivik/internal/bot/manager.go:94.48,96.14 2 0
bronivik/internal/bot/manager.go:98.50,100.14 2 0
bronivik/internal/bot/manager.go:102.48,104.14 2 0
bronivik/internal/bot/manager.go:106.50,108.14 2 0
bronivik/internal/bot/manager.go:111.2,111.14 1 1
bronivik/internal/bot/manager.go:115.87,117.21 2 1
bronivik/internal/bot/manager.go:117.21,119.3 1 0
bronivik/internal/bot/manager.go:121.2,124.52 2 1
bronivik/internal/bot/manager.go:124.52,128.3 3 0
bronivik/internal/bot/manager.go:131.2,131.55 1 1
bronivik/internal/bot/manager.go:131.55,135.3 3 0
bronivik/internal/bot/manager.go:138.2,138.46 1 1
bronivik/internal/bot/manager.go:138.46,141.17 3 0
bronivik/internal/bot/manager.go:141.17,143.4 1 0
bronivik/internal/bot/manager.go:144.3,144.14 1 0
bronivik/internal/bot/manager.go:148.2,148.53 1 1
bronivik/internal/bot/manager.go:148.53,151.3 2 0
bronivik/internal/bot/manager.go:154.2,154.35 1 1
bronivik/internal/bot/manager.go:154.35,157.3 2 0
bronivik/internal/bot/manager.go:158.2,158.34 1 1
bronivik/internal/bot/manager.go:158.34,161.3 2 0
bronivik/internal/bot/manager.go:164.2,164.43 1 1
bronivik/internal/bot/manager.go:164.43,167.3 2 0
bronivik/internal/bot/manager.go:170.2,170.46 1 1
bronivik/internal/bot/manager.go:170.46,173.3 2 0
bronivik/internal/bot/manager.go:176.2,176.28 1 1
bronivik/internal/bot/manager.go:176.28,179.3 2 0
bronivik/internal/bot/manager.go:182.2,186.30 4 1
bronivik/internal/bot/manager.go:186.30,187.35 1 1
bronivik/internal/bot/manager.go:187.35,190.18 3 1
bronivik/internal/bot/manager.go:190.18,193.10 3 1
bronivik/internal/bot/manager.go:198.2,198.18 1 1
bronivik/internal/bot/manager.go:198.18,200.3 1 1
bronivik/internal/bot/manager.go:202.2,203.16 2 1
bronivik/internal/bot/manager.go:203.16,206.3 2 0
bronivik/internal/bot/manager.go:208.2,208.16 1 1
bronivik/internal/bot/manager.go:209.18,210.59 1 1
bronivik/internal/bot/manager.go:211.17,212.58 1 0
bronivik/internal/bot/manager.go:213.21,214.62 1 0
bronivik/internal/bot/manager.go:215.22,216.60 1 0
bronivik/internal/bot/manager.go:217.17,218.58 1 0
bronivik/internal/bot/manager.go:219.19,220.60 1 0
bronivik/internal/bot/manager.go:224.2,224.30 1 1
bronivik/internal/bot/manager.go:224.30,228.3 2 1
bronivik/internal/bot/manager.go:230.2,230.13 1 1
bronivik/internal/bot/manager_bookings.go:18.80,19.42 1 1
bronivik/internal/bot/manager_bookings.go:19.42,21.3 1 1
bronivik/internal/bot/manager_bookings.go:23.2,29.23 3 1
bronivik/internal/bot/manager_bookings.go:33.122,39.2 4 1
bronivik/internal/bot/manager_bookings.go:42.123,45.27 2 1
bronivik/internal/bot/manager_bookings.go:45.27,48.3 2 0
bronivik/internal/bot/manager_bookings.go:50.2,54.59 3 1
bronivik/internal/bot/manager_bookings.go:58.96,70.2 1 1
bronivik/internal/bot/manager_bookings.go:73.87,79.16 5 1
bronivik/internal/bot/manager_bookings.go:79.16,82.3 2 1
bronivik/internal/bot/manager_bookings.go:84.2,86.9 2 1
bronivik/internal/bot/manager_bookings.go:86.9,89.3 2 1
bronivik/internal/bot/manager_bookings.go:91.2,92.18 2 1
bronivik/internal/bot/manager_bookings.go:92.18,95.3 2 0
bronivik/internal/bot/manager_bookings.go:97.2,112.57 7 1
bronivik/internal/bot/manager_bookings.go:116.99,119.18 3 1
bronivik/internal/bot/manager_bookings.go:119.18,121.3 1 0
bronivik/internal/bot/manager_bookings.go:123.2,123.26 1 1
bronivik/internal/bot/manager_bookings.go:123.26,133.3 4 1
bronivik/internal/bot/manager_bookings.go:133.8,143.3 4 1
bronivik/internal/bot/manager_bookings.go:145.2,145.57 1 1
bronivik/internal/bot/manager_bookings.go:149.125,151.16 2 1
bronivik/internal/bot/manager_bookings.go:151.16,154.3 2 1
bronivik/internal/bot/manager_bookings.go:157.2,157.67 1 1
bronivik/internal/bot/manager_bookings.go:157.67,160.3 2 0
bronivik/internal/bot/manager_bookings.go:162.2,165.253 3 1
bronivik/internal/bot/manager_bookings.go:169.124,171.16 2 1
bronivik/internal/bot/manager_bookings.go:171.16,174.3 2 0
bronivik/internal/bot/manager_bookings.go:177.2,177.72 1 1
bronivik/internal/bot/manager_bookings.go:177.72,180.3 2 0
bronivik/internal/bot/manager_bookings.go:182.2,185.145 3 1
bronivik/internal/bot/manager_bookings.go:189.122,191.16 2 1
bronivik/internal/bot/manager_bookings.go:191.16,194.3 2 0
bronivik/internal/bot/manager_bookings.go:196.2,199.31 2 1
bronivik/internal/bot/manager_bookings.go:199.31,202.3 2 1
bronivik/internal/bot/manager_bookings.go:205.2,205.70 1 1
bronivik/internal/bot/manager_bookings.go:205.70,208.3 2 0
bronivik/internal/bot/manager_bookings.go:211.2,211.44 1 1
bronivik/internal/bot/manager_bookings.go:211.44,214.3 2 1
bronivik/internal/bot/manager_bookings.go:217.2,218.64 2 1
bronivik/internal/bot/manager_bookings.go:218.64,220.3 1 1
bronivik/internal/bot/manager_bookings.go:222.2,225.183 3 1
bronivik/internal/bot/manager_bookings.go:229.122,235.2 3 1
bronivik/internal/bot/manager_bookings.go:238.116,253.26 13 1
bronivik/internal/bot/manager_bookings.go:253.26,255.3 1 1
bronivik/internal/bot/manager_bookings.go:255.8,260.3 1 1
bronivik/internal/bot/manager_bookings.go:262.2,275.23 6 1
bronivik/internal/bot/manager_bookings.go:279.107,291.29 9 1
bronivik/internal/bot/manager_bookings.go:291.29,294.17 2 1
bronivik/internal/bot/manager_bookings.go:294.17,297.12 3 0
bronivik/internal/bot/manager_bookings.go:300.3,300.17 1 1
bronivik/internal/bot/manager_bookings.go:300.17,302.12 2 0
bronivik/internal/bot/manager_bookings.go:306.3,322.17 4 1
bronivik/internal/bot/manager_bookings.go:322.17,325.4 2 0
bronivik/internal/bot/manager_bookings.go:325.9,328.24 2 1
bronivik/internal/bot/manager_bookings.go:328.24,331.5 2 0
bronivik/internal/bot/manager_bookings.go:336.2,339.30 3 1
bronivik/internal/bot/manager_bookings.go:339.30,341.43 2 1
bronivik/internal/bot/manager_bookings.go:341.43,343.4 1 1
bronivik/internal/bot/manager_bookings.go:344.3,344.28 1 1
bronivik/internal/bot/manager_bookings.go:347.2,347.26 1 1
bronivik/internal/bot/manager_bookings.go:347.26,349.36 2 0
bronivik/internal/bot/manager_bookings.go:349.36,351.4 1 0
bronivik/internal/bot/manager_bookings.go:354.2,359.30 3 1
bronivik/internal/bot/manager_bookings.go:359.30,362.3 1 1
bronivik/internal/bot/manager_bookings.go:365.2,365.31 1 1
bronivik/internal/bot/manager_bookings.go:369.80,370.42 1 1
bronivik/internal/bot/manager_bookings.go:370.42,372.3 1 0
bronivik/internal/bot/manager_bookings.go:374.2,374.62 1 1
bronivik/internal/bot/manager_bookings.go:378.99,384.16 4 1
bronivik/internal/bot/manager_bookings.go:384.16,388.3 3 0
bronivik/internal/bot/manager_bookings.go:390.2,390.24 1 1
bronivik/internal/bot/manager_bookings.go:390.24,393.3 2 1
bronivik/internal/bot/manager_bookings.go:395.2,404.14 1 0
bronivik/internal/bot/manager_bookings.go:408.102,410.27 1 1
bronivik/internal/bot/manager_bookings.go:410.27,413.3 2 0
bronivik/internal/bot/manager_bookings.go:415.2,416.16 2 1
bronivik/internal/bot/manager_bookings.go:416.16,419.3 2 0
bronivik/internal/bot/manager_bookings.go:421.2,421.66 1 1
bronivik/internal/bot/manager_bookings.go:425.98,430.16 3 1
bronivik/internal/bot/manager_bookings.go:430.16,434.3 3 0
bronivik/internal/bot/manager_bookings.go:436.2,437.29 2 1
bronivik/internal/bot/manager_bookings.go:437.29,443.3 2 1
bronivik/internal/bot/manager_bookings.go:445.2,448.23 3 1
bronivik/internal/bot/manager_bookings.go:452.77,454.21 2 1
bronivik/internal/bot/manager_bookings.go:454.21,456.3 1 0
bronivik/internal/bot/manager_bookings.go:458.2,461.84 3 1
bronivik/internal/bot/manager_bookings.go:461.84,463.3 1 0
bronivik/internal/bot/manager_bookings.go:466.2,468.9 2 1
bronivik/internal/bot/manager_bookings.go:468.9,471.3 2 0
bronivik/internal/bot/manager_bookings.go:474.2,475.16 2 1
bronivik/internal/bot/manager_bookings.go:475.16,479.3 3 0
bronivik/internal/bot/manager_bookings.go:482.2,483.16 2 1
bronivik/internal/bot/manager_bookings.go:483.17,485.3 0 0
bronivik/internal/bot/manager_bookings.go:487.2,504.16 6 1
bronivik/internal/bot/manager_bookings.go:504.16,507.3 2 0
bronivik/internal/bot/manager_bookings.go:510.2,510.75 1 1
bronivik/internal/bot/manager_bookings.go:514.100,549.86 5 1
bronivik/internal/bot/manager_bookings.go:549.86,554.3 1 1
bronivik/internal/bot/manager_bookings.go:556.2,556.46 1 1
bronivik/internal/bot/manager_bookings.go:556.46,561.3 1 1
bronivik/internal/bot/manager_bookings.go:563.2,571.19 3 1
bronivik/internal/bot/manager_bookings.go:571.19,574.3 2 1
bronivik/internal/bot/manager_bookings.go:576.2,576.23 1 1
bronivik/internal/bot/manager_bookings.go:580.96,589.16 3 1
bronivik/internal/bot/manager_bookings.go:589.16,590.57 1 0
bronivik/internal/bot/manager_bookings.go:590.57,593.4 2 0
bronivik/internal/bot/manager_bookings.go:594.3,595.9 2 0
bronivik/internal/bot/manager_bookings.go:599.2,604.30 4 1
bronivik/internal/bot/manager_bookings.go:608.98,617.16 3 1
bronivik/internal/bot/manager_bookings.go:617.16,618.57 1 0
bronivik/internal/bot/manager_bookings.go:618.57,621.4 2 0
bronivik/internal/bot/manager_bookings.go:622.3,623.9 2 0
bronivik/internal/bot/manager_bookings.go:627.2,632.30 4 1
bronivik/internal/bot/manager_bookings.go:636.97,645.16 3 1
bronivik/internal/bot/manager_bookings.go:645.16,646.57 1 0
bronivik/internal/bot/manager_bookings.go:646.57,649.4 2 0
bronivik/internal/bot/manager_bookings.go:650.3,651.9 2 0
bronivik/internal/bot/manager_bookings.go:655.2,662.30 4 1
bronivik/internal/bot/manager_bookings.go:666.96,675.16 3 1
bronivik/internal/bot/manager_bookings.go:675.16,676.57 1 0
bronivik/internal/bot/manager_bookings.go:676.57,679.4 2 0
bronivik/internal/bot/manager_bookings.go:680.3,681.9 2 0
bronivik/internal/bot/manager_bookings.go:685.2,690.30 4 1
bronivik/internal/bot/manager_bookings.go:694.100,718.16 7 1
bronivik/internal/bot/manager_bookings.go:718.16,720.3 1 0
bronivik/internal/bot/manager_bookings.go:722.2,723.30 2 1
bronivik/internal/bot/manager_bookings.go:727.54,743.46 2 1
bronivik/internal/bot/manager_bookings.go:743.46,762.3 4 1
bronivik/internal/bot/manager_bookings.go:766.77,768.21 2 1
bronivik/internal/bot/manager_bookings.go:768.21,770.3 1 0
bronivik/internal/bot/manager_bookings.go:773.2,777.16 3 1
bronivik/internal/bot/manager_bookings.go:777.16,782.3 3 0
bronivik/internal/bot/manager_bookings.go:785.2,786.16 2 1
bronivik/internal/bot/manager_bookings.go:786.16,790.3 3 0
bronivik/internal/bot/manager_bookings.go:792.2,792.25 1 1
bronivik/internal/bot/manager_bookings.go:792.25,796.3 3 1
bronivik/internal/bot/manager_bookings.go:799.2,808.27 7 0
bronivik/internal/bot/manager_bookings.go:808.27,810.3 1 0
bronivik/internal/bot/manager_bookings.go:812.2,828.23 6 0
bronivik/internal/bot/manager_items.go:14.81,16.20 2 1
bronivik/internal/bot/manager_items.go:16.20,19.3 2 0
bronivik/internal/bot/manager_items.go:21.2,22.28 2 1
bronivik/internal/bot/manager_items.go:22.28,25.3 2 0
bronivik/internal/bot/manager_items.go:27.2,29.60 3 1
bronivik/internal/bot/manager_items.go:29.60,32.3 2 0
bronivik/internal/bot/manager_items.go:34.2,34.181 1 1
bronivik/internal/bot/manager_items.go:37.82,39.20 2 1
bronivik/internal/bot/manager_items.go:39.20,42.3 2 0
bronivik/internal/bot/manager_items.go:44.2,45.28 2 1
bronivik/internal/bot/manager_items.go:45.28,48.3 2 0
bronivik/internal/bot/manager_items.go:50.2,52.16 3 1
bronivik/internal/bot/manager_items.go:52.16,55.3 2 0
bronivik/internal/bot/manager_items.go:57.2,58.63 2 1
bronivik/internal/bot/manager_items.go:58.63,61.3 2 0
bronivik/internal/bot/manager_items.go:63.2,63.151 1 1
bronivik/internal/bot/manager_items.go:66.83,68.16 2 1
bronivik/internal/bot/manager_items.go:68.16,71.3 2 0
bronivik/internal/bot/manager_items.go:73.2,73.21 1 1
bronivik/internal/bot/manager_items.go:73.21,76.3 2 0
bronivik/internal/bot/manager_items.go:78.2,80.27 3 1
bronivik/internal/bot/manager_items.go:80.27,82.3 1 1
bronivik/internal/bot/manager_items.go:84.2,84.52 1 1
bronivik/internal/bot/manager_items.go:87.85,89.20 2 1
bronivik/internal/bot/manager_items.go:89.20,92.3 2 0
bronivik/internal/bot/manager_items.go:94.2,96.16 3 1
bronivik/internal/bot/manager_items.go:96.16,99.3 2 0
bronivik/internal/bot/manager_items.go:101.2,101.67 1 1
bronivik/internal/bot/manager_items.go:101.67,104.3 2 0
bronivik/internal/bot/manager_items.go:106.2,106.118 1 1
bronivik/internal/bot/manager_items.go:109.86,111.20 2 1
bronivik/internal/bot/manager_items.go:111.20,114.3 2 0
bronivik/internal/bot/manager_items.go:116.2,117.29 2 1
bronivik/internal/bot/manager_items.go:117.29,120.3 2 0
bronivik/internal/bot/manager_items.go:122.2,124.16 3 1
bronivik/internal/bot/manager_items.go:124.16,127.3 2 0
bronivik/internal/bot/manager_items.go:129.2,129.71 1 1
bronivik/internal/bot/manager_items.go:129.71,132.3 2 0
bronivik/internal/bot/manager_items.go:134.2,134.129 1 1
bronivik/internal/bot/manager_items.go:137.95,139.20 2 1
bronivik/internal/bot/manager_items.go:139.20,142.3 2 0
bronivik/internal/bot/manager_items.go:144.2,146.16 3 1
bronivik/internal/bot/manager_items.go:146.16,149.3 2 0
bronivik/internal/bot/manager_items.go:151.2,152.18 2 1
bronivik/internal/bot/manager_items.go:152.18,154.3 1 0
bronivik/internal/bot/manager_items.go:156.2,156.74 1 1
bronivik/internal/bot/manager_items.go:156.74,159.3 2 0
bronivik/internal/bot/manager_items.go:161.2,162.15 2 1
bronivik/internal/bot/manager_items.go:162.15,164.3 1 0
bronivik/internal/bot/manager_items.go:165.2,165.168 1 1
bronivik/internal/bot/manager_items.go:169.70,173.2 3 0
bronivik/internal/bot/manager_stats.go:18.73,19.42 1 1
bronivik/internal/bot/manager_stats.go:19.42,21.3 1 0
bronivik/internal/bot/manager_stats.go:23.2,24.16 2 1
bronivik/internal/bot/manager_stats.go:24.16,28.3 3 0
bronivik/internal/bot/manager_stats.go:30.2,34.32 4 1
bronivik/internal/bot/manager_stats.go:34.32,35.25 1 1
bronivik/internal/bot/manager_stats.go:35.25,37.4 1 1
bronivik/internal/bot/manager_stats.go:41.2,53.27 10 1
bronivik/internal/bot/manager_stats.go:53.27,55.3 1 1
bronivik/internal/bot/manager_stats.go:56.2,56.29 1 1
bronivik/internal/bot/manager_stats.go:56.29,59.21 3 1
bronivik/internal/bot/manager_stats.go:59.21,61.4 1 1
bronivik/internal/bot/manager_stats.go:61.9,61.32 1 1
bronivik/internal/bot/manager_stats.go:61.32,63.4 1 1
bronivik/internal/bot/manager_stats.go:65.3,69.44 1 1
bronivik/internal/bot/manager_stats.go:71.2,87.28 6 1
bronivik/internal/bot/manager_stats.go:87.28,90.3 2 1
bronivik/internal/bot/manager_stats.go:92.2,102.23 5 1
bronivik/internal/bot/manager_stats.go:106.88,108.16 2 1
bronivik/internal/bot/manager_stats.go:108.16,111.3 2 0
bronivik/internal/bot/manager_stats.go:113.2,113.24 1 1
bronivik/internal/bot/manager_stats.go:113.24,115.3 1 1
bronivik/internal/bot/manager_stats.go:117.2,120.30 3 0
bronivik/internal/bot/manager_stats.go:120.30,123.3 2 0
bronivik/internal/bot/manager_stats.go:125.2,127.33 3 0
bronivik/internal/bot/manager_stats.go:127.33,128.34 1 0
bronivik/internal/bot/manager_stats.go:128.34,130.4 1 0
bronivik/internal/bot/manager_stats.go:133.2,138.33 3 0
bronivik/internal/bot/manager_stats.go:138.33,140.3 1 0
bronivik/internal/bot/manager_stats.go:141.2,141.40 1 0
bronivik/internal/bot/manager_stats.go:141.40,142.39 1 0
bronivik/internal/bot/manager_stats.go:142.39,144.4 1 0
bronivik/internal/bot/manager_stats.go:145.3,145.41 1 0
bronivik/internal/bot/manager_stats.go:147.2,147.20 1 0
bronivik/internal/bot/manager_stats.go:147.20,149.3 1 0
bronivik/internal/bot/manager_stats.go:150.2,151.27 2 0
bronivik/internal/bot/manager_stats.go:151.27,153.3 1 0
bronivik/internal/bot/manager_stats.go:155.2,159.3 1 0
bronivik/internal/bot/manager_stats.go:163.78,165.55 2 1
bronivik/internal/bot/manager_stats.go:165.55,167.3 1 0
bronivik/internal/bot/manager_stats.go:169.2,170.16 2 1
bronivik/internal/bot/manager_stats.go:170.16,174.3 3 0
bronivik/internal/bot/manager_stats.go:177.2,178.23 2 1
bronivik/internal/bot/manager_stats.go:178.23,180.3 1 1
bronivik/internal/bot/manager_stats.go:182.2,183.16 2 1
bronivik/internal/bot/manager_stats.go:183.16,187.3 3 0
bronivik/internal/bot/manager_stats.go:190.2,191.16 2 1
bronivik/internal/bot/manager_stats.go:191.16,195.3 3 0
bronivik/internal/bot/manager_stats.go:196.2,207.16 6 1
bronivik/internal/bot/manager_stats.go:207.16,211.3 3 0
bronivik/internal/bot/manager_stats.go:213.2,213.123 1 1
bronivik/internal/bot/manager_sync.go:11.57,12.28 1 1
bronivik/internal/bot/manager_sync.go:12.28,15.3 2 0
bronivik/internal/bot/manager_sync.go:18.2,28.16 5 1
bronivik/internal/bot/manager_sync.go:28.16,31.3 2 0
bronivik/internal/bot/manager_sync.go:34.2,35.41 2 1
bronivik/internal/bot/manager_sync.go:35.41,37.3 1 0
bronivik/internal/bot/manager_sync.go:38.2,45.44 3 1
bronivik/internal/bot/manager_sync.go:45.44,47.36 2 0
bronivik/internal/bot/manager_sync.go:47.36,62.4 1 0
bronivik/internal/bot/manager_sync.go:63.3,63.45 1 0
bronivik/internal/bot/manager_sync.go:67.2,69.16 3 1
bronivik/internal/bot/manager_sync.go:69.16,72.3 2 0
bronivik/internal/bot/manager_sync.go:73.2,73.29 1 1
bronivik/internal/bot/manager_sync.go:73.29,79.3 1 1
bronivik/internal/bot/manager_sync.go:81.2,85.16 3 1
bronivik/internal/bot/manager_sync.go:85.16,87.3 1 0
bronivik/internal/bot/manager_sync.go:87.8,89.3 1 1
bronivik/internal/bot/metrics.go:23.28,76.2 1 1
bronivik/internal/bot/metrics.go:79.56,80.22 1 1
bronivik/internal/bot/metrics.go:80.22,82.3 1 1
bronivik/internal/bot/metrics.go:84.2,90.6 4 0
bronivik/internal/bot/metrics.go:90.6,91.10 1 0
bronivik/internal/bot/metrics.go:92.21,93.10 1 0
bronivik/internal/bot/metrics.go:94.19,95.29 1 0
bronivik/internal/bot/metrics.go:100.55,103.16 2 1
bronivik/internal/bot/metrics.go:103.16,105.3 1 1
bronivik/internal/bot/middleware.go:8.44,9.15 1 1
bronivik/internal/bot/middleware.go:9.15,10.31 1 1
bronivik/internal/bot/middleware.go:10.31,11.24 1 1
bronivik/internal/bot/middleware.go:11.24,13.5 1 0
bronivik/internal/bot/middleware.go:14.4,14.88 1 1
bronivik/internal/bot/middleware.go:17.2,17.11 1 1
bronivik/internal/bot/middleware.go:20.43,21.17 1 1
bronivik/internal/bot/middleware.go:21.17,23.3 1 0
bronivik/internal/bot/middleware.go:25.2,25.12 1 1
bronivik/internal/bot/middleware.go:25.12,28.71 3 1
bronivik/internal/bot/middleware.go:28.71,30.4 1 0
bronivik/internal/bot/pagination.go:26.175,27.23 1 1
bronivik/internal/bot/pagination.go:27.23,29.3 1 1
bronivik/internal/bot/pagination.go:30.2,30.23 1 1
bronivik/internal/bot/pagination.go:30.23,32.3 1 1
bronivik/internal/bot/pagination.go:34.2,36.25 3 1
bronivik/internal/bot/pagination.go:36.25,38.3 1 1
bronivik/internal/bot/pagination.go:40.2,41.49 2 1
bronivik/internal/bot/pagination.go:41.49,45.3 3 0
bronivik/internal/bot/pagination.go:47.2,51.20 4 1
bronivik/internal/bot/pagination.go:51.20,53.3 1 0
bronivik/internal/bot/pagination.go:54.2,58.21 3 1
bronivik/internal/bot/pagination.go:58.21,60.3 1 0
bronivik/internal/bot/pagination.go:61.2,61.25 1 1
bronivik/internal/bot/pagination.go:61.25,63.3 1 0
bronivik/internal/bot/pagination.go:64.2,64.25 1 1
bronivik/internal/bot/pagination.go:64.25,66.3 1 0
bronivik/internal/bot/pagination.go:68.2,68.31 1 1
bronivik/internal/bot/pagination.go:68.31,72.3 1 1
bronivik/internal/bot/pagination.go:74.2,76.27 2 1
bronivik/internal/bot/pagination.go:76.27,85.3 3 0
bronivik/internal/bot/pagination.go:85.8,90.3 4 1
bronivik/internal/bot/pagination.go:94.61,96.16 2 1
bronivik/internal/bot/pagination.go:96.16,100.3 3 0
bronivik/internal/bot/pagination.go:102.2,102.144 1 1
bronivik/internal/bot/pagination.go:102.144,107.37 4 1
bronivik/internal/bot/pagination.go:107.37,109.30 2 1
bronivik/internal/bot/pagination.go:109.30,111.5 1 0
bronivik/internal/bot/pagination.go:112.4,112.27 1 1
bronivik/internal/bot/pagination.go:112.27,114.5 1 1
bronivik/internal/bot/pagination.go:115.4,121.69 3 1
bronivik/internal/bot/pagination.go:124.3,124.36 1 1
bronivik/internal/bot/pagination.go:129.91,131.18 2 1
bronivik/internal/bot/pagination.go:131.18,133.3 1 0
bronivik/internal/bot/pagination.go:134.2,134.128 1 1
bronivik/internal/bot/pagination.go:134.128,139.43 4 1
bronivik/internal/bot/pagination.go:139.43,141.26 2 1
bronivik/internal/bot/pagination.go:142.32,143.24 1 1
bronivik/internal/bot/pagination.go:144.32,145.24 1 0
bronivik/internal/bot/pagination.go:146.30,147.25 1 0
bronivik/internal/bot/pagination.go:148.32,149.25 1 0
bronivik/internal/bot/pagination.go:152.4,162.69 7 1
bronivik/internal/bot/pagination.go:165.3,165.36 1 1
bronivik/internal/bot/reminder.go:14.51,15.36 1 1
bronivik/internal/bot/reminder.go:15.36,17.3 1 0
bronivik/internal/bot/reminder.go:19.2,19.12 1 1
bronivik/internal/bot/reminder.go:19.12,22.38 2 1
bronivik/internal/bot/reminder.go:22.38,25.4 2 1
bronivik/internal/bot/reminder.go:28.3,32.7 4 1
bronivik/internal/bot/reminder.go:32.7,33.11 1 1
bronivik/internal/bot/reminder.go:34.22,35.11 1 1
bronivik/internal/bot/reminder.go:36.19,38.32 2 0
bronivik/internal/bot/reminder.go:44.58,49.16 4 1
bronivik/internal/bot/reminder.go:49.16,52.3 2 0
bronivik/internal/bot/reminder.go:54.2,54.35 1 1
bronivik/internal/bot/reminder.go:54.35,55.42 1 1
bronivik/internal/bot/reminder.go:55.42,56.12 1 0
bronivik/internal/bot/reminder.go:59.3,60.17 2 1
bronivik/internal/bot/reminder.go:60.17,62.12 2 0
bronivik/internal/bot/reminder.go:64.3,64.27 1 1
bronivik/internal/bot/reminder.go:64.27,65.12 1 0
bronivik/internal/bot/reminder.go:68.3,70.50 3 1
bronivik/internal/bot/reminder.go:70.50,72.4 1 0
bronivik/internal/bot/reminder.go:76.45,77.16 1 1
bronivik/internal/bot/reminder.go:78.74,79.14 1 1
bronivik/internal/bot/reminder.go:80.10,81.15 1 0
bronivik/internal/bot/reminder.go:85.53,88.2 2 1
bronivik/internal/bot/reminder.go:90.48,93.22 3 1
bronivik/internal/bot/reminder.go:93.22,95.3 1 0
bronivik/internal/bot/reminder.go:96.2,96.22 1 1
bronivik/internal/bot/stop.go:4.22,5.36 1 1
bronivik/internal/bot/stop.go:5.36,7.3 1 0
bronivik/internal/bot/stop.go:8.2,8.36 1 1
bronivik/internal/bot/sync.go:11.57,12.28 1 1
bronivik/internal/bot/sync.go:12.28,15.3 2 0
bronivik/internal/bot/sync.go:18.2,22.16 4 1
bronivik/internal/bot/sync.go:22.16,25.3 2 0
bronivik/internal/bot/sync.go:27.2,31.26 3 1
bronivik/internal/bot/sync.go:31.26,47.3 2 1
bronivik/internal/bot/sync.go:50.2,51.16 2 1
bronivik/internal/bot/sync.go:51.16,53.3 1 0
bronivik/internal/bot/sync.go:53.8,55.3 1 1
bronivik/internal/bot/sync.go:58.2,58.29 1 1
bronivik/internal/bot/user_handlers.go:14.74,19.22 4 1
bronivik/internal/bot/user_handlers.go:19.22,21.35 2 0
bronivik/internal/bot/user_handlers.go:21.35,23.4 1 0
bronivik/internal/bot/user_handlers.go:26.2,32.29 2 1
bronivik/internal/bot/user_handlers.go:32.29,34.3 1 1
bronivik/internal/bot/user_handlers.go:36.2,36.25 1 1
bronivik/internal/bot/user_handlers.go:36.25,38.14 2 1
bronivik/internal/bot/user_handlers.go:38.14,40.4 1 0
bronivik/internal/bot/user_handlers.go:43.2,46.63 2 1
bronivik/internal/bot/user_handlers.go:46.63,49.3 2 1
bronivik/internal/bot/user_handlers.go:51.2,51.9 1 1
bronivik/internal/bot/user_handlers.go:52.101,54.45 2 1
bronivik/internal/bot/user_handlers.go:56.60,57.37 1 1
bronivik/internal/bot/user_handlers.go:59.42,60.34 1 1
bronivik/internal/bot/user_handlers.go:62.45,63.36 1 0
bronivik/internal/bot/user_handlers.go:65.64,66.36 1 1
bronivik/internal/bot/user_handlers.go:68.50,69.34 1 1
bronivik/internal/bot/user_handlers.go:71.34,74.55 2 0
bronivik/internal/bot/user_handlers.go:74.55,76.4 1 0
bronivik/internal/bot/user_handlers.go:76.9,80.4 2 0
bronivik/internal/bot/user_handlers.go:82.46,85.55 2 0
bronivik/internal/bot/user_handlers.go:85.55,87.4 1 0
bronivik/internal/bot/user_handlers.go:87.9,90.4 2 0
bronivik/internal/bot/user_handlers.go:92.68,93.36 1 0
bronivik/internal/bot/user_handlers.go:95.79,97.55 2 0
bronivik/internal/bot/user_handlers.go:97.55,100.4 2 0
bronivik/internal/bot/user_handlers.go:102.66,105.36 3 1
bronivik/internal/bot/user_handlers.go:107.68,108.43 1 1
bronivik/internal/bot/user_handlers.go:110.76,111.47 1 0
bronivik/internal/bot/user_handlers.go:113.68,114.46 1 1
bronivik/internal/bot/user_handlers.go:116.10,117.42 1 1
bronivik/internal/bot/user_handlers.go:121.88,133.16 3 1
bronivik/internal/bot/user_handlers.go:133.16,135.3 1 1
bronivik/internal/bot/user_handlers.go:137.2,137.31 1 1
bronivik/internal/bot/user_handlers.go:140.48,144.16 4 1
bronivik/internal/bot/user_handlers.go:144.16,146.3 1 1
bronivik/internal/bot/user_handlers.go:149.59,153.16 4 1
bronivik/internal/bot/user_handlers.go:153.16,155.3 1 1
bronivik/internal/bot/utils.go:18.109,19.21 1 1
bronivik/internal/bot/utils.go:19.21,21.3 1 1
bronivik/internal/bot/utils.go:23.2,24.16 2 1
bronivik/internal/bot/utils.go:24.16,26.3 1 0
bronivik/internal/bot/utils.go:29.81,31.16 2 1
bronivik/internal/bot/utils.go:31.16,34.3 2 0
bronivik/internal/bot/utils.go:35.2,35.14 1 1
bronivik/internal/bot/utils.go:38.65,40.16 2 1
bronivik/internal/bot/utils.go:40.16,42.3 1 0
bronivik/internal/bot/utils.go:45.48,47.2 1 1
bronivik/internal/bot/utils.go:49.44,51.2 1 1
bronivik/internal/bot/utils.go:53.57,55.31 2 1
bronivik/internal/bot/utils.go:55.31,57.3 1 1
bronivik/internal/bot/utils.go:58.2,58.20 1 1
bronivik/internal/bot/utils.go:61.54,64.2 2 1
bronivik/internal/bot/utils.go:67.75,72.27 3 1
bronivik/internal/bot/utils.go:72.27,75.3 2 1
bronivik/internal/bot/utils.go:75.8,75.40 1 1
bronivik/internal/bot/utils.go:75.40,78.3 2 1
bronivik/internal/bot/utils.go:78.8,81.3 2 0
bronivik/internal/bot/utils.go:83.2,91.26 4 1
bronivik/internal/bot/utils.go:91.26,104.3 3 1
bronivik/internal/bot/utils.go:107.2,107.25 1 1
bronivik/internal/bot/utils.go:107.25,118.3 3 1
bronivik/internal/bot/utils.go:120.2,123.23 3 1
bronivik/internal/bot/utils.go:127.80,131.35 4 1
bronivik/internal/bot/utils.go:131.35,133.3 1 0
bronivik/internal/bot/utils.go:134.2,137.23 3 1
bronivik/internal/bot/utils.go:141.77,143.16 2 1
bronivik/internal/bot/utils.go:143.16,147.3 3 0
bronivik/internal/bot/utils.go:149.2,152.35 3 1
bronivik/internal/bot/utils.go:152.35,154.25 2 0
bronivik/internal/bot/utils.go:155.20,156.23 1 0
bronivik/internal/bot/utils.go:157.20,158.23 1 0
bronivik/internal/bot/utils.go:159.18,160.24 1 0
bronivik/internal/bot/utils.go:161.20,162.24 1 0
bronivik/internal/bot/utils.go:165.3,168.83 4 0
bronivik/internal/bot/utils.go:171.2,171.24 1 1
bronivik/internal/bot/utils.go:171.24,173.3 1 1
bronivik/internal/bot/utils.go:175.2,175.57 1 1
bronivik/internal/bot/utils.go:179.78,202.2 8 1
bronivik/internal/bot/utils.go:205.79,229.2 6 1
bronivik/internal/bot/utils.go:232.76,234.18 2 1
bronivik/internal/bot/utils.go:234.18,238.3 3 0
bronivik/internal/bot/utils.go:241.2,245.9 5 1
bronivik/internal/bot/utils.go:245.9,248.3 1 1
bronivik/internal/bot/utils.go:251.2,253.9 2 1
bronivik/internal/bot/utils.go:253.9,257.3 3 0
bronivik/internal/bot/utils.go:260.2,275.16 4 1
bronivik/internal/bot/utils.go:275.16,278.87 3 0
bronivik/internal/bot/utils.go:278.87,280.4 1 0
bronivik/internal/bot/utils.go:281.3,281.9 1 0
bronivik/internal/bot/utils.go:285.2,285.22 1 1
bronivik/internal/bot/utils.go:285.22,288.3 2 0
bronivik/internal/bot/utils.go:291.2,299.23 5 1
bronivik/internal/bot/utils.go:303.82,305.18 2 1
bronivik/internal/bot/utils.go:305.18,308.3 2 0
bronivik/internal/bot/utils.go:310.2,310.50 1 1
bronivik/internal/bot/utils.go:310.50,312.3 1 1
bronivik/internal/bot/utils.go:316.79,326.2 3 1
bronivik/internal/bot/utils.go:329.97,341.2 1 1
bronivik/internal/bot/utils.go:343.77,349.27 4 1
bronivik/internal/bot/utils.go:349.27,353.3 2 1
bronivik/internal/bot/utils.go:353.8,353.40 1 0
bronivik/internal/bot/utils.go:353.40,362.3 5 0
bronivik/internal/bot/utils.go:362.8,365.3 2 0
bronivik/internal/bot/utils.go:368.2,376.44 3 1
bronivik/internal/bot/utils.go:380.89,392.2 1 1
bronivik/internal/bot/utils.go:395.79,397.16 2 1
bronivik/internal/bot/utils.go:397.16,401.3 3 0
bronivik/internal/bot/utils.go:402.2,405.29 3 1
bronivik/internal/bot/utils.go:405.29,409.3 3 1
bronivik/internal/bot/utils.go:411.2,422.23 6 1
bronivik/internal/bot/utils.go:426.85,428.54 2 1
bronivik/internal/bot/utils.go:428.54,431.3 2 0
bronivik/internal/bot/utils.go:433.2,435.9 3 1
bronivik/internal/bot/utils.go:435.9,438.3 2 0
bronivik/internal/bot/utils.go:439.2,442.16 3 1
bronivik/internal/bot/utils.go:442.16,446.3 3 0
bronivik/internal/bot/utils.go:448.2,456.37 7 1
bronivik/internal/bot/utils.go:456.37,458.27 2 1
bronivik/internal/bot/utils.go:458.27,460.4 1 0
bronivik/internal/bot/utils.go:462.3,463.40 1 1
bronivik/internal/bot/utils.go:465.2,478.23 8 1
bronivik/internal/bot/utils.go:482.100,484.54 2 1
bronivik/internal/bot/utils.go:484.54,487.3 2 0
bronivik/internal/bot/utils.go:489.2,491.9 3 1
bronivik/internal/bot/utils.go:491.9,494.3 2 0
bronivik/internal/bot/utils.go:496.2,497.16 2 1
bronivik/internal/bot/utils.go:497.16,502.3 3 0
bronivik/internal/bot/utils.go:504.2,505.16 2 1
bronivik/internal/bot/utils.go:505.16,509.3 3 0
bronivik/internal/bot/utils.go:511.2,512.16 2 1
bronivik/internal/bot/utils.go:512.16,514.3 1 0
bronivik/internal/bot/utils.go:516.2,526.23 5 1
bronivik/internal/bot/utils.go:530.80,536.2 3 0
bronivik/internal/bot/utils.go:539.103,540.18 1 1
bronivik/internal/bot/utils.go:540.18,544.3 3 1
bronivik/internal/bot/utils.go:546.2,550.32 3 1
bronivik/internal/bot/utils.go:550.32,555.3 4 1
bronivik/internal/bot/utils.go:557.2,557.33 1 1
bronivik/internal/bot/utils.go:557.33,558.28 1 1
bronivik/internal/bot/utils.go:559.30,561.10 2 1
bronivik/internal/bot/utils.go:562.32,564.10 2 1
bronivik/internal/bot/utils.go:565.32,567.10 2 1
bronivik/internal/bot/utils.go:571.2,571.27 1 0
bronivik/internal/bot/utils.go:572.10,574.32 2 0
bronivik/internal/bot/utils.go:579.50,581.22 1 1
bronivik/internal/bot/utils.go:581.22,583.3 1 0
bronivik/internal/bot/utils.go:585.2,594.51 2 1
bronivik/internal/bot/utils.go:598.117,602.16 3 1
bronivik/internal/bot/utils.go:602.16,607.3 3 0
bronivik/internal/bot/utils.go:610.2,610.67 1 1
bronivik/internal/bot/utils.go:610.67,613.3 2 0
bronivik/internal/bot/utils.go:615.2,618.9 3 1
bronivik/internal/bot/utils.go:618.9,622.3 3 0
bronivik/internal/bot/utils.go:625.2,626.16 2 1
bronivik/internal/bot/utils.go:626.16,632.3 4 0
bronivik/internal/bot/utils.go:634.2,634.16 1 1
bronivik/internal/bot/utils.go:634.16,639.3 3 0
bronivik/internal/bot/utils.go:642.2,649.34 5 1
bronivik/internal/bot/utils.go:653.113,655.18 2 1
bronivik/internal/bot/utils.go:655.18,659.3 3 1
bronivik/internal/bot/utils.go:661.2,661.39 1 1
bronivik/internal/bot/utils.go:661.39,662.50 1 1
bronivik/internal/bot/utils.go:662.50,667.4 3 0
bronivik/internal/bot/utils.go:670.2,670.13 1 1
bronivik/internal/bot/utils.go:674.77,676.18 2 1
bronivik/internal/bot/utils.go:676.18,682.3 1 1
bronivik/internal/bot/utils.go:682.8,684.3 1 0
bronivik/internal/bot/utils.go:688.94,692.62 2 1
bronivik/internal/bot/utils.go:692.62,694.3 1 0
bronivik/internal/bot/utils.go:696.2,700.27 3 1
bronivik/internal/bot/utils.go:700.27,703.3 2 0
bronivik/internal/bot/utils.go:706.2,712.9 4 1
bronivik/internal/bot/utils.go:712.9,716.3 3 0
bronivik/internal/bot/utils.go:718.2,729.30 7 1
bronivik/internal/bot/utils.go:729.30,735.3 4 0
bronivik/internal/bot/utils.go:737.2,738.9 2 1
bronivik/internal/bot/utils.go:738.9,740.3 1 1
bronivik/internal/bot/utils.go:742.2,765.32 3 1
bronivik/internal/bot/utils.go:769.51,772.29 2 1
bronivik/internal/bot/utils.go:772.29,773.33 1 1
bronivik/internal/bot/utils.go:773.33,775.4 1 1
bronivik/internal/bot/utils.go:779.2,779.24 1 1
bronivik/internal/bot/utils.go:779.24,780.24 1 1
bronivik/internal/bot/utils.go:780.24,782.4 1 1
bronivik/internal/bot/utils.go:782.9,782.31 1 1
bronivik/internal/bot/utils.go:782.31,784.4 1 1
bronivik/internal/bot/utils.go:785.8,785.31 1 1
bronivik/internal/bot/utils.go:785.31,787.3 1 1
bronivik/internal/bot/utils.go:789.2,789.11 1 1
bronivik/internal/bot/utils.go:793.58,796.29 2 1
bronivik/internal/bot/utils.go:796.29,797.33 1 1
bronivik/internal/bot/utils.go:797.33,799.4 1 1
bronivik/internal/bot/utils.go:803.2,803.45 1 1
bronivik/internal/bot/utils.go:803.45,807.3 1 1
bronivik/internal/bot/utils.go:807.8,807.31 1 1
bronivik/internal/bot/utils.go:807.31,811.3 1 1
bronivik/internal/bot/utils.go:814.2,814.14 1 1
