mode: set
bronivik/internal/database/backup.go:24.102,30.2 1 1
bronivik/internal/database/backup.go:32.52,33.23 1 1
bronivik/internal/database/backup.go:33.23,36.3 2 1
bronivik/internal/database/backup.go:38.2,41.29 3 0
bronivik/internal/database/backup.go:41.29,42.66 1 0
bronivik/internal/database/backup.go:42.66,44.4 1 0
bronivik/internal/database/backup.go:44.9,46.4 1 0
bronivik/internal/database/backup.go:49.2,53.42 3 0
bronivik/internal/database/backup.go:53.42,55.3 1 0
bronivik/internal/database/backup.go:57.2,57.6 1 0
bronivik/internal/database/backup.go:57.6,58.10 1 0
bronivik/internal/database/backup.go:59.21,60.10 1 0
bronivik/internal/database/backup.go:61.19,62.44 1 0
bronivik/internal/database/backup.go:62.44,64.5 1 0
bronivik/internal/database/backup.go:65.4,65.25 1 0
bronivik/internal/database/backup.go:70.47,71.65 1 1
bronivik/internal/database/backup.go:71.65,72.65 1 1
bronivik/internal/database/backup.go:72.65,74.4 1 0
bronivik/internal/database/backup.go:77.2,84.16 6 1
bronivik/internal/database/backup.go:84.16,86.3 1 0
bronivik/internal/database/backup.go:87.2,91.16 3 1
bronivik/internal/database/backup.go:91.16,94.3 2 0
bronivik/internal/database/backup.go:96.2,97.12 2 1
bronivik/internal/database/backup.go:100.72,102.16 2 0
bronivik/internal/database/backup.go:102.16,104.3 1 0
bronivik/internal/database/backup.go:105.2,108.16 3 0
bronivik/internal/database/backup.go:108.16,110.3 1 0
bronivik/internal/database/backup.go:111.2,115.16 3 0
bronivik/internal/database/backup.go:115.16,117.3 1 0
bronivik/internal/database/backup.go:119.2,120.12 2 0
bronivik/internal/database/backup.go:123.45,124.33 1 1
bronivik/internal/database/backup.go:124.33,126.3 1 0
bronivik/internal/database/backup.go:128.2,129.16 2 1
bronivik/internal/database/backup.go:129.16,132.3 2 0
bronivik/internal/database/backup.go:134.2,136.29 2 1
bronivik/internal/database/backup.go:136.29,137.19 1 1
bronivik/internal/database/backup.go:137.19,138.12 1 0
bronivik/internal/database/backup.go:141.3,142.17 2 1
bronivik/internal/database/backup.go:142.17,143.12 1 0
bronivik/internal/database/backup.go:146.3,146.36 1 1
bronivik/internal/database/backup.go:146.36,149.4 2 1
bronivik/internal/database/bookings.go:11.98,13.16 2 1
bronivik/internal/database/bookings.go:13.16,15.3 1 0
bronivik/internal/database/bookings.go:17.2,20.9 4 1
bronivik/internal/database/bookings.go:20.9,22.3 1 0
bronivik/internal/database/bookings.go:24.2,24.51 1 1
bronivik/internal/database/bookings.go:27.94,31.16 4 1
bronivik/internal/database/bookings.go:31.16,33.3 1 0
bronivik/internal/database/bookings.go:34.2,34.19 1 1
bronivik/internal/database/bookings.go:37.81,55.16 4 1
bronivik/internal/database/bookings.go:55.16,57.3 1 0
bronivik/internal/database/bookings.go:59.2,60.16 2 1
bronivik/internal/database/bookings.go:60.16,62.3 1 0
bronivik/internal/database/bookings.go:63.2,68.12 5 1
bronivik/internal/database/bookings.go:71.89,73.16 2 1
bronivik/internal/database/bookings.go:73.16,75.3 1 0
bronivik/internal/database/bookings.go:76.2,82.16 5 1
bronivik/internal/database/bookings.go:82.16,84.3 1 0
bronivik/internal/database/bookings.go:86.2,89.9 4 1
bronivik/internal/database/bookings.go:89.9,91.3 1 0
bronivik/internal/database/bookings.go:93.2,93.44 1 1
bronivik/internal/database/bookings.go:93.44,95.3 1 1
bronivik/internal/database/bookings.go:98.2,115.16 4 1
bronivik/internal/database/bookings.go:115.16,117.3 1 0
bronivik/internal/database/bookings.go:119.2,120.16 2 1
bronivik/internal/database/bookings.go:120.16,122.3 1 0
bronivik/internal/database/bookings.go:123.2,128.20 5 1
bronivik/internal/database/bookings.go:131.96,135.2 3 0
bronivik/internal/database/bookings.go:137.82,147.16 5 1
bronivik/internal/database/bookings.go:147.16,149.3 1 0
bronivik/internal/database/bookings.go:151.2,152.22 2 1
bronivik/internal/database/bookings.go:155.87,159.2 3 0
bronivik/internal/database/bookings.go:161.117,164.16 3 1
bronivik/internal/database/bookings.go:164.16,166.3 1 0
bronivik/internal/database/bookings.go:167.2,168.15 2 1
bronivik/internal/database/bookings.go:168.15,170.3 1 1
bronivik/internal/database/bookings.go:171.2,171.12 1 1
bronivik/internal/database/bookings.go:174.115,178.16 3 1
bronivik/internal/database/bookings.go:178.16,180.3 1 0
bronivik/internal/database/bookings.go:181.2,184.18 3 1
bronivik/internal/database/bookings.go:184.18,192.17 4 1
bronivik/internal/database/bookings.go:192.17,194.4 1 0
bronivik/internal/database/bookings.go:195.3,196.33 2 1
bronivik/internal/database/bookings.go:198.2,198.22 1 1
bronivik/internal/database/bookings.go:201.137,211.16 4 1
bronivik/internal/database/bookings.go:211.16,213.3 1 0
bronivik/internal/database/bookings.go:214.2,217.18 3 1
bronivik/internal/database/bookings.go:217.18,220.53 3 1
bronivik/internal/database/bookings.go:220.53,222.4 1 0
bronivik/internal/database/bookings.go:223.3,223.32 1 1
bronivik/internal/database/bookings.go:226.2,231.28 5 1
bronivik/internal/database/bookings.go:231.28,237.20 5 1
bronivik/internal/database/bookings.go:237.20,239.4 1 0
bronivik/internal/database/bookings.go:241.3,246.5 1 1
bronivik/internal/database/bookings.go:248.2,248.26 1 1
bronivik/internal/database/bookings.go:251.101,255.2 3 0
bronivik/internal/database/bookings.go:257.131,260.16 3 0
bronivik/internal/database/bookings.go:260.16,262.3 1 0
bronivik/internal/database/bookings.go:263.2,264.15 2 0
bronivik/internal/database/bookings.go:264.15,266.3 1 0
bronivik/internal/database/bookings.go:267.2,267.12 1 0
bronivik/internal/database/bookings.go:270.148,273.16 3 0
bronivik/internal/database/bookings.go:273.16,275.3 1 0
bronivik/internal/database/bookings.go:276.2,277.15 2 0
bronivik/internal/database/bookings.go:277.15,279.3 1 0
bronivik/internal/database/bookings.go:280.2,280.12 1 0
bronivik/internal/database/bookings.go:283.92,289.16 4 0
bronivik/internal/database/bookings.go:289.16,291.3 1 0
bronivik/internal/database/bookings.go:292.2,295.18 3 0
bronivik/internal/database/bookings.go:295.18,303.17 4 0
bronivik/internal/database/bookings.go:303.17,305.4 1 0
bronivik/internal/database/bookings.go:306.3,307.33 2 0
bronivik/internal/database/bookings.go:309.2,309.22 1 0
bronivik/internal/database/bookings.go:312.128,314.16 2 0
bronivik/internal/database/bookings.go:314.16,316.3 1 0
bronivik/internal/database/bookings.go:318.2,319.16 2 0
bronivik/internal/database/bookings.go:319.16,321.3 1 0
bronivik/internal/database/bookings.go:323.2,323.32 1 0
bronivik/internal/database/bookings.go:326.120,328.16 2 0
bronivik/internal/database/bookings.go:328.16,330.3 1 0
bronivik/internal/database/bookings.go:332.2,333.29 2 0
bronivik/internal/database/bookings.go:333.29,336.3 2 0
bronivik/internal/database/bookings.go:337.2,337.19 1 0
bronivik/internal/database/database.go:37.62,40.47 2 1
bronivik/internal/database/database.go:40.47,42.3 1 0
bronivik/internal/database/database.go:45.2,47.16 3 1
bronivik/internal/database/database.go:47.16,49.3 1 0
bronivik/internal/database/database.go:52.2,57.34 4 1
bronivik/internal/database/database.go:57.34,59.3 1 0
bronivik/internal/database/database.go:61.2,68.48 2 1
bronivik/internal/database/database.go:68.48,70.3 1 0
bronivik/internal/database/database.go:73.2,73.65 1 1
bronivik/internal/database/database.go:73.65,76.3 1 0
bronivik/internal/database/database.go:78.2,79.22 2 1
bronivik/internal/database/database.go:82.36,166.32 2 1
bronivik/internal/database/database.go:166.32,167.43 1 1
bronivik/internal/database/database.go:167.43,169.4 1 0
bronivik/internal/database/database.go:172.2,172.56 1 1
bronivik/internal/database/database.go:172.56,174.3 1 0
bronivik/internal/database/database.go:175.2,175.12 1 1
bronivik/internal/database/database.go:178.50,180.16 2 1
bronivik/internal/database/database.go:180.16,182.73 1 1
bronivik/internal/database/database.go:182.73,184.4 1 1
bronivik/internal/database/database.go:185.3,185.61 1 0
bronivik/internal/database/database.go:187.2,187.12 1 0
bronivik/internal/database/database.go:190.29,192.2 1 1
bronivik/internal/database/items.go:13.52,16.16 3 1
bronivik/internal/database/items.go:16.16,18.3 1 0
bronivik/internal/database/items.go:19.2,25.18 5 1
bronivik/internal/database/items.go:25.18,27.164 2 1
bronivik/internal/database/items.go:27.164,29.4 1 0
bronivik/internal/database/items.go:30.3,30.32 1 1
bronivik/internal/database/items.go:32.2,33.12 2 1
bronivik/internal/database/items.go:36.79,37.38 1 1
bronivik/internal/database/items.go:37.38,41.27 3 1
bronivik/internal/database/items.go:41.27,44.52 2 1
bronivik/internal/database/items.go:44.52,46.5 1 0
bronivik/internal/database/items.go:47.9,47.24 1 1
bronivik/internal/database/items.go:47.24,49.4 1 0
bronivik/internal/database/items.go:54.2,54.26 1 1
bronivik/internal/database/items.go:57.45,61.29 4 0
bronivik/internal/database/items.go:61.29,63.3 1 0
bronivik/internal/database/items.go:64.2,64.27 1 0
bronivik/internal/database/items.go:67.50,72.13 4 1
bronivik/internal/database/items.go:72.13,74.3 1 0
bronivik/internal/database/items.go:77.69,80.37 3 1
bronivik/internal/database/items.go:80.37,81.24 1 1
bronivik/internal/database/items.go:81.24,83.4 1 1
bronivik/internal/database/items.go:85.2,85.19 1 0
bronivik/internal/database/items.go:88.72,101.16 4 1
bronivik/internal/database/items.go:101.16,103.3 1 0
bronivik/internal/database/items.go:105.2,106.16 2 1
bronivik/internal/database/items.go:106.16,108.3 1 0
bronivik/internal/database/items.go:109.2,118.12 7 1
bronivik/internal/database/items.go:121.80,126.8 5 1
bronivik/internal/database/items.go:126.8,128.3 1 1
bronivik/internal/database/items.go:130.2,135.16 4 0
bronivik/internal/database/items.go:135.16,137.3 1 0
bronivik/internal/database/items.go:140.2,144.21 4 0
bronivik/internal/database/items.go:147.85,150.50 2 1
bronivik/internal/database/items.go:150.50,152.3 1 1
bronivik/internal/database/items.go:154.2,159.16 4 0
bronivik/internal/database/items.go:159.16,161.3 1 0
bronivik/internal/database/items.go:164.2,168.19 4 0
bronivik/internal/database/items.go:171.129,173.16 2 0
bronivik/internal/database/items.go:173.16,175.3 1 0
bronivik/internal/database/items.go:177.2,178.16 2 0
bronivik/internal/database/items.go:178.16,180.3 1 0
bronivik/internal/database/items.go:182.2,188.8 1 0
bronivik/internal/database/items.go:191.74,197.37 5 1
bronivik/internal/database/items.go:197.37,198.20 1 1
bronivik/internal/database/items.go:198.20,200.4 1 1
bronivik/internal/database/items.go:204.2,204.40 1 1
bronivik/internal/database/items.go:204.40,205.47 1 1
bronivik/internal/database/items.go:205.47,207.4 1 1
bronivik/internal/database/items.go:208.3,208.35 1 1
bronivik/internal/database/items.go:211.2,211.19 1 1
bronivik/internal/database/items.go:214.72,218.16 4 1
bronivik/internal/database/items.go:218.16,220.3 1 0
bronivik/internal/database/items.go:221.2,225.12 5 1
bronivik/internal/database/items.go:228.67,232.16 4 1
bronivik/internal/database/items.go:232.16,234.3 1 0
bronivik/internal/database/items.go:236.2,237.39 2 1
bronivik/internal/database/items.go:237.39,241.3 3 1
bronivik/internal/database/items.go:242.2,243.12 2 1
bronivik/internal/database/items.go:246.80,250.16 4 1
bronivik/internal/database/items.go:250.16,252.3 1 0
bronivik/internal/database/items.go:254.2,255.39 2 1
bronivik/internal/database/items.go:255.39,259.3 3 1
bronivik/internal/database/items.go:260.2,261.12 2 1
bronivik/internal/database/items.go:264.40,268.37 4 0
bronivik/internal/database/items.go:268.37,270.3 1 0
bronivik/internal/database/items.go:271.2,271.14 1 0
bronivik/internal/database/sync_queue.go:11.80,25.16 4 1
bronivik/internal/database/sync_queue.go:25.16,27.3 1 0
bronivik/internal/database/sync_queue.go:29.2,30.16 2 1
bronivik/internal/database/sync_queue.go:30.16,32.3 1 0
bronivik/internal/database/sync_queue.go:33.2,36.12 3 1
bronivik/internal/database/sync_queue.go:39.94,45.16 3 1
bronivik/internal/database/sync_queue.go:45.16,47.3 1 0
bronivik/internal/database/sync_queue.go:48.2,51.18 3 1
bronivik/internal/database/sync_queue.go:51.18,56.17 3 1
bronivik/internal/database/sync_queue.go:56.17,58.4 1 0
bronivik/internal/database/sync_queue.go:59.3,59.27 1 1
bronivik/internal/database/sync_queue.go:61.2,61.19 1 1
bronivik/internal/database/sync_queue.go:64.127,69.16 4 1
bronivik/internal/database/sync_queue.go:70.15,72.56 2 1
bronivik/internal/database/sync_queue.go:73.29,75.62 2 1
bronivik/internal/database/sync_queue.go:76.10,78.56 2 0
bronivik/internal/database/sync_queue.go:81.2,82.16 2 1
bronivik/internal/database/sync_queue.go:82.16,84.3 1 0
bronivik/internal/database/sync_queue.go:85.2,85.12 1 1
bronivik/internal/database/sync_queue.go:88.82,92.16 3 1
bronivik/internal/database/sync_queue.go:92.16,94.3 1 0
bronivik/internal/database/sync_queue.go:95.2,98.18 3 1
bronivik/internal/database/sync_queue.go:98.18,103.17 3 1
bronivik/internal/database/sync_queue.go:103.17,105.4 1 0
bronivik/internal/database/sync_queue.go:106.3,106.27 1 1
bronivik/internal/database/sync_queue.go:108.2,108.19 1 1
bronivik/internal/database/users.go:11.80,35.16 4 1
bronivik/internal/database/users.go:35.16,37.3 1 0
bronivik/internal/database/users.go:38.2,38.12 1 1
bronivik/internal/database/users.go:41.96,49.16 4 1
bronivik/internal/database/users.go:49.16,51.3 1 0
bronivik/internal/database/users.go:52.2,52.19 1 1
bronivik/internal/database/users.go:55.80,63.16 4 0
bronivik/internal/database/users.go:63.16,65.3 1 0
bronivik/internal/database/users.go:66.2,66.19 1 0
bronivik/internal/database/users.go:69.90,73.2 3 1
bronivik/internal/database/users.go:75.79,80.2 4 1
bronivik/internal/database/users.go:82.71,86.16 3 1
bronivik/internal/database/users.go:86.16,88.3 1 0
bronivik/internal/database/users.go:89.2,92.18 3 1
bronivik/internal/database/users.go:92.18,98.17 3 1
bronivik/internal/database/users.go:98.17,100.4 1 0
bronivik/internal/database/users.go:101.3,101.27 1 1
bronivik/internal/database/users.go:103.2,103.19 1 1
bronivik/internal/database/users.go:106.99,110.16 3 1
bronivik/internal/database/users.go:110.16,112.3 1 0
bronivik/internal/database/users.go:113.2,116.18 3 1
bronivik/internal/database/users.go:116.18,122.17 3 1
bronivik/internal/database/users.go:122.17,124.4 1 0
bronivik/internal/database/users.go:125.3,125.27 1 1
bronivik/internal/database/users.go:127.2,127.19 1 1
bronivik/internal/database/users.go:130.84,135.16 4 0
bronivik/internal/database/users.go:135.16,137.3 1 0
bronivik/internal/database/users.go:138.2,141.18 3 0
bronivik/internal/database/users.go:141.18,147.17 3 0
bronivik/internal/database/users.go:147.17,149.4 1 0
bronivik/internal/database/users.go:150.3,150.27 1 0
bronivik/internal/database/users.go:152.2,152.19 1 0
