mode: set
bronivik/internal/database/backup.go:24.102,30.2 1 1
bronivik/internal/database/backup.go:32.52,33.23 1 1
bronivik/internal/database/backup.go:33.23,36.3 2 1
bronivik/internal/database/backup.go:38.2,41.29 3 0
bronivik/internal/database/backup.go:41.29,42.66 1 0
bronivik/internal/database/backup.go:42.66,44.4 1 0
bronivik/internal/database/backup.go:44.9,46.4 1 0
bronivik/internal/database/backup.go:49.2,53.42 3 0
bronivik/internal/database/backup.go:53.42,55.3 1 0
bronivik/internal/database/backup.go:57.2,57.6 1 0
bronivik/internal/database/backup.go:57.6,58.10 1 0
bronivik/internal/database/backup.go:59.21,60.10 1 0
bronivik/internal/database/backup.go:61.19,62.44 1 0
bronivik/internal/database/backup.go:62.44,64.5 1 0
bronivik/internal/database/backup.go:65.4,65.25 1 0
bronivik/internal/database/backup.go:70.47,71.65 1 1
bronivik/internal/database/backup.go:71.65,72.65 1 1
bronivik/internal/database/backup.go:72.65,74.4 1 0
bronivik/internal/database/backup.go:77.2,84.16 6 1
bronivik/internal/database/backup.go:84.16,86.3 1 0
bronivik/internal/database/backup.go:87.2,91.16 3 1
bronivik/internal/database/backup.go:91.16,94.3 2 0
bronivik/internal/database/backup.go:96.2,97.12 2 1
bronivik/internal/database/backup.go:100.72,102.16 2 0
bronivik/internal/database/backup.go:102.16,104.3 1 0
bronivik/internal/database/backup.go:105.2,108.16 3 0
bronivik/internal/database/backup.go:108.16,110.3 1 0
bronivik/internal/database/backup.go:111.2,115.16 3 0
bronivik/internal/database/backup.go:115.16,117.3 1 0
bronivik/internal/database/backup.go:119.2,120.12 2 0
bronivik/internal/database/backup.go:123.45,124.33 1 1
bronivik/internal/database/backup.go:124.33,126.3 1 0
bronivik/internal/database/backup.go:128.2,129.16 2 1
bronivik/internal/database/backup.go:129.16,132.3 2 0
bronivik/internal/database/backup.go:134.2,136.29 2 1
bronivik/internal/database/backup.go:136.29,137.19 1 1
bronivik/internal/database/backup.go:137.19,138.12 1 0
bronivik/internal/database/backup.go:141.3,142.17 2 1
bronivik/internal/database/backup.go:142.17,143.12 1 0
bronivik/internal/database/backup.go:146.3,146.36 1 1
bronivik/internal/database/backup.go:146.36,149.4 2 1
bronivik/internal/database/bookings.go:11.98,13.16 2 1
bronivik/internal/database/bookings.go:13.16,15.3 1 0
bronivik/internal/database/bookings.go:17.2,20.9 4 1
bronivik/internal/database/bookings.go:20.9,22.3 1 0
bronivik/internal/database/bookings.go:24.2,24.51 1 1
bronivik/internal/database/bookings.go:27.94,31.16 4 1
bronivik/internal/database/bookings.go:31.16,33.3 1 0
bronivik/internal/database/bookings.go:34.2,34.19 1 1
bronivik/internal/database/bookings.go:37.81,55.16 4 1
bronivik/internal/database/bookings.go:55.16,57.3 1 0
bronivik/internal/database/bookings.go:59.2,60.16 2 1
bronivik/internal/database/bookings.go:60.16,62.3 1 0
bronivik/internal/database/bookings.go:63.2,68.12 5 1
bronivik/internal/database/bookings.go:71.89,73.16 2 1
bronivik/internal/database/bookings.go:73.16,75.3 1 0
bronivik/internal/database/bookings.go:76.2,82.16 5 1
bronivik/internal/database/bookings.go:82.16,84.3 1 0
bronivik/internal/database/bookings.go:86.2,89.9 4 1
bronivik/internal/database/bookings.go:89.9,91.3 1 0
bronivik/internal/database/bookings.go:93.2,93.44 1 1
bronivik/internal/database/bookings.go:93.44,95.3 1 1
bronivik/internal/database/bookings.go:98.2,115.16 4 1
bronivik/internal/database/bookings.go:115.16,117.3 1 0
bronivik/internal/database/bookings.go:119.2,120.16 2 1
bronivik/internal/database/bookings.go:120.16,122.3 1 0
bronivik/internal/database/bookings.go:123.2,128.20 5 1
bronivik/internal/database/bookings.go:131.96,135.2 3 1
bronivik/internal/database/bookings.go:137.82,147.16 5 1
bronivik/internal/database/bookings.go:147.16,149.3 1 0
bronivik/internal/database/bookings.go:151.2,152.16 2 1
bronivik/internal/database/bookings.go:152.16,154.3 1 0
bronivik/internal/database/bookings.go:155.2,155.22 1 1
bronivik/internal/database/bookings.go:158.87,162.2 3 1
bronivik/internal/database/bookings.go:164.117,167.16 3 1
bronivik/internal/database/bookings.go:167.16,169.3 1 0
bronivik/internal/database/bookings.go:170.2,171.15 2 1
bronivik/internal/database/bookings.go:171.15,173.3 1 1
bronivik/internal/database/bookings.go:174.2,174.12 1 1
bronivik/internal/database/bookings.go:177.115,181.16 3 1
bronivik/internal/database/bookings.go:181.16,183.3 1 0
bronivik/internal/database/bookings.go:184.2,187.18 3 1
bronivik/internal/database/bookings.go:187.18,195.17 4 1
bronivik/internal/database/bookings.go:195.17,197.4 1 0
bronivik/internal/database/bookings.go:198.3,199.33 2 1
bronivik/internal/database/bookings.go:201.2,201.22 1 1
bronivik/internal/database/bookings.go:204.137,214.16 4 1
bronivik/internal/database/bookings.go:214.16,216.3 1 0
bronivik/internal/database/bookings.go:217.2,220.18 3 1
bronivik/internal/database/bookings.go:220.18,223.53 3 1
bronivik/internal/database/bookings.go:223.53,225.4 1 0
bronivik/internal/database/bookings.go:226.3,226.32 1 1
bronivik/internal/database/bookings.go:229.2,234.28 5 1
bronivik/internal/database/bookings.go:234.28,240.20 5 1
bronivik/internal/database/bookings.go:240.20,242.4 1 0
bronivik/internal/database/bookings.go:244.3,249.5 1 1
bronivik/internal/database/bookings.go:251.2,251.26 1 1
bronivik/internal/database/bookings.go:254.101,258.2 3 1
bronivik/internal/database/bookings.go:260.131,263.16 3 1
bronivik/internal/database/bookings.go:263.16,265.3 1 0
bronivik/internal/database/bookings.go:266.2,267.15 2 1
bronivik/internal/database/bookings.go:267.15,269.3 1 1
bronivik/internal/database/bookings.go:270.2,270.12 1 1
bronivik/internal/database/bookings.go:273.148,276.16 3 1
bronivik/internal/database/bookings.go:276.16,278.3 1 0
bronivik/internal/database/bookings.go:279.2,280.15 2 1
bronivik/internal/database/bookings.go:280.15,282.3 1 0
bronivik/internal/database/bookings.go:283.2,283.12 1 1
bronivik/internal/database/bookings.go:286.92,292.16 4 1
bronivik/internal/database/bookings.go:292.16,294.3 1 0
bronivik/internal/database/bookings.go:295.2,298.18 3 1
bronivik/internal/database/bookings.go:298.18,306.17 4 1
bronivik/internal/database/bookings.go:306.17,308.4 1 0
bronivik/internal/database/bookings.go:309.3,310.17 2 1
bronivik/internal/database/bookings.go:310.17,312.4 1 0
bronivik/internal/database/bookings.go:313.3,313.33 1 1
bronivik/internal/database/bookings.go:315.2,315.22 1 1
bronivik/internal/database/bookings.go:318.128,320.16 2 1
bronivik/internal/database/bookings.go:320.16,322.3 1 0
bronivik/internal/database/bookings.go:324.2,325.16 2 1
bronivik/internal/database/bookings.go:325.16,327.3 1 0
bronivik/internal/database/bookings.go:329.2,329.32 1 1
bronivik/internal/database/bookings.go:332.120,334.16 2 1
bronivik/internal/database/bookings.go:334.16,336.3 1 0
bronivik/internal/database/bookings.go:338.2,339.29 2 1
bronivik/internal/database/bookings.go:339.29,342.3 2 1
bronivik/internal/database/bookings.go:343.2,343.19 1 1
bronivik/internal/database/database.go:37.62,40.47 2 1
bronivik/internal/database/database.go:40.47,42.3 1 0
bronivik/internal/database/database.go:45.2,47.16 3 1
bronivik/internal/database/database.go:47.16,49.3 1 0
bronivik/internal/database/database.go:52.2,57.34 4 1
bronivik/internal/database/database.go:57.34,59.3 1 0
bronivik/internal/database/database.go:61.2,68.48 2 1
bronivik/internal/database/database.go:68.48,70.3 1 0
bronivik/internal/database/database.go:73.2,73.65 1 1
bronivik/internal/database/database.go:73.65,76.3 1 0
bronivik/internal/database/database.go:78.2,79.22 2 1
bronivik/internal/database/database.go:82.36,166.32 2 1
bronivik/internal/database/database.go:166.32,167.43 1 1
bronivik/internal/database/database.go:167.43,169.4 1 0
bronivik/internal/database/database.go:172.2,172.56 1 1
bronivik/internal/database/database.go:172.56,174.3 1 0
bronivik/internal/database/database.go:175.2,175.12 1 1
bronivik/internal/database/database.go:178.50,180.16 2 1
bronivik/internal/database/database.go:180.16,182.73 1 1
bronivik/internal/database/database.go:182.73,184.4 1 1
bronivik/internal/database/database.go:185.3,185.61 1 0
bronivik/internal/database/database.go:187.2,187.12 1 0
bronivik/internal/database/database.go:190.29,192.2 1 1
bronivik/internal/database/items.go:13.52,16.16 3 1
bronivik/internal/database/items.go:16.16,18.3 1 0
bronivik/internal/database/items.go:19.2,25.18 5 1
bronivik/internal/database/items.go:25.18,27.164 2 1
bronivik/internal/database/items.go:27.164,29.4 1 0
bronivik/internal/database/items.go:30.3,30.32 1 1
bronivik/internal/database/items.go:32.2,33.12 2 1
bronivik/internal/database/items.go:36.79,37.38 1 1
bronivik/internal/database/items.go:37.38,41.27 3 1
bronivik/internal/database/items.go:41.27,44.52 2 1
bronivik/internal/database/items.go:44.52,46.5 1 0
bronivik/internal/database/items.go:47.9,47.24 1 1
bronivik/internal/database/items.go:47.24,49.4 1 0
bronivik/internal/database/items.go:54.2,54.26 1 1
bronivik/internal/database/items.go:57.45,61.29 4 1
bronivik/internal/database/items.go:61.29,63.3 1 1
bronivik/internal/database/items.go:64.2,64.27 1 1
bronivik/internal/database/items.go:67.50,72.13 4 1
bronivik/internal/database/items.go:72.13,74.3 1 0
bronivik/internal/database/items.go:77.69,80.37 3 1
bronivik/internal/database/items.go:80.37,81.24 1 1
bronivik/internal/database/items.go:81.24,83.4 1 1
bronivik/internal/database/items.go:85.2,85.19 1 0
bronivik/internal/database/items.go:88.72,101.16 4 1
bronivik/internal/database/items.go:101.16,103.3 1 0
bronivik/internal/database/items.go:105.2,106.16 2 1
bronivik/internal/database/items.go:106.16,108.3 1 0
bronivik/internal/database/items.go:109.2,118.12 7 1
bronivik/internal/database/items.go:121.80,126.8 5 1
bronivik/internal/database/items.go:126.8,128.3 1 1
bronivik/internal/database/items.go:130.2,135.16 4 0
bronivik/internal/database/items.go:135.16,137.3 1 0
bronivik/internal/database/items.go:140.2,144.21 4 0
bronivik/internal/database/items.go:147.85,150.50 2 1
bronivik/internal/database/items.go:150.50,152.3 1 1
bronivik/internal/database/items.go:154.2,159.16 4 0
bronivik/internal/database/items.go:159.16,161.3 1 0
bronivik/internal/database/items.go:164.2,168.19 4 0
bronivik/internal/database/items.go:171.129,173.16 2 1
bronivik/internal/database/items.go:173.16,175.3 1 0
bronivik/internal/database/items.go:177.2,178.16 2 1
bronivik/internal/database/items.go:178.16,180.3 1 0
bronivik/internal/database/items.go:182.2,188.8 1 1
bronivik/internal/database/items.go:191.74,197.37 5 1
bronivik/internal/database/items.go:197.37,198.20 1 1
bronivik/internal/database/items.go:198.20,200.4 1 1
bronivik/internal/database/items.go:204.2,204.40 1 1
bronivik/internal/database/items.go:204.40,205.47 1 1
bronivik/internal/database/items.go:205.47,207.4 1 1
bronivik/internal/database/items.go:208.3,208.35 1 1
bronivik/internal/database/items.go:211.2,211.19 1 1
bronivik/internal/database/items.go:214.72,218.16 4 1
bronivik/internal/database/items.go:218.16,220.3 1 0
bronivik/internal/database/items.go:221.2,225.12 5 1
bronivik/internal/database/items.go:228.67,232.16 4 1
bronivik/internal/database/items.go:232.16,234.3 1 0
bronivik/internal/database/items.go:236.2,237.39 2 1
bronivik/internal/database/items.go:237.39,241.3 3 1
bronivik/internal/database/items.go:242.2,243.12 2 1
bronivik/internal/database/items.go:246.80,250.16 4 1
bronivik/internal/database/items.go:250.16,252.3 1 0
bronivik/internal/database/items.go:254.2,255.39 2 1
bronivik/internal/database/items.go:255.39,259.3 3 1
bronivik/internal/database/items.go:260.2,261.12 2 1
bronivik/internal/database/items.go:264.40,268.37 4 1
bronivik/internal/database/items.go:268.37,270.3 1 1
bronivik/internal/database/items.go:271.2,271.14 1 1
bronivik/internal/database/sync_queue.go:11.80,25.16 4 1
bronivik/internal/database/sync_queue.go:25.16,27.3 1 0
bronivik/internal/database/sync_queue.go:29.2,30.16 2 1
bronivik/internal/database/sync_queue.go:30.16,32.3 1 0
bronivik/internal/database/sync_queue.go:33.2,36.12 3 1
bronivik/internal/database/sync_queue.go:39.94,45.16 3 1
bronivik/internal/database/sync_queue.go:45.16,47.3 1 0
bronivik/internal/database/sync_queue.go:48.2,51.18 3 1
bronivik/internal/database/sync_queue.go:51.18,56.17 3 1
bronivik/internal/database/sync_queue.go:56.17,58.4 1 0
bronivik/internal/database/sync_queue.go:59.3,59.27 1 1
bronivik/internal/database/sync_queue.go:61.2,61.19 1 1
bronivik/internal/database/sync_queue.go:64.127,69.16 4 1
bronivik/internal/database/sync_queue.go:70.15,72.56 2 1
bronivik/internal/database/sync_queue.go:73.29,75.62 2 1
bronivik/internal/database/sync_queue.go:76.10,78.56 2 0
bronivik/internal/database/sync_queue.go:81.2,82.16 2 1
bronivik/internal/database/sync_queue.go:82.16,84.3 1 0
bronivik/internal/database/sync_queue.go:85.2,85.12 1 1
bronivik/internal/database/sync_queue.go:88.82,92.16 3 1
bronivik/internal/database/sync_queue.go:92.16,94.3 1 0
bronivik/internal/database/sync_queue.go:95.2,98.18 3 1
bronivik/internal/database/sync_queue.go:98.18,103.17 3 1
bronivik/internal/database/sync_queue.go:103.17,105.4 1 0
bronivik/internal/database/sync_queue.go:106.3,106.27 1 1
bronivik/internal/database/sync_queue.go:108.2,108.19 1 1
bronivik/internal/database/users.go:11.80,22.27 3 1
bronivik/internal/database/users.go:22.27,24.3 1 0
bronivik/internal/database/users.go:25.2,39.16 3 1
bronivik/internal/database/users.go:39.16,41.3 1 0
bronivik/internal/database/users.go:42.2,42.12 1 1
bronivik/internal/database/users.go:45.96,53.16 4 1
bronivik/internal/database/users.go:53.16,55.3 1 0
bronivik/internal/database/users.go:56.2,56.19 1 1
bronivik/internal/database/users.go:59.80,67.16 4 1
bronivik/internal/database/users.go:67.16,69.3 1 0
bronivik/internal/database/users.go:70.2,70.19 1 1
bronivik/internal/database/users.go:73.90,77.2 3 1
bronivik/internal/database/users.go:79.79,84.2 4 1
bronivik/internal/database/users.go:86.71,90.16 3 1
bronivik/internal/database/users.go:90.16,92.3 1 0
bronivik/internal/database/users.go:93.2,96.18 3 1
bronivik/internal/database/users.go:96.18,102.17 3 1
bronivik/internal/database/users.go:102.17,104.4 1 0
bronivik/internal/database/users.go:105.3,105.27 1 1
bronivik/internal/database/users.go:107.2,107.19 1 1
bronivik/internal/database/users.go:110.99,114.16 3 1
bronivik/internal/database/users.go:114.16,116.3 1 0
bronivik/internal/database/users.go:117.2,120.18 3 1
bronivik/internal/database/users.go:120.18,126.17 3 1
bronivik/internal/database/users.go:126.17,128.4 1 0
bronivik/internal/database/users.go:129.3,129.27 1 1
bronivik/internal/database/users.go:131.2,131.19 1 1
bronivik/internal/database/users.go:134.84,139.16 4 1
bronivik/internal/database/users.go:139.16,141.3 1 0
bronivik/internal/database/users.go:142.2,145.18 3 1
bronivik/internal/database/users.go:145.18,151.17 3 1
bronivik/internal/database/users.go:151.17,153.4 1 0
bronivik/internal/database/users.go:154.3,154.27 1 1
bronivik/internal/database/users.go:156.2,156.19 1 1
