mode: set
bronivik/internal/repository/failover.go:22.124,28.2 1 1
bronivik/internal/repository/failover.go:30.50,33.2 0 1
bronivik/internal/repository/failover.go:35.106,36.22 1 1
bronivik/internal/repository/failover.go:36.22,38.17 2 1
bronivik/internal/repository/failover.go:38.17,40.4 1 1
bronivik/internal/repository/failover.go:41.3,43.27 3 1
bronivik/internal/repository/failover.go:47.2,47.62 1 1
bronivik/internal/repository/failover.go:47.62,49.17 2 1
bronivik/internal/repository/failover.go:49.17,52.4 2 1
bronivik/internal/repository/failover.go:53.3,53.27 1 1
bronivik/internal/repository/failover.go:56.2,56.41 1 1
bronivik/internal/repository/failover.go:59.96,60.22 1 1
bronivik/internal/repository/failover.go:60.22,62.17 2 1
bronivik/internal/repository/failover.go:62.17,64.4 1 1
bronivik/internal/repository/failover.go:65.3,67.27 3 1
bronivik/internal/repository/failover.go:70.2,70.40 1 1
bronivik/internal/repository/failover.go:73.87,74.22 1 1
bronivik/internal/repository/failover.go:74.22,76.17 2 1
bronivik/internal/repository/failover.go:76.17,78.4 1 1
bronivik/internal/repository/failover.go:79.3,81.27 3 1
bronivik/internal/repository/failover.go:84.2,84.43 1 1
bronivik/internal/repository/failover.go:87.132,88.22 1 1
bronivik/internal/repository/failover.go:88.22,90.17 2 1
bronivik/internal/repository/failover.go:90.17,92.4 1 1
bronivik/internal/repository/failover.go:93.3,95.27 3 1
bronivik/internal/repository/failover.go:98.2,98.62 1 1
bronivik/internal/repository/memory.go:17.73,21.2 1 1
bronivik/internal/repository/memory.go:23.104,25.9 2 1
bronivik/internal/repository/memory.go:25.9,27.3 1 1
bronivik/internal/repository/memory.go:28.2,28.37 1 1
bronivik/internal/repository/memory.go:31.94,34.2 2 1
bronivik/internal/repository/memory.go:36.85,39.2 2 1
bronivik/internal/repository/memory.go:46.130,51.9 4 1
bronivik/internal/repository/memory.go:51.9,56.3 1 1
bronivik/internal/repository/memory.go:56.8,58.33 2 1
bronivik/internal/repository/memory.go:58.33,61.4 2 1
bronivik/internal/repository/memory.go:61.9,63.4 1 1
bronivik/internal/repository/memory.go:66.2,67.34 2 1
bronivik/internal/repository/redis.go:21.59,32.2 3 1
bronivik/internal/repository/redis.go:34.93,39.2 1 1
bronivik/internal/repository/redis.go:41.103,42.21 1 1
bronivik/internal/repository/redis.go:42.21,44.3 1 1
bronivik/internal/repository/redis.go:45.2,47.22 3 1
bronivik/internal/repository/redis.go:47.22,49.3 1 1
bronivik/internal/repository/redis.go:50.2,50.16 1 1
bronivik/internal/repository/redis.go:50.16,52.3 1 1
bronivik/internal/repository/redis.go:54.2,55.60 2 1
bronivik/internal/repository/redis.go:55.60,57.3 1 1
bronivik/internal/repository/redis.go:59.2,59.20 1 1
bronivik/internal/repository/redis.go:62.93,63.21 1 1
bronivik/internal/repository/redis.go:63.21,65.3 1 1
bronivik/internal/repository/redis.go:66.2,68.16 3 1
bronivik/internal/repository/redis.go:68.16,70.3 1 1
bronivik/internal/repository/redis.go:72.2,72.66 1 1
bronivik/internal/repository/redis.go:72.66,74.3 1 1
bronivik/internal/repository/redis.go:76.2,76.12 1 1
bronivik/internal/repository/redis.go:79.84,80.21 1 1
bronivik/internal/repository/redis.go:80.21,82.3 1 1
bronivik/internal/repository/redis.go:83.2,84.53 2 1
bronivik/internal/repository/redis.go:84.53,86.3 1 1
bronivik/internal/repository/redis.go:87.2,87.12 1 1
bronivik/internal/repository/redis.go:90.129,91.21 1 1
bronivik/internal/repository/redis.go:91.21,93.3 1 1
bronivik/internal/repository/redis.go:94.2,96.16 3 1
bronivik/internal/repository/redis.go:96.16,98.3 1 1
bronivik/internal/repository/redis.go:100.2,100.16 1 1
bronivik/internal/repository/redis.go:100.16,102.3 1 1
bronivik/internal/repository/redis.go:104.2,104.35 1 1
bronivik/internal/repository/redis.go:108.60,110.16 2 1
bronivik/internal/repository/redis.go:110.16,112.3 1 1
bronivik/internal/repository/redis.go:113.2,113.12 1 1
bronivik/internal/repository/redis.go:117.40,118.19 1 1
bronivik/internal/repository/redis.go:118.19,120.3 1 1
bronivik/internal/repository/redis.go:121.2,121.12 1 1
