mode: set
bronivik/bronivik_crm/cmd/bot/main.go:62.13,68.22 4 0
bronivik/bronivik_crm/cmd/bot/main.go:68.22,70.3 1 0
bronivik/bronivik_crm/cmd/bot/main.go:72.2,73.16 2 0
bronivik/bronivik_crm/cmd/bot/main.go:73.16,75.3 1 0
bronivik/bronivik_crm/cmd/bot/main.go:78.2,81.51 3 0
bronivik/bronivik_crm/cmd/bot/main.go:81.51,83.3 1 0
bronivik/bronivik_crm/cmd/bot/main.go:84.2,84.83 1 0
bronivik/bronivik_crm/cmd/bot/main.go:84.83,86.3 1 0
bronivik/bronivik_crm/cmd/bot/main.go:87.2,87.29 1 0
bronivik/bronivik_crm/cmd/bot/main.go:87.29,89.3 1 0
bronivik/bronivik_crm/cmd/bot/main.go:90.2,90.76 1 0
bronivik/bronivik_crm/cmd/bot/main.go:90.76,92.3 1 0
bronivik/bronivik_crm/cmd/bot/main.go:94.2,95.16 2 0
bronivik/bronivik_crm/cmd/bot/main.go:95.16,97.3 1 0
bronivik/bronivik_crm/cmd/bot/main.go:98.2,102.60 4 0
bronivik/bronivik_crm/cmd/bot/main.go:102.60,105.3 2 0
bronivik/bronivik_crm/cmd/bot/main.go:107.2,109.16 3 0
bronivik/bronivik_crm/cmd/bot/main.go:109.16,111.3 1 0
bronivik/bronivik_crm/cmd/bot/main.go:113.2,116.41 3 0
bronivik/bronivik_crm/cmd/bot/main.go:116.41,118.3 1 0
bronivik/bronivik_crm/cmd/bot/main.go:119.2,121.38 2 0
bronivik/bronivik_crm/cmd/bot/main.go:121.38,122.41 1 0
bronivik/bronivik_crm/cmd/bot/main.go:122.41,124.4 1 0
bronivik/bronivik_crm/cmd/bot/main.go:125.3,126.69 2 0
bronivik/bronivik_crm/cmd/bot/main.go:129.2,130.14 2 0
bronivik/bronivik_crm/cmd/bot/main.go:133.54,135.39 2 0
bronivik/bronivik_crm/cmd/bot/main.go:135.39,137.3 1 0
bronivik/bronivik_crm/cmd/bot/main.go:138.2,139.36 2 0
bronivik/bronivik_crm/cmd/bot/main.go:139.36,141.3 1 0
bronivik/bronivik_crm/cmd/bot/main.go:142.2,142.121 1 0
bronivik/bronivik_crm/cmd/bot/main.go:145.115,147.74 2 0
bronivik/bronivik_crm/cmd/bot/main.go:147.74,150.3 2 0
bronivik/bronivik_crm/cmd/bot/main.go:151.2,151.73 1 0
bronivik/bronivik_crm/cmd/bot/main.go:151.73,154.49 3 0
bronivik/bronivik_crm/cmd/bot/main.go:154.49,157.4 2 0
bronivik/bronivik_crm/cmd/bot/main.go:158.3,158.17 1 0
bronivik/bronivik_crm/cmd/bot/main.go:158.17,159.50 1 0
bronivik/bronivik_crm/cmd/bot/main.go:159.50,162.5 2 0
bronivik/bronivik_crm/cmd/bot/main.go:164.3,165.34 2 0
bronivik/bronivik_crm/cmd/bot/main.go:168.2,169.12 2 0
bronivik/bronivik_crm/cmd/bot/main.go:169.12,174.3 4 0
bronivik/bronivik_crm/cmd/bot/main.go:175.2,175.76 1 0
bronivik/bronivik_crm/cmd/bot/main.go:175.76,177.3 1 0
bronivik/bronivik_crm/cmd/bot/main.go:180.80,185.12 4 0
bronivik/bronivik_crm/cmd/bot/main.go:185.12,190.3 4 0
bronivik/bronivik_crm/cmd/bot/main.go:191.2,191.76 1 0
bronivik/bronivik_crm/cmd/bot/main.go:191.76,193.3 1 0
bronivik/bronivik_crm/internal/api/client.go:39.74,46.2 1 0
bronivik/bronivik_crm/internal/api/client.go:49.86,52.2 2 0
bronivik/bronivik_crm/internal/api/client.go:55.117,60.42 4 0
bronivik/bronivik_crm/internal/api/client.go:60.42,62.6 1 0
bronivik/bronivik_crm/internal/api/client.go:64.5,64.57 1 0
bronivik/bronivik_crm/internal/api/client.go:64.57,66.6 1 0
bronivik/bronivik_crm/internal/api/client.go:67.5,68.22 2 0
bronivik/bronivik_crm/internal/api/client.go:81.125,85.64 4 0
bronivik/bronivik_crm/internal/api/client.go:85.64,87.6 1 0
bronivik/bronivik_crm/internal/api/client.go:88.5,88.22 1 0
bronivik/bronivik_crm/internal/api/client.go:92.73,99.42 4 0
bronivik/bronivik_crm/internal/api/client.go:99.42,101.6 1 0
bronivik/bronivik_crm/internal/api/client.go:103.5,103.57 1 0
bronivik/bronivik_crm/internal/api/client.go:103.57,105.6 1 0
bronivik/bronivik_crm/internal/api/client.go:106.5,107.27 2 0
bronivik/bronivik_crm/internal/api/client.go:110.83,111.42 1 0
bronivik/bronivik_crm/internal/api/client.go:111.42,113.6 1 0
bronivik/bronivik_crm/internal/api/client.go:114.5,115.19 2 0
bronivik/bronivik_crm/internal/api/client.go:115.19,117.6 1 0
bronivik/bronivik_crm/internal/api/client.go:118.5,118.60 1 0
bronivik/bronivik_crm/internal/api/client.go:118.60,120.6 1 0
bronivik/bronivik_crm/internal/api/client.go:121.5,121.16 1 0
bronivik/bronivik_crm/internal/api/client.go:124.79,125.42 1 0
bronivik/bronivik_crm/internal/api/client.go:125.42,127.6 1 0
bronivik/bronivik_crm/internal/api/client.go:128.5,129.19 2 0
bronivik/bronivik_crm/internal/api/client.go:129.19,131.6 1 0
bronivik/bronivik_crm/internal/api/client.go:132.5,132.54 1 0
bronivik/bronivik_crm/internal/api/client.go:135.85,137.19 2 0
bronivik/bronivik_crm/internal/api/client.go:137.19,139.6 1 0
bronivik/bronivik_crm/internal/api/client.go:140.5,141.26 2 0
bronivik/bronivik_crm/internal/api/client.go:144.96,146.19 2 0
bronivik/bronivik_crm/internal/api/client.go:146.19,148.6 1 0
bronivik/bronivik_crm/internal/api/client.go:149.5,150.19 2 0
bronivik/bronivik_crm/internal/api/client.go:150.19,152.6 1 0
bronivik/bronivik_crm/internal/api/client.go:153.5,155.26 3 0
bronivik/bronivik_crm/internal/api/client.go:158.63,160.19 2 0
bronivik/bronivik_crm/internal/api/client.go:160.19,162.6 1 0
bronivik/bronivik_crm/internal/api/client.go:163.5,165.31 2 0
bronivik/bronivik_crm/internal/api/client.go:165.31,167.6 1 0
bronivik/bronivik_crm/internal/api/client.go:168.5,168.19 1 0
bronivik/bronivik_crm/internal/api/client.go:168.19,170.6 1 0
bronivik/bronivik_crm/internal/api/client.go:171.5,172.27 2 0
bronivik/bronivik_crm/internal/api/client.go:175.56,176.20 1 0
bronivik/bronivik_crm/internal/api/client.go:176.20,178.3 1 0
bronivik/bronivik_crm/internal/api/client.go:179.2,179.22 1 0
bronivik/bronivik_crm/internal/api/client.go:179.22,181.3 1 0
bronivik/bronivik_crm/internal/bot/bot.go:40.151,42.16 2 0
bronivik/bronivik_crm/internal/bot/bot.go:42.16,44.3 1 0
bronivik/bronivik_crm/internal/bot/bot.go:45.2,46.30 2 0
bronivik/bronivik_crm/internal/bot/bot.go:46.30,48.3 1 0
bronivik/bronivik_crm/internal/bot/bot.go:49.2,49.27 1 0
bronivik/bronivik_crm/internal/bot/bot.go:49.27,51.3 1 0
bronivik/bronivik_crm/internal/bot/bot.go:52.2,52.27 1 0
bronivik/bronivik_crm/internal/bot/bot.go:52.27,54.3 1 0
bronivik/bronivik_crm/internal/bot/bot.go:55.2,55.32 1 0
bronivik/bronivik_crm/internal/bot/bot.go:55.32,57.3 1 0
bronivik/bronivik_crm/internal/bot/bot.go:58.2,58.120 1 0
bronivik/bronivik_crm/internal/bot/bot.go:62.42,68.6 5 0
bronivik/bronivik_crm/internal/bot/bot.go:68.6,69.10 1 0
bronivik/bronivik_crm/internal/bot/bot.go:70.21,71.10 1 0
bronivik/bronivik_crm/internal/bot/bot.go:72.28,76.37 4 0
bronivik/bronivik_crm/internal/bot/bot.go:81.73,83.33 2 0
bronivik/bronivik_crm/internal/bot/bot.go:83.33,90.3 3 0
bronivik/bronivik_crm/internal/bot/bot.go:91.2,91.27 1 0
bronivik/bronivik_crm/internal/bot/bot.go:91.27,98.3 3 0
bronivik/bronivik_crm/internal/bot/bot.go:101.73,102.16 1 0
bronivik/bronivik_crm/internal/bot/bot.go:102.16,104.3 1 0
bronivik/bronivik_crm/internal/bot/bot.go:105.2,108.9 3 0
bronivik/bronivik_crm/internal/bot/bot.go:109.41,110.159 1 0
bronivik/bronivik_crm/internal/bot/bot.go:111.40,112.110 1 0
bronivik/bronivik_crm/internal/bot/bot.go:113.40,114.31 1 0
bronivik/bronivik_crm/internal/bot/bot.go:115.47,116.31 1 0
bronivik/bronivik_crm/internal/bot/bot.go:117.50,118.34 1 0
bronivik/bronivik_crm/internal/bot/bot.go:119.10,121.18 1 0
bronivik/bronivik_crm/internal/bot/bot.go:122.23,126.10 4 0
bronivik/bronivik_crm/internal/bot/bot.go:127.24,129.11 2 0
bronivik/bronivik_crm/internal/bot/bot.go:129.11,132.5 2 0
bronivik/bronivik_crm/internal/bot/bot.go:133.4,136.10 4 0
bronivik/bronivik_crm/internal/bot/bot.go:139.3,139.31 1 0
bronivik/bronivik_crm/internal/bot/bot.go:139.31,140.36 1 0
bronivik/bronivik_crm/internal/bot/bot.go:140.36,142.5 1 0
bronivik/bronivik_crm/internal/bot/bot.go:147.79,148.15 1 0
bronivik/bronivik_crm/internal/bot/bot.go:148.15,150.3 1 0
bronivik/bronivik_crm/internal/bot/bot.go:151.2,153.20 3 0
bronivik/bronivik_crm/internal/bot/bot.go:153.20,155.3 1 0
bronivik/bronivik_crm/internal/bot/bot.go:157.2,161.9 4 0
bronivik/bronivik_crm/internal/bot/bot.go:162.39,165.17 3 0
bronivik/bronivik_crm/internal/bot/bot.go:165.17,168.4 2 0
bronivik/bronivik_crm/internal/bot/bot.go:169.3,170.17 2 0
bronivik/bronivik_crm/internal/bot/bot.go:170.17,173.4 2 0
bronivik/bronivik_crm/internal/bot/bot.go:174.3,178.9 5 0
bronivik/bronivik_crm/internal/bot/bot.go:180.40,182.21 2 0
bronivik/bronivik_crm/internal/bot/bot.go:182.21,184.4 1 0
bronivik/bronivik_crm/internal/bot/bot.go:185.3,188.9 4 0
bronivik/bronivik_crm/internal/bot/bot.go:190.40,195.9 5 0
bronivik/bronivik_crm/internal/bot/bot.go:197.40,200.9 3 0
bronivik/bronivik_crm/internal/bot/bot.go:202.40,204.26 2 0
bronivik/bronivik_crm/internal/bot/bot.go:204.26,207.4 2 0
bronivik/bronivik_crm/internal/bot/bot.go:208.3,209.17 2 0
bronivik/bronivik_crm/internal/bot/bot.go:209.17,212.4 2 0
bronivik/bronivik_crm/internal/bot/bot.go:213.3,214.17 2 0
bronivik/bronivik_crm/internal/bot/bot.go:214.17,217.4 2 0
bronivik/bronivik_crm/internal/bot/bot.go:218.3,218.54 1 0
bronivik/bronivik_crm/internal/bot/bot.go:218.54,222.4 3 0
bronivik/bronivik_crm/internal/bot/bot.go:223.3,224.17 2 0
bronivik/bronivik_crm/internal/bot/bot.go:224.17,227.4 2 0
bronivik/bronivik_crm/internal/bot/bot.go:228.3,228.10 1 0
bronivik/bronivik_crm/internal/bot/bot.go:228.10,232.4 3 0
bronivik/bronivik_crm/internal/bot/bot.go:233.3,233.46 1 0
bronivik/bronivik_crm/internal/bot/bot.go:233.46,235.54 2 0
bronivik/bronivik_crm/internal/bot/bot.go:235.54,240.5 4 0
bronivik/bronivik_crm/internal/bot/bot.go:242.3,245.9 4 0
bronivik/bronivik_crm/internal/bot/bot.go:247.25,248.29 1 0
bronivik/bronivik_crm/internal/bot/bot.go:248.29,251.4 2 0
bronivik/bronivik_crm/internal/bot/bot.go:252.3,252.56 1 0
bronivik/bronivik_crm/internal/bot/bot.go:252.56,253.52 1 0
bronivik/bronivik_crm/internal/bot/bot.go:253.52,258.5 4 0
bronivik/bronivik_crm/internal/bot/bot.go:259.4,259.52 1 0
bronivik/bronivik_crm/internal/bot/bot.go:259.52,264.5 4 0
bronivik/bronivik_crm/internal/bot/bot.go:265.4,265.50 1 0
bronivik/bronivik_crm/internal/bot/bot.go:265.50,270.5 4 0
bronivik/bronivik_crm/internal/bot/bot.go:271.4,271.38 1 0
bronivik/bronivik_crm/internal/bot/bot.go:271.38,274.5 2 0
bronivik/bronivik_crm/internal/bot/bot.go:275.4,276.10 2 0
bronivik/bronivik_crm/internal/bot/bot.go:278.3,279.9 2 0
bronivik/bronivik_crm/internal/bot/bot.go:281.24,284.9 3 0
bronivik/bronivik_crm/internal/bot/bot.go:286.47,287.27 1 0
bronivik/bronivik_crm/internal/bot/bot.go:287.27,289.4 1 0
bronivik/bronivik_crm/internal/bot/bot.go:290.3,292.17 3 0
bronivik/bronivik_crm/internal/bot/bot.go:292.17,294.4 1 0
bronivik/bronivik_crm/internal/bot/bot.go:295.3,299.9 5 0
bronivik/bronivik_crm/internal/bot/bot.go:301.46,302.27 1 0
bronivik/bronivik_crm/internal/bot/bot.go:302.27,304.4 1 0
bronivik/bronivik_crm/internal/bot/bot.go:305.3,307.17 3 0
bronivik/bronivik_crm/internal/bot/bot.go:307.17,309.4 1 0
bronivik/bronivik_crm/internal/bot/bot.go:310.3,314.9 5 0
bronivik/bronivik_crm/internal/bot/bot.go:318.58,320.47 2 1
bronivik/bronivik_crm/internal/bot/bot.go:320.47,323.3 2 1
bronivik/bronivik_crm/internal/bot/bot.go:324.2,324.46 1 1
bronivik/bronivik_crm/internal/bot/bot.go:324.46,326.16 2 1
bronivik/bronivik_crm/internal/bot/bot.go:326.16,328.4 1 0
bronivik/bronivik_crm/internal/bot/bot.go:329.3,329.168 1 1
bronivik/bronivik_crm/internal/bot/bot.go:331.2,331.12 1 1
bronivik/bronivik_crm/internal/bot/bot.go:334.65,336.9 2 0
bronivik/bronivik_crm/internal/bot/bot.go:337.47,338.65 1 0
bronivik/bronivik_crm/internal/bot/bot.go:339.49,340.65 1 0
bronivik/bronivik_crm/internal/bot/bot.go:341.52,342.71 1 0
bronivik/bronivik_crm/internal/bot/bot.go:343.48,344.75 1 0
bronivik/bronivik_crm/internal/bot/bot.go:345.49,346.77 1 0
bronivik/bronivik_crm/internal/bot/bot.go:347.43,348.79 1 0
bronivik/bronivik_crm/internal/bot/bot.go:349.43,350.81 1 0
bronivik/bronivik_crm/internal/bot/bot.go:351.42,352.77 1 0
bronivik/bronivik_crm/internal/bot/bot.go:353.50,354.74 1 0
bronivik/bronivik_crm/internal/bot/bot.go:355.53,356.72 1 0
bronivik/bronivik_crm/internal/bot/bot.go:357.10,358.15 1 0
bronivik/bronivik_crm/internal/bot/bot.go:360.2,360.13 1 0
bronivik/bronivik_crm/internal/bot/bot.go:363.76,364.35 1 0
bronivik/bronivik_crm/internal/bot/bot.go:364.35,366.3 1 0
bronivik/bronivik_crm/internal/bot/bot.go:367.2,368.16 2 0
bronivik/bronivik_crm/internal/bot/bot.go:368.16,371.3 2 0
bronivik/bronivik_crm/internal/bot/bot.go:373.2,374.16 2 0
bronivik/bronivik_crm/internal/bot/bot.go:374.16,377.3 2 0
bronivik/bronivik_crm/internal/bot/bot.go:378.2,378.24 1 0
bronivik/bronivik_crm/internal/bot/bot.go:378.24,381.3 2 0
bronivik/bronivik_crm/internal/bot/bot.go:383.2,385.30 3 0
bronivik/bronivik_crm/internal/bot/bot.go:385.30,387.79 2 0
bronivik/bronivik_crm/internal/bot/bot.go:387.79,389.4 1 0
bronivik/bronivik_crm/internal/bot/bot.go:390.3,391.17 2 0
bronivik/bronivik_crm/internal/bot/bot.go:391.17,393.4 1 0
bronivik/bronivik_crm/internal/bot/bot.go:394.3,403.23 2 0
bronivik/bronivik_crm/internal/bot/bot.go:405.2,405.35 1 0
bronivik/bronivik_crm/internal/bot/bot.go:408.79,409.35 1 0
bronivik/bronivik_crm/internal/bot/bot.go:409.35,411.3 1 0
bronivik/bronivik_crm/internal/bot/bot.go:412.2,413.20 2 0
bronivik/bronivik_crm/internal/bot/bot.go:413.20,416.3 2 0
bronivik/bronivik_crm/internal/bot/bot.go:417.2,418.27 2 0
bronivik/bronivik_crm/internal/bot/bot.go:418.27,421.3 2 0
bronivik/bronivik_crm/internal/bot/bot.go:423.2,424.16 2 0
bronivik/bronivik_crm/internal/bot/bot.go:424.16,427.3 2 0
bronivik/bronivik_crm/internal/bot/bot.go:429.2,429.55 1 0
bronivik/bronivik_crm/internal/bot/bot.go:430.18,432.32 2 0
bronivik/bronivik_crm/internal/bot/bot.go:433.51,434.71 1 0
bronivik/bronivik_crm/internal/bot/bot.go:435.52,436.92 1 0
bronivik/bronivik_crm/internal/bot/bot.go:437.50,438.109 1 0
bronivik/bronivik_crm/internal/bot/bot.go:439.52,440.101 1 0
bronivik/bronivik_crm/internal/bot/bot.go:441.10,442.88 1 0
bronivik/bronivik_crm/internal/bot/bot.go:446.48,449.2 2 0
bronivik/bronivik_crm/internal/bot/bot.go:451.40,454.2 2 0
bronivik/bronivik_crm/internal/bot/bot.go:456.47,459.2 2 0
bronivik/bronivik_crm/internal/bot/bot.go:461.76,462.16 1 0
bronivik/bronivik_crm/internal/bot/bot.go:462.16,464.3 1 0
bronivik/bronivik_crm/internal/bot/bot.go:465.2,470.34 5 0
bronivik/bronivik_crm/internal/bot/bot.go:470.34,473.3 2 0
bronivik/bronivik_crm/internal/bot/bot.go:474.2,475.25 2 0
bronivik/bronivik_crm/internal/bot/bot.go:475.25,479.3 1 0
bronivik/bronivik_crm/internal/bot/bot.go:480.2,482.24 3 0
bronivik/bronivik_crm/internal/bot/bot.go:485.39,489.18 2 0
bronivik/bronivik_crm/internal/bot/bot.go:489.18,491.17 2 0
bronivik/bronivik_crm/internal/bot/bot.go:491.17,492.29 1 0
bronivik/bronivik_crm/internal/bot/bot.go:492.29,496.5 1 0
bronivik/bronivik_crm/internal/bot/bot.go:499.2,501.24 3 0
bronivik/bronivik_crm/internal/bot/bot.go:504.42,510.2 5 0
bronivik/bronivik_crm/internal/bot/bot.go:512.78,514.52 2 0
bronivik/bronivik_crm/internal/bot/bot.go:514.52,517.3 2 0
bronivik/bronivik_crm/internal/bot/bot.go:518.2,519.16 2 0
bronivik/bronivik_crm/internal/bot/bot.go:519.16,522.3 2 0
bronivik/bronivik_crm/internal/bot/bot.go:523.2,524.16 2 0
bronivik/bronivik_crm/internal/bot/bot.go:524.16,527.3 2 0
bronivik/bronivik_crm/internal/bot/bot.go:529.2,530.26 2 0
bronivik/bronivik_crm/internal/bot/bot.go:530.26,533.3 2 0
bronivik/bronivik_crm/internal/bot/bot.go:534.2,536.24 3 0
bronivik/bronivik_crm/internal/bot/bot.go:539.55,542.16 3 0
bronivik/bronivik_crm/internal/bot/bot.go:542.16,544.3 1 0
bronivik/bronivik_crm/internal/bot/bot.go:545.2,556.24 5 0
bronivik/bronivik_crm/internal/bot/bot.go:559.101,560.36 1 0
bronivik/bronivik_crm/internal/bot/bot.go:560.36,562.3 1 0
bronivik/bronivik_crm/internal/bot/bot.go:564.2,565.16 2 0
bronivik/bronivik_crm/internal/bot/bot.go:565.16,567.3 1 0
bronivik/bronivik_crm/internal/bot/bot.go:569.2,570.16 2 0
bronivik/bronivik_crm/internal/bot/bot.go:570.16,572.3 1 0
bronivik/bronivik_crm/internal/bot/bot.go:573.2,574.16 2 0
bronivik/bronivik_crm/internal/bot/bot.go:574.16,576.3 1 0
bronivik/bronivik_crm/internal/bot/bot.go:577.2,577.53 1 0
bronivik/bronivik_crm/internal/bot/bot.go:577.53,579.3 1 0
bronivik/bronivik_crm/internal/bot/bot.go:580.2,580.34 1 0
bronivik/bronivik_crm/internal/bot/bot.go:580.34,582.17 2 0
bronivik/bronivik_crm/internal/bot/bot.go:582.17,584.4 1 0
bronivik/bronivik_crm/internal/bot/bot.go:585.3,585.40 1 0
bronivik/bronivik_crm/internal/bot/bot.go:585.40,587.4 1 0
bronivik/bronivik_crm/internal/bot/bot.go:590.2,602.75 2 0
bronivik/bronivik_crm/internal/bot/bot.go:602.75,604.3 1 0
bronivik/bronivik_crm/internal/bot/bot.go:605.2,608.16 3 0
bronivik/bronivik_crm/internal/bot/bot.go:608.16,610.3 1 0
bronivik/bronivik_crm/internal/bot/bot.go:611.2,613.12 3 0
bronivik/bronivik_crm/internal/bot/bot.go:616.81,618.21 2 1
bronivik/bronivik_crm/internal/bot/bot.go:618.21,620.3 1 0
bronivik/bronivik_crm/internal/bot/bot.go:621.2,624.16 4 1
bronivik/bronivik_crm/internal/bot/bot.go:624.16,626.3 1 0
bronivik/bronivik_crm/internal/bot/bot.go:627.2,628.16 2 1
bronivik/bronivik_crm/internal/bot/bot.go:628.16,630.3 1 0
bronivik/bronivik_crm/internal/bot/bot.go:631.2,633.28 3 1
bronivik/bronivik_crm/internal/bot/bot.go:636.59,638.13 2 1
bronivik/bronivik_crm/internal/bot/bot.go:638.13,640.3 1 1
bronivik/bronivik_crm/internal/bot/bot.go:642.2,644.31 3 1
bronivik/bronivik_crm/internal/bot/bot.go:644.31,646.3 1 1
bronivik/bronivik_crm/internal/bot/bot.go:646.8,648.3 1 1
bronivik/bronivik_crm/internal/bot/bot.go:650.2,651.42 2 1
bronivik/bronivik_crm/internal/bot/bot.go:651.42,653.3 1 1
bronivik/bronivik_crm/internal/bot/bot.go:654.2,654.17 1 1
bronivik/bronivik_crm/internal/bot/bot.go:654.17,657.3 1 1
bronivik/bronivik_crm/internal/bot/bot.go:658.2,658.16 1 1
bronivik/bronivik_crm/internal/bot/bot.go:661.36,664.22 3 1
bronivik/bronivik_crm/internal/bot/bot.go:664.22,665.27 1 1
bronivik/bronivik_crm/internal/bot/bot.go:665.27,667.4 1 1
bronivik/bronivik_crm/internal/bot/bot.go:669.2,669.19 1 1
bronivik/bronivik_crm/internal/bot/bot.go:672.114,680.32 3 0
bronivik/bronivik_crm/internal/bot/bot.go:680.32,684.3 3 0
bronivik/bronivik_crm/internal/bot/bot.go:687.88,691.46 3 0
bronivik/bronivik_crm/internal/bot/bot.go:691.46,693.3 1 0
bronivik/bronivik_crm/internal/bot/bot.go:694.2,695.24 2 0
bronivik/bronivik_crm/internal/bot/calendar.go:19.110,22.24 3 0
bronivik/bronivik_crm/internal/bot/calendar.go:22.24,24.3 1 0
bronivik/bronivik_crm/internal/bot/calendar.go:25.2,40.25 5 0
bronivik/bronivik_crm/internal/bot/calendar.go:40.25,42.33 2 0
bronivik/bronivik_crm/internal/bot/calendar.go:42.33,43.45 1 0
bronivik/bronivik_crm/internal/bot/calendar.go:43.45,45.13 2 0
bronivik/bronivik_crm/internal/bot/calendar.go:47.4,47.25 1 0
bronivik/bronivik_crm/internal/bot/calendar.go:47.25,49.13 2 0
bronivik/bronivik_crm/internal/bot/calendar.go:51.4,54.18 4 0
bronivik/bronivik_crm/internal/bot/calendar.go:54.18,56.5 1 0
bronivik/bronivik_crm/internal/bot/calendar.go:57.4,58.9 2 0
bronivik/bronivik_crm/internal/bot/calendar.go:60.3,60.27 1 0
bronivik/bronivik_crm/internal/bot/calendar.go:63.2,63.60 1 0
bronivik/bronivik_crm/internal/bot/calendar.go:67.101,69.29 2 0
bronivik/bronivik_crm/internal/bot/calendar.go:69.29,71.22 2 0
bronivik/bronivik_crm/internal/bot/calendar.go:71.22,73.4 1 0
bronivik/bronivik_crm/internal/bot/calendar.go:74.3,75.17 2 0
bronivik/bronivik_crm/internal/bot/calendar.go:75.17,77.4 1 0
bronivik/bronivik_crm/internal/bot/calendar.go:78.3,80.5 1 0
bronivik/bronivik_crm/internal/bot/calendar.go:83.2,86.60 2 0
bronivik/bronivik_crm/internal/bot/calendar.go:89.41,90.11 1 0
bronivik/bronivik_crm/internal/bot/calendar.go:91.21,92.54 1 0
bronivik/bronivik_crm/internal/bot/calendar.go:92.54,94.4 1 0
bronivik/bronivik_crm/internal/bot/calendar.go:95.3,95.12 1 0
bronivik/bronivik_crm/internal/bot/calendar.go:96.60,97.12 1 0
bronivik/bronivik_crm/internal/bot/calendar.go:98.10,99.12 1 0
bronivik/bronivik_crm/internal/bot/state.go:38.34,40.2 1 0
bronivik/bronivik_crm/internal/bot/state.go:42.51,46.15 4 0
bronivik/bronivik_crm/internal/bot/state.go:46.15,49.3 2 0
bronivik/bronivik_crm/internal/bot/state.go:50.2,50.11 1 0
bronivik/bronivik_crm/internal/bot/state.go:53.42,57.2 3 0
bronivik/bronivik_crm/internal/metrics/metrics.go:40.17,41.20 1 0
bronivik/bronivik_crm/internal/metrics/metrics.go:41.20,43.6 1 0
bronivik/bronivik_crm/internal/metrics/metrics.go:46.39,48.2 1 0
bronivik/bronivik_crm/internal/metrics/metrics.go:50.28,52.2 1 0
bronivik/bronivik_crm/internal/metrics/metrics.go:54.42,56.2 1 0
bronivik/bronivik_crm/internal/database/database.go:36.149,38.16 2 1
bronivik/bronivik_crm/internal/database/database.go:38.16,40.3 1 0
bronivik/bronivik_crm/internal/database/database.go:41.2,44.40 3 1
bronivik/bronivik_crm/internal/database/database.go:44.40,46.3 1 0
bronivik/bronivik_crm/internal/database/database.go:48.2,49.26 2 1
bronivik/bronivik_crm/internal/database/database.go:49.26,52.17 2 1
bronivik/bronivik_crm/internal/database/database.go:52.17,54.4 1 0
bronivik/bronivik_crm/internal/database/database.go:55.3,56.17 2 1
bronivik/bronivik_crm/internal/database/database.go:56.17,58.4 1 0
bronivik/bronivik_crm/internal/database/database.go:59.3,59.145 1 1
bronivik/bronivik_crm/internal/database/database.go:60.8,62.18 1 0
bronivik/bronivik_crm/internal/database/database.go:62.18,65.4 2 0
bronivik/bronivik_crm/internal/database/database.go:65.9,67.4 1 0
bronivik/bronivik_crm/internal/database/database.go:68.3,71.20 4 0
bronivik/bronivik_crm/internal/database/database.go:74.2,74.36 1 1
bronivik/bronivik_crm/internal/database/database.go:74.36,76.3 1 0
bronivik/bronivik_crm/internal/database/database.go:77.2,77.15 1 1
bronivik/bronivik_crm/internal/database/database.go:80.101,84.2 2 1
bronivik/bronivik_crm/internal/database/database.go:87.38,89.16 2 1
bronivik/bronivik_crm/internal/database/database.go:89.16,91.3 1 0
bronivik/bronivik_crm/internal/database/database.go:92.2,92.63 1 1
bronivik/bronivik_crm/internal/database/database.go:92.63,94.3 1 0
bronivik/bronivik_crm/internal/database/database.go:95.2,95.41 1 1
bronivik/bronivik_crm/internal/database/database.go:95.41,97.3 1 0
bronivik/bronivik_crm/internal/database/database.go:98.2,98.21 1 1
bronivik/bronivik_crm/internal/database/database.go:101.37,180.28 2 1
bronivik/bronivik_crm/internal/database/database.go:180.28,181.39 1 1
bronivik/bronivik_crm/internal/database/database.go:181.39,183.4 1 0
bronivik/bronivik_crm/internal/database/database.go:186.2,186.55 1 1
bronivik/bronivik_crm/internal/database/database.go:186.55,188.3 1 0
bronivik/bronivik_crm/internal/database/database.go:189.2,189.12 1 1
bronivik/bronivik_crm/internal/database/database.go:192.51,194.16 2 1
bronivik/bronivik_crm/internal/database/database.go:194.16,196.3 1 0
bronivik/bronivik_crm/internal/database/database.go:197.2,206.26 2 1
bronivik/bronivik_crm/internal/database/database.go:206.26,207.19 1 1
bronivik/bronivik_crm/internal/database/database.go:207.19,208.12 1 1
bronivik/bronivik_crm/internal/database/database.go:210.3,210.117 1 0
bronivik/bronivik_crm/internal/database/database.go:210.117,212.74 1 0
bronivik/bronivik_crm/internal/database/database.go:212.74,213.13 1 0
bronivik/bronivik_crm/internal/database/database.go:215.4,215.55 1 0
bronivik/bronivik_crm/internal/database/database.go:218.2,218.12 1 1
bronivik/bronivik_crm/internal/database/database.go:221.70,223.16 2 1
bronivik/bronivik_crm/internal/database/database.go:223.16,225.3 1 0
bronivik/bronivik_crm/internal/database/database.go:226.2,229.18 3 1
bronivik/bronivik_crm/internal/database/database.go:229.18,238.81 2 1
bronivik/bronivik_crm/internal/database/database.go:238.81,240.4 1 0
bronivik/bronivik_crm/internal/database/database.go:241.3,241.20 1 1
bronivik/bronivik_crm/internal/database/database.go:243.2,243.25 1 1
bronivik/bronivik_crm/internal/database/database.go:249.75,250.14 1 1
bronivik/bronivik_crm/internal/database/database.go:250.14,252.3 1 0
bronivik/bronivik_crm/internal/database/database.go:253.2,256.16 3 1
bronivik/bronivik_crm/internal/database/database.go:256.16,258.3 1 0
bronivik/bronivik_crm/internal/database/database.go:259.2,260.16 2 1
bronivik/bronivik_crm/internal/database/database.go:260.16,262.3 1 0
bronivik/bronivik_crm/internal/database/database.go:263.2,267.12 5 1
bronivik/bronivik_crm/internal/database/database.go:271.81,273.16 2 0
bronivik/bronivik_crm/internal/database/database.go:273.16,275.3 1 0
bronivik/bronivik_crm/internal/database/database.go:276.2,279.18 3 0
bronivik/bronivik_crm/internal/database/database.go:279.18,281.17 2 0
bronivik/bronivik_crm/internal/database/database.go:281.17,283.4 1 0
bronivik/bronivik_crm/internal/database/database.go:284.3,284.26 1 0
bronivik/bronivik_crm/internal/database/database.go:286.2,286.24 1 0
bronivik/bronivik_crm/internal/database/database.go:290.82,293.2 2 0
bronivik/bronivik_crm/internal/database/database.go:296.75,297.14 1 0
bronivik/bronivik_crm/internal/database/database.go:297.14,299.3 1 0
bronivik/bronivik_crm/internal/database/database.go:300.2,302.12 2 0
bronivik/bronivik_crm/internal/database/database.go:306.70,309.2 2 0
bronivik/bronivik_crm/internal/database/database.go:314.84,315.14 1 1
bronivik/bronivik_crm/internal/database/database.go:315.14,317.3 1 0
bronivik/bronivik_crm/internal/database/database.go:318.2,321.16 3 1
bronivik/bronivik_crm/internal/database/database.go:321.16,323.3 1 0
bronivik/bronivik_crm/internal/database/database.go:324.2,325.16 2 1
bronivik/bronivik_crm/internal/database/database.go:325.16,327.3 1 0
bronivik/bronivik_crm/internal/database/database.go:328.2,332.12 5 1
bronivik/bronivik_crm/internal/database/database.go:338.87,339.14 1 1
bronivik/bronivik_crm/internal/database/database.go:339.14,341.3 1 0
bronivik/bronivik_crm/internal/database/database.go:342.2,345.16 3 1
bronivik/bronivik_crm/internal/database/database.go:345.16,347.3 1 0
bronivik/bronivik_crm/internal/database/database.go:348.2,349.16 2 1
bronivik/bronivik_crm/internal/database/database.go:349.16,351.3 1 0
bronivik/bronivik_crm/internal/database/database.go:352.2,355.12 4 1
bronivik/bronivik_crm/internal/database/database.go:359.94,362.2 2 0
bronivik/bronivik_crm/internal/database/database.go:365.133,370.16 2 0
bronivik/bronivik_crm/internal/database/database.go:370.16,372.3 1 0
bronivik/bronivik_crm/internal/database/database.go:373.2,376.18 3 0
bronivik/bronivik_crm/internal/database/database.go:376.18,378.17 2 0
bronivik/bronivik_crm/internal/database/database.go:378.17,380.4 1 0
bronivik/bronivik_crm/internal/database/database.go:381.3,381.25 1 0
bronivik/bronivik_crm/internal/database/database.go:383.2,383.24 1 0
bronivik/bronivik_crm/internal/database/database.go:387.128,388.16 1 0
bronivik/bronivik_crm/internal/database/database.go:388.16,390.3 1 0
bronivik/bronivik_crm/internal/database/database.go:391.2,394.18 3 0
bronivik/bronivik_crm/internal/database/database.go:394.18,397.3 2 0
bronivik/bronivik_crm/internal/database/database.go:398.2,402.16 4 0
bronivik/bronivik_crm/internal/database/database.go:402.16,404.3 1 0
bronivik/bronivik_crm/internal/database/database.go:405.2,408.18 3 0
bronivik/bronivik_crm/internal/database/database.go:408.18,410.17 2 0
bronivik/bronivik_crm/internal/database/database.go:410.17,412.4 1 0
bronivik/bronivik_crm/internal/database/database.go:413.3,413.25 1 0
bronivik/bronivik_crm/internal/database/database.go:415.2,415.24 1 0
bronivik/bronivik_crm/internal/database/database.go:419.102,422.2 2 0
bronivik/bronivik_crm/internal/database/database.go:425.72,428.2 2 0
bronivik/bronivik_crm/internal/database/database.go:431.85,433.16 2 0
bronivik/bronivik_crm/internal/database/database.go:433.16,435.3 1 0
bronivik/bronivik_crm/internal/database/database.go:436.2,441.163 5 0
bronivik/bronivik_crm/internal/database/database.go:441.163,442.27 1 0
bronivik/bronivik_crm/internal/database/database.go:442.27,444.4 1 0
bronivik/bronivik_crm/internal/database/database.go:445.3,445.13 1 0
bronivik/bronivik_crm/internal/database/database.go:447.2,447.23 1 0
bronivik/bronivik_crm/internal/database/database.go:447.23,449.3 1 0
bronivik/bronivik_crm/internal/database/database.go:450.2,451.23 2 0
bronivik/bronivik_crm/internal/database/database.go:451.23,453.3 1 0
bronivik/bronivik_crm/internal/database/database.go:454.2,454.51 1 0
bronivik/bronivik_crm/internal/database/database.go:454.51,456.3 1 0
bronivik/bronivik_crm/internal/database/database.go:458.2,458.143 1 0
bronivik/bronivik_crm/internal/database/database.go:458.143,460.3 1 0
bronivik/bronivik_crm/internal/database/database.go:461.2,461.20 1 0
bronivik/bronivik_crm/internal/database/database.go:465.87,468.41 3 0
bronivik/bronivik_crm/internal/database/database.go:468.41,470.3 1 0
bronivik/bronivik_crm/internal/database/database.go:471.2,471.19 1 0
bronivik/bronivik_crm/internal/database/database.go:475.127,477.16 2 0
bronivik/bronivik_crm/internal/database/database.go:477.16,479.3 1 0
bronivik/bronivik_crm/internal/database/database.go:480.2,483.16 3 0
bronivik/bronivik_crm/internal/database/database.go:483.16,485.3 1 0
bronivik/bronivik_crm/internal/database/database.go:486.2,486.16 1 0
bronivik/bronivik_crm/internal/database/database.go:490.107,492.16 2 1
bronivik/bronivik_crm/internal/database/database.go:492.16,494.3 1 0
bronivik/bronivik_crm/internal/database/database.go:495.2,498.16 3 1
bronivik/bronivik_crm/internal/database/database.go:498.16,500.3 1 0
bronivik/bronivik_crm/internal/database/database.go:501.2,501.42 1 1
bronivik/bronivik_crm/internal/database/database.go:501.42,503.3 1 0
bronivik/bronivik_crm/internal/database/database.go:505.2,505.23 1 1
bronivik/bronivik_crm/internal/database/database.go:505.23,507.3 1 0
bronivik/bronivik_crm/internal/database/database.go:509.2,510.226 2 1
bronivik/bronivik_crm/internal/database/database.go:510.226,514.17 4 1
bronivik/bronivik_crm/internal/database/database.go:514.17,516.4 1 0
bronivik/bronivik_crm/internal/database/database.go:517.3,521.5 1 1
bronivik/bronivik_crm/internal/database/database.go:524.2,524.19 1 1
bronivik/bronivik_crm/internal/database/database.go:528.131,529.20 1 1
bronivik/bronivik_crm/internal/database/database.go:529.20,531.3 1 0
bronivik/bronivik_crm/internal/database/database.go:533.2,534.16 2 1
bronivik/bronivik_crm/internal/database/database.go:534.16,536.3 1 0
bronivik/bronivik_crm/internal/database/database.go:537.2,539.112 2 1
bronivik/bronivik_crm/internal/database/database.go:539.112,541.3 1 0
bronivik/bronivik_crm/internal/database/database.go:544.2,545.16 2 1
bronivik/bronivik_crm/internal/database/database.go:545.16,547.3 1 0
bronivik/bronivik_crm/internal/database/database.go:548.2,548.9 1 1
bronivik/bronivik_crm/internal/database/database.go:548.9,550.3 1 1
bronivik/bronivik_crm/internal/database/database.go:553.2,553.45 1 0
bronivik/bronivik_crm/internal/database/database.go:553.45,556.53 3 0
bronivik/bronivik_crm/internal/database/database.go:556.53,558.4 1 0
bronivik/bronivik_crm/internal/database/database.go:561.2,564.16 3 0
bronivik/bronivik_crm/internal/database/database.go:564.16,566.3 1 0
bronivik/bronivik_crm/internal/database/database.go:567.2,568.16 2 0
bronivik/bronivik_crm/internal/database/database.go:568.16,570.3 1 0
bronivik/bronivik_crm/internal/database/database.go:571.2,575.20 4 0
bronivik/bronivik_crm/internal/database/database.go:578.132,580.16 2 1
bronivik/bronivik_crm/internal/database/database.go:580.16,582.3 1 0
bronivik/bronivik_crm/internal/database/database.go:583.2,583.42 1 1
bronivik/bronivik_crm/internal/database/database.go:583.42,585.3 1 0
bronivik/bronivik_crm/internal/database/database.go:586.2,586.70 1 1
bronivik/bronivik_crm/internal/database/database.go:586.70,588.3 1 0
bronivik/bronivik_crm/internal/database/database.go:590.2,592.159 2 1
bronivik/bronivik_crm/internal/database/database.go:592.159,594.3 1 0
bronivik/bronivik_crm/internal/database/database.go:595.2,595.24 1 1
bronivik/bronivik_crm/internal/database/database.go:598.131,600.14 2 1
bronivik/bronivik_crm/internal/database/database.go:600.14,602.3 1 0
bronivik/bronivik_crm/internal/database/database.go:604.2,607.188 3 1
bronivik/bronivik_crm/internal/database/database.go:607.188,608.27 1 0
bronivik/bronivik_crm/internal/database/database.go:608.27,610.4 1 0
bronivik/bronivik_crm/internal/database/database.go:611.3,611.42 1 0
bronivik/bronivik_crm/internal/database/database.go:614.2,615.16 2 1
bronivik/bronivik_crm/internal/database/database.go:615.16,617.3 1 0
bronivik/bronivik_crm/internal/database/database.go:618.2,618.12 1 1
bronivik/bronivik_crm/internal/database/database.go:618.12,620.3 1 0
bronivik/bronivik_crm/internal/database/database.go:622.2,624.20 3 1
bronivik/bronivik_crm/internal/database/database.go:624.20,626.3 1 0
bronivik/bronivik_crm/internal/database/database.go:627.2,627.18 1 1
bronivik/bronivik_crm/internal/database/database.go:627.18,629.3 1 0
bronivik/bronivik_crm/internal/database/database.go:631.2,632.16 2 1
bronivik/bronivik_crm/internal/database/database.go:632.16,634.3 1 0
bronivik/bronivik_crm/internal/database/database.go:635.2,636.16 2 1
bronivik/bronivik_crm/internal/database/database.go:636.16,638.3 1 0
bronivik/bronivik_crm/internal/database/database.go:640.2,640.50 1 1
bronivik/bronivik_crm/internal/database/database.go:644.122,646.16 2 0
bronivik/bronivik_crm/internal/database/database.go:646.16,648.3 1 0
bronivik/bronivik_crm/internal/database/database.go:649.2,652.16 3 0
bronivik/bronivik_crm/internal/database/database.go:652.16,654.3 1 0
bronivik/bronivik_crm/internal/database/database.go:655.2,655.44 1 0
bronivik/bronivik_crm/internal/database/database.go:658.108,660.16 2 1
bronivik/bronivik_crm/internal/database/database.go:660.16,662.3 1 0
bronivik/bronivik_crm/internal/database/database.go:663.2,663.63 1 1
bronivik/bronivik_crm/internal/database/database.go:663.63,665.3 1 0
bronivik/bronivik_crm/internal/database/database.go:667.2,668.49 2 1
bronivik/bronivik_crm/internal/database/database.go:668.49,670.3 1 0
bronivik/bronivik_crm/internal/database/database.go:671.2,671.49 1 1
bronivik/bronivik_crm/internal/database/database.go:671.49,673.3 1 0
bronivik/bronivik_crm/internal/database/database.go:674.2,675.21 2 1
bronivik/bronivik_crm/internal/database/database.go:675.21,677.3 1 0
bronivik/bronivik_crm/internal/database/database.go:678.2,678.12 1 1
bronivik/bronivik_crm/internal/database/database.go:681.138,683.55 2 1
bronivik/bronivik_crm/internal/database/database.go:683.55,684.27 1 1
bronivik/bronivik_crm/internal/database/database.go:684.27,686.4 1 1
bronivik/bronivik_crm/internal/database/database.go:687.3,687.28 1 0
bronivik/bronivik_crm/internal/database/database.go:689.2,689.8 1 0
bronivik/bronivik_crm/internal/database/database.go:692.68,694.20 2 1
bronivik/bronivik_crm/internal/database/database.go:694.20,696.3 1 0
bronivik/bronivik_crm/internal/database/database.go:697.2,699.96 3 1
bronivik/bronivik_crm/internal/database/database.go:702.62,704.184 2 0
bronivik/bronivik_crm/internal/database/database.go:704.184,706.3 1 0
bronivik/bronivik_crm/internal/database/database.go:707.2,707.16 1 0
bronivik/bronivik_crm/internal/database/database.go:711.110,714.16 2 0
bronivik/bronivik_crm/internal/database/database.go:714.16,716.3 1 0
bronivik/bronivik_crm/internal/database/database.go:717.2,720.18 3 0
bronivik/bronivik_crm/internal/database/database.go:720.18,722.17 2 0
bronivik/bronivik_crm/internal/database/database.go:722.17,724.4 1 0
bronivik/bronivik_crm/internal/database/database.go:725.3,725.28 1 0
bronivik/bronivik_crm/internal/database/database.go:727.2,727.24 1 0
bronivik/bronivik_crm/internal/database/database.go:731.84,732.14 1 0
bronivik/bronivik_crm/internal/database/database.go:732.14,734.3 1 0
bronivik/bronivik_crm/internal/database/database.go:735.2,737.12 2 0
bronivik/bronivik_crm/internal/database/database.go:741.71,744.2 2 0
bronivik/bronivik_crm/internal/database/database.go:759.57,761.104 2 0
bronivik/bronivik_crm/internal/database/database.go:761.104,763.3 1 0
bronivik/bronivik_crm/internal/database/database.go:764.2,764.16 1 0
bronivik/bronivik_crm/internal/database/database.go:767.51,769.163 2 1
bronivik/bronivik_crm/internal/database/database.go:769.163,771.3 1 1
bronivik/bronivik_crm/internal/database/database.go:772.2,772.16 1 0
bronivik/bronivik_crm/internal/database/database.go:775.66,777.150 2 0
bronivik/bronivik_crm/internal/database/database.go:777.150,779.3 1 0
bronivik/bronivik_crm/internal/database/database.go:780.2,780.16 1 0
bronivik/bronivik_crm/internal/database/database.go:783.31,785.17 2 0
bronivik/bronivik_crm/internal/database/database.go:785.17,787.3 1 0
bronivik/bronivik_crm/internal/database/database.go:788.2,788.10 1 0
bronivik/bronivik_crm/internal/database/database.go:792.61,795.2 2 0
bronivik/cmd/api/main.go:26.13,29.22 2 0
bronivik/cmd/api/main.go:29.22,31.3 1 0
bronivik/cmd/api/main.go:33.2,34.16 2 0
bronivik/cmd/api/main.go:34.16,37.3 2 0
bronivik/cmd/api/main.go:39.2,40.16 2 0
bronivik/cmd/api/main.go:40.16,43.3 2 0
bronivik/cmd/api/main.go:44.2,44.19 1 0
bronivik/cmd/api/main.go:44.19,46.3 1 0
bronivik/cmd/api/main.go:47.2,51.21 3 0
bronivik/cmd/api/main.go:51.21,53.3 1 0
bronivik/cmd/api/main.go:54.2,55.16 2 0
bronivik/cmd/api/main.go:55.16,57.3 1 0
bronivik/cmd/api/main.go:59.2,62.64 2 0
bronivik/cmd/api/main.go:62.64,64.3 1 0
bronivik/cmd/api/main.go:67.2,68.16 2 0
bronivik/cmd/api/main.go:68.16,70.3 1 0
bronivik/cmd/api/main.go:71.2,76.22 3 0
bronivik/cmd/api/main.go:76.22,78.3 1 0
bronivik/cmd/api/main.go:81.2,82.29 2 0
bronivik/cmd/api/main.go:82.29,89.76 2 0
bronivik/cmd/api/main.go:89.76,92.4 2 0
bronivik/cmd/api/main.go:92.9,95.4 2 0
bronivik/cmd/api/main.go:99.2,100.85 2 0
bronivik/cmd/api/main.go:100.85,106.17 2 0
bronivik/cmd/api/main.go:106.17,109.4 2 0
bronivik/cmd/api/main.go:109.9,111.4 1 0
bronivik/cmd/api/main.go:114.2,115.16 2 0
bronivik/cmd/api/main.go:115.16,117.3 1 0
bronivik/cmd/api/main.go:119.2,124.38 4 0
bronivik/cmd/api/main.go:124.38,126.41 2 0
bronivik/cmd/api/main.go:126.41,128.4 1 0
bronivik/cmd/api/main.go:129.3,129.69 1 0
bronivik/cmd/api/main.go:132.2,132.12 1 0
bronivik/cmd/api/main.go:132.12,133.44 1 0
bronivik/cmd/api/main.go:133.44,135.4 1 0
bronivik/cmd/api/main.go:138.2,138.12 1 0
bronivik/cmd/api/main.go:138.12,139.28 1 0
bronivik/cmd/api/main.go:139.28,141.4 1 0
bronivik/cmd/api/main.go:142.3,142.44 1 0
bronivik/cmd/api/main.go:142.44,144.4 1 0
bronivik/cmd/api/main.go:147.2,156.41 8 0
bronivik/cmd/api/main.go:159.80,164.12 4 0
bronivik/cmd/api/main.go:164.12,169.3 4 0
bronivik/cmd/api/main.go:170.2,170.76 1 0
bronivik/cmd/api/main.go:170.76,172.3 1 0
bronivik/cmd/bot/main.go:31.13,34.22 2 0
bronivik/cmd/bot/main.go:34.22,36.3 1 0
bronivik/cmd/bot/main.go:38.2,38.55 1 0
bronivik/cmd/bot/main.go:38.55,40.3 1 0
bronivik/cmd/bot/main.go:42.2,43.16 2 0
bronivik/cmd/bot/main.go:43.16,45.3 1 0
bronivik/cmd/bot/main.go:48.2,49.16 2 0
bronivik/cmd/bot/main.go:49.16,51.3 1 0
bronivik/cmd/bot/main.go:52.2,52.19 1 0
bronivik/cmd/bot/main.go:52.19,54.3 1 0
bronivik/cmd/bot/main.go:55.2,57.65 2 0
bronivik/cmd/bot/main.go:57.65,59.3 1 0
bronivik/cmd/bot/main.go:62.2,63.16 2 0
bronivik/cmd/bot/main.go:63.16,65.3 1 0
bronivik/cmd/bot/main.go:67.2,70.64 2 0
bronivik/cmd/bot/main.go:70.64,72.3 1 0
bronivik/cmd/bot/main.go:74.2,74.64 1 0
bronivik/cmd/bot/main.go:74.64,76.3 1 0
bronivik/cmd/bot/main.go:79.2,79.16 1 0
bronivik/cmd/bot/main.go:79.16,81.3 1 0
bronivik/cmd/bot/main.go:82.2,82.75 1 0
bronivik/cmd/bot/main.go:82.75,84.3 1 0
bronivik/cmd/bot/main.go:86.2,86.60 1 0
bronivik/cmd/bot/main.go:86.60,88.3 1 0
bronivik/cmd/bot/main.go:91.2,92.16 2 0
bronivik/cmd/bot/main.go:92.16,94.3 1 0
bronivik/cmd/bot/main.go:95.2,98.78 2 0
bronivik/cmd/bot/main.go:98.78,100.3 1 0
bronivik/cmd/bot/main.go:102.2,102.52 1 0
bronivik/cmd/bot/main.go:102.52,104.3 1 0
bronivik/cmd/bot/main.go:106.2,111.124 4 0
bronivik/cmd/bot/main.go:111.124,113.3 1 0
bronivik/cmd/bot/main.go:115.2,120.16 2 0
bronivik/cmd/bot/main.go:120.16,122.3 1 0
bronivik/cmd/bot/main.go:125.2,125.54 1 0
bronivik/cmd/bot/main.go:125.54,127.3 1 0
bronivik/cmd/bot/main.go:127.8,130.3 2 0
bronivik/cmd/bot/main.go:133.2,134.29 2 0
bronivik/cmd/bot/main.go:134.29,136.59 2 0
bronivik/cmd/bot/main.go:136.59,138.4 1 0
bronivik/cmd/bot/main.go:142.2,149.26 6 0
bronivik/cmd/bot/main.go:149.26,153.3 3 0
bronivik/cmd/bot/main.go:155.2,165.21 7 0
bronivik/cmd/bot/main.go:165.21,167.13 2 0
bronivik/cmd/bot/main.go:167.13,168.44 1 0
bronivik/cmd/bot/main.go:168.44,170.5 1 0
bronivik/cmd/bot/main.go:172.3,172.49 1 0
bronivik/cmd/bot/main.go:176.2,176.24 1 0
bronivik/cmd/bot/main.go:176.24,179.3 2 0
bronivik/cmd/bot/main.go:182.2,183.16 2 0
bronivik/cmd/bot/main.go:183.16,185.3 1 0
bronivik/cmd/bot/main.go:186.2,190.16 4 0
bronivik/cmd/bot/main.go:190.16,192.3 1 0
bronivik/cmd/bot/main.go:194.2,202.41 4 0
bronivik/cmd/bot/main.go:205.148,206.52 1 0
bronivik/cmd/bot/main.go:206.52,208.3 1 0
bronivik/cmd/bot/main.go:210.2,210.70 1 0
bronivik/cmd/bot/main.go:210.70,212.62 2 0
bronivik/cmd/bot/main.go:212.62,214.4 1 0
bronivik/cmd/bot/main.go:215.3,215.22 1 0
bronivik/cmd/bot/main.go:218.2,218.47 1 0
bronivik/cmd/bot/main.go:218.47,220.17 2 0
bronivik/cmd/bot/main.go:220.17,223.4 2 0
bronivik/cmd/bot/main.go:225.3,226.17 2 0
bronivik/cmd/bot/main.go:226.17,229.4 2 0
bronivik/cmd/bot/main.go:231.3,231.90 1 0
bronivik/cmd/bot/main.go:231.90,233.4 1 0
bronivik/cmd/bot/main.go:234.3,234.13 1 0
bronivik/cmd/bot/main.go:237.2,237.47 1 0
bronivik/cmd/bot/main.go:237.47,239.17 2 0
bronivik/cmd/bot/main.go:239.17,242.4 2 0
bronivik/cmd/bot/main.go:244.3,245.19 2 0
bronivik/cmd/bot/main.go:245.19,247.18 2 0
bronivik/cmd/bot/main.go:247.18,249.5 1 0
bronivik/cmd/bot/main.go:252.3,252.19 1 0
bronivik/cmd/bot/main.go:252.19,255.4 2 0
bronivik/cmd/bot/main.go:257.3,257.104 1 0
bronivik/cmd/bot/main.go:257.104,259.4 1 0
bronivik/cmd/bot/main.go:260.3,260.13 1 0
bronivik/cmd/bot/main.go:263.2,267.60 5 0
bronivik/internal/api/gen/availability/v1/availability.pb.go:32.42,37.2 4 0
bronivik/internal/api/gen/availability/v1/availability.pb.go:39.50,41.2 1 0
bronivik/internal/api/gen/availability/v1/availability.pb.go:43.48,43.49 0 0
bronivik/internal/api/gen/availability/v1/availability.pb.go:45.70,47.14 2 0
bronivik/internal/api/gen/availability/v1/availability.pb.go:47.14,49.34 2 0
bronivik/internal/api/gen/availability/v1/availability.pb.go:49.34,51.4 1 0
bronivik/internal/api/gen/availability/v1/availability.pb.go:52.3,52.12 1 0
bronivik/internal/api/gen/availability/v1/availability.pb.go:54.2,54.24 1 0
bronivik/internal/api/gen/availability/v1/availability.pb.go:58.61,60.2 1 0
bronivik/internal/api/gen/availability/v1/availability.pb.go:62.55,63.14 1 0
bronivik/internal/api/gen/availability/v1/availability.pb.go:63.14,65.3 1 0
bronivik/internal/api/gen/availability/v1/availability.pb.go:66.2,66.11 1 0
bronivik/internal/api/gen/availability/v1/availability.pb.go:69.51,70.14 1 0
bronivik/internal/api/gen/availability/v1/availability.pb.go:70.14,72.3 1 0
bronivik/internal/api/gen/availability/v1/availability.pb.go:73.2,73.11 1 0
bronivik/internal/api/gen/availability/v1/availability.pb.go:87.43,92.2 4 0
bronivik/internal/api/gen/availability/v1/availability.pb.go:94.51,96.2 1 0
bronivik/internal/api/gen/availability/v1/availability.pb.go:98.49,98.50 0 0
bronivik/internal/api/gen/availability/v1/availability.pb.go:100.71,102.14 2 0
bronivik/internal/api/gen/availability/v1/availability.pb.go:102.14,104.34 2 0
bronivik/internal/api/gen/availability/v1/availability.pb.go:104.34,106.4 1 0
bronivik/internal/api/gen/availability/v1/availability.pb.go:107.3,107.12 1 0
bronivik/internal/api/gen/availability/v1/availability.pb.go:109.2,109.24 1 0
bronivik/internal/api/gen/availability/v1/availability.pb.go:113.62,115.2 1 0
bronivik/internal/api/gen/availability/v1/availability.pb.go:117.56,118.14 1 0
bronivik/internal/api/gen/availability/v1/availability.pb.go:118.14,120.3 1 0
bronivik/internal/api/gen/availability/v1/availability.pb.go:121.2,121.11 1 0
bronivik/internal/api/gen/availability/v1/availability.pb.go:124.52,125.14 1 0
bronivik/internal/api/gen/availability/v1/availability.pb.go:125.14,127.3 1 0
bronivik/internal/api/gen/availability/v1/availability.pb.go:128.2,128.11 1 0
bronivik/internal/api/gen/availability/v1/availability.pb.go:131.55,132.14 1 0
bronivik/internal/api/gen/availability/v1/availability.pb.go:132.14,134.3 1 0
bronivik/internal/api/gen/availability/v1/availability.pb.go:135.2,135.14 1 0
bronivik/internal/api/gen/availability/v1/availability.pb.go:138.58,139.14 1 0
bronivik/internal/api/gen/availability/v1/availability.pb.go:139.14,141.3 1 0
bronivik/internal/api/gen/availability/v1/availability.pb.go:142.2,142.10 1 0
bronivik/internal/api/gen/availability/v1/availability.pb.go:145.52,146.14 1 0
bronivik/internal/api/gen/availability/v1/availability.pb.go:146.14,148.3 1 0
bronivik/internal/api/gen/availability/v1/availability.pb.go:149.2,149.10 1 0
bronivik/internal/api/gen/availability/v1/availability.pb.go:160.46,165.2 4 0
bronivik/internal/api/gen/availability/v1/availability.pb.go:167.54,169.2 1 0
bronivik/internal/api/gen/availability/v1/availability.pb.go:171.52,171.53 0 0
bronivik/internal/api/gen/availability/v1/availability.pb.go:173.74,175.14 2 0
bronivik/internal/api/gen/availability/v1/availability.pb.go:175.14,177.34 2 0
bronivik/internal/api/gen/availability/v1/availability.pb.go:177.34,179.4 1 0
bronivik/internal/api/gen/availability/v1/availability.pb.go:180.3,180.12 1 0
bronivik/internal/api/gen/availability/v1/availability.pb.go:182.2,182.24 1 0
bronivik/internal/api/gen/availability/v1/availability.pb.go:186.65,188.2 1 0
bronivik/internal/api/gen/availability/v1/availability.pb.go:190.58,191.14 1 0
bronivik/internal/api/gen/availability/v1/availability.pb.go:191.14,193.3 1 0
bronivik/internal/api/gen/availability/v1/availability.pb.go:194.2,194.12 1 0
bronivik/internal/api/gen/availability/v1/availability.pb.go:197.58,198.14 1 0
bronivik/internal/api/gen/availability/v1/availability.pb.go:198.14,200.3 1 0
bronivik/internal/api/gen/availability/v1/availability.pb.go:201.2,201.12 1 0
bronivik/internal/api/gen/availability/v1/availability.pb.go:215.32,220.2 4 0
bronivik/internal/api/gen/availability/v1/availability.pb.go:222.40,224.2 1 0
bronivik/internal/api/gen/availability/v1/availability.pb.go:226.38,226.39 0 0
bronivik/internal/api/gen/availability/v1/availability.pb.go:228.60,230.14 2 0
bronivik/internal/api/gen/availability/v1/availability.pb.go:230.14,232.34 2 0
bronivik/internal/api/gen/availability/v1/availability.pb.go:232.34,234.4 1 0
bronivik/internal/api/gen/availability/v1/availability.pb.go:235.3,235.12 1 0
bronivik/internal/api/gen/availability/v1/availability.pb.go:237.2,237.24 1 0
bronivik/internal/api/gen/availability/v1/availability.pb.go:241.51,243.2 1 0
bronivik/internal/api/gen/availability/v1/availability.pb.go:245.45,246.14 1 0
bronivik/internal/api/gen/availability/v1/availability.pb.go:246.14,248.3 1 0
bronivik/internal/api/gen/availability/v1/availability.pb.go:249.2,249.11 1 0
bronivik/internal/api/gen/availability/v1/availability.pb.go:252.41,253.14 1 0
bronivik/internal/api/gen/availability/v1/availability.pb.go:253.14,255.3 1 0
bronivik/internal/api/gen/availability/v1/availability.pb.go:256.2,256.11 1 0
bronivik/internal/api/gen/availability/v1/availability.pb.go:259.44,260.14 1 0
bronivik/internal/api/gen/availability/v1/availability.pb.go:260.14,262.3 1 0
bronivik/internal/api/gen/availability/v1/availability.pb.go:263.2,263.14 1 0
bronivik/internal/api/gen/availability/v1/availability.pb.go:266.47,267.14 1 0
bronivik/internal/api/gen/availability/v1/availability.pb.go:267.14,269.3 1 0
bronivik/internal/api/gen/availability/v1/availability.pb.go:270.2,270.10 1 0
bronivik/internal/api/gen/availability/v1/availability.pb.go:273.41,274.14 1 0
bronivik/internal/api/gen/availability/v1/availability.pb.go:274.14,276.3 1 0
bronivik/internal/api/gen/availability/v1/availability.pb.go:277.2,277.10 1 0
bronivik/internal/api/gen/availability/v1/availability.pb.go:287.47,292.2 4 0
bronivik/internal/api/gen/availability/v1/availability.pb.go:294.55,296.2 1 0
bronivik/internal/api/gen/availability/v1/availability.pb.go:298.53,298.54 0 0
bronivik/internal/api/gen/availability/v1/availability.pb.go:300.75,302.14 2 0
bronivik/internal/api/gen/availability/v1/availability.pb.go:302.14,304.34 2 0
bronivik/internal/api/gen/availability/v1/availability.pb.go:304.34,306.4 1 0
bronivik/internal/api/gen/availability/v1/availability.pb.go:307.3,307.12 1 0
bronivik/internal/api/gen/availability/v1/availability.pb.go:309.2,309.24 1 0
bronivik/internal/api/gen/availability/v1/availability.pb.go:313.66,315.2 1 0
bronivik/internal/api/gen/availability/v1/availability.pb.go:317.68,318.14 1 0
bronivik/internal/api/gen/availability/v1/availability.pb.go:318.14,320.3 1 0
bronivik/internal/api/gen/availability/v1/availability.pb.go:321.2,321.12 1 0
bronivik/internal/api/gen/availability/v1/availability.pb.go:330.36,335.2 4 0
bronivik/internal/api/gen/availability/v1/availability.pb.go:337.44,339.2 1 0
bronivik/internal/api/gen/availability/v1/availability.pb.go:341.42,341.43 0 0
bronivik/internal/api/gen/availability/v1/availability.pb.go:343.64,345.14 2 0
bronivik/internal/api/gen/availability/v1/availability.pb.go:345.14,347.34 2 0
bronivik/internal/api/gen/availability/v1/availability.pb.go:347.34,349.4 1 0
bronivik/internal/api/gen/availability/v1/availability.pb.go:350.3,350.12 1 0
bronivik/internal/api/gen/availability/v1/availability.pb.go:352.2,352.24 1 0
bronivik/internal/api/gen/availability/v1/availability.pb.go:356.55,358.2 1 0
bronivik/internal/api/gen/availability/v1/availability.pb.go:369.24,374.2 4 0
bronivik/internal/api/gen/availability/v1/availability.pb.go:376.32,378.2 1 0
bronivik/internal/api/gen/availability/v1/availability.pb.go:380.30,380.31 0 0
bronivik/internal/api/gen/availability/v1/availability.pb.go:382.52,384.14 2 0
bronivik/internal/api/gen/availability/v1/availability.pb.go:384.14,386.34 2 0
bronivik/internal/api/gen/availability/v1/availability.pb.go:386.34,388.4 1 0
bronivik/internal/api/gen/availability/v1/availability.pb.go:389.3,389.12 1 0
bronivik/internal/api/gen/availability/v1/availability.pb.go:391.2,391.24 1 0
bronivik/internal/api/gen/availability/v1/availability.pb.go:395.43,397.2 1 0
bronivik/internal/api/gen/availability/v1/availability.pb.go:399.30,400.14 1 0
bronivik/internal/api/gen/availability/v1/availability.pb.go:400.14,402.3 1 0
bronivik/internal/api/gen/availability/v1/availability.pb.go:403.2,403.10 1 0
bronivik/internal/api/gen/availability/v1/availability.pb.go:406.33,407.14 1 0
bronivik/internal/api/gen/availability/v1/availability.pb.go:407.14,409.3 1 0
bronivik/internal/api/gen/availability/v1/availability.pb.go:410.2,410.11 1 0
bronivik/internal/api/gen/availability/v1/availability.pb.go:413.41,414.14 1 0
bronivik/internal/api/gen/availability/v1/availability.pb.go:414.14,416.3 1 0
bronivik/internal/api/gen/availability/v1/availability.pb.go:417.2,417.10 1 0
bronivik/internal/api/gen/availability/v1/availability.pb.go:427.37,432.2 4 0
bronivik/internal/api/gen/availability/v1/availability.pb.go:434.45,436.2 1 0
bronivik/internal/api/gen/availability/v1/availability.pb.go:438.43,438.44 0 0
bronivik/internal/api/gen/availability/v1/availability.pb.go:440.65,442.14 2 0
bronivik/internal/api/gen/availability/v1/availability.pb.go:442.14,444.34 2 0
bronivik/internal/api/gen/availability/v1/availability.pb.go:444.34,446.4 1 0
bronivik/internal/api/gen/availability/v1/availability.pb.go:447.3,447.12 1 0
bronivik/internal/api/gen/availability/v1/availability.pb.go:449.2,449.24 1 0
bronivik/internal/api/gen/availability/v1/availability.pb.go:453.56,455.2 1 0
bronivik/internal/api/gen/availability/v1/availability.pb.go:457.48,458.14 1 0
bronivik/internal/api/gen/availability/v1/availability.pb.go:458.14,460.3 1 0
bronivik/internal/api/gen/availability/v1/availability.pb.go:461.2,461.12 1 0
bronivik/internal/api/gen/availability/v1/availability.pb.go:506.67,507.64 1 0
bronivik/internal/api/gen/availability/v1/availability.pb.go:507.64,509.3 1 0
bronivik/internal/api/gen/availability/v1/availability.pb.go:510.2,510.60 1 0
bronivik/internal/api/gen/availability/v1/availability.pb.go:540.13,540.63 1 0
bronivik/internal/api/gen/availability/v1/availability.pb.go:541.53,542.52 1 0
bronivik/internal/api/gen/availability/v1/availability.pb.go:542.52,544.3 1 0
bronivik/internal/api/gen/availability/v1/availability.pb.go:545.2,561.55 5 0
bronivik/internal/api/gen/availability/v1/availability_grpc.pb.go:43.90,45.2 1 0
bronivik/internal/api/gen/availability/v1/availability_grpc.pb.go:47.161,51.16 4 0
bronivik/internal/api/gen/availability/v1/availability_grpc.pb.go:51.16,53.3 1 0
bronivik/internal/api/gen/availability/v1/availability_grpc.pb.go:54.2,54.17 1 0
bronivik/internal/api/gen/availability/v1/availability_grpc.pb.go:57.173,61.16 4 0
bronivik/internal/api/gen/availability/v1/availability_grpc.pb.go:61.16,63.3 1 0
bronivik/internal/api/gen/availability/v1/availability_grpc.pb.go:64.2,64.17 1 0
bronivik/internal/api/gen/availability/v1/availability_grpc.pb.go:67.143,71.16 4 0
bronivik/internal/api/gen/availability/v1/availability_grpc.pb.go:71.16,73.3 1 0
bronivik/internal/api/gen/availability/v1/availability_grpc.pb.go:74.2,74.17 1 0
bronivik/internal/api/gen/availability/v1/availability_grpc.pb.go:97.139,99.2 1 0
bronivik/internal/api/gen/availability/v1/availability_grpc.pb.go:100.151,102.2 1 0
bronivik/internal/api/gen/availability/v1/availability_grpc.pb.go:103.121,105.2 1 0
bronivik/internal/api/gen/availability/v1/availability_grpc.pb.go:106.98,106.99 0 0
bronivik/internal/api/gen/availability/v1/availability_grpc.pb.go:107.98,107.99 0 0
bronivik/internal/api/gen/availability/v1/availability_grpc.pb.go:116.96,121.59 1 0
bronivik/internal/api/gen/availability/v1/availability_grpc.pb.go:121.59,123.3 1 0
bronivik/internal/api/gen/availability/v1/availability_grpc.pb.go:124.2,124.58 1 0
bronivik/internal/api/gen/availability/v1/availability_grpc.pb.go:127.180,129.32 2 0
bronivik/internal/api/gen/availability/v1/availability_grpc.pb.go:129.32,131.3 1 0
bronivik/internal/api/gen/availability/v1/availability_grpc.pb.go:132.2,132.24 1 0
bronivik/internal/api/gen/availability/v1/availability_grpc.pb.go:132.24,134.3 1 0
bronivik/internal/api/gen/availability/v1/availability_grpc.pb.go:135.2,139.77 2 0
bronivik/internal/api/gen/availability/v1/availability_grpc.pb.go:139.77,141.3 1 0
bronivik/internal/api/gen/availability/v1/availability_grpc.pb.go:142.2,142.44 1 0
bronivik/internal/api/gen/availability/v1/availability_grpc.pb.go:145.184,147.32 2 0
bronivik/internal/api/gen/availability/v1/availability_grpc.pb.go:147.32,149.3 1 0
bronivik/internal/api/gen/availability/v1/availability_grpc.pb.go:150.2,150.24 1 0
bronivik/internal/api/gen/availability/v1/availability_grpc.pb.go:150.24,152.3 1 0
bronivik/internal/api/gen/availability/v1/availability_grpc.pb.go:153.2,157.77 2 0
bronivik/internal/api/gen/availability/v1/availability_grpc.pb.go:157.77,159.3 1 0
bronivik/internal/api/gen/availability/v1/availability_grpc.pb.go:160.2,160.44 1 0
bronivik/internal/api/gen/availability/v1/availability_grpc.pb.go:163.174,165.32 2 0
bronivik/internal/api/gen/availability/v1/availability_grpc.pb.go:165.32,167.3 1 0
bronivik/internal/api/gen/availability/v1/availability_grpc.pb.go:168.2,168.24 1 0
bronivik/internal/api/gen/availability/v1/availability_grpc.pb.go:168.24,170.3 1 0
bronivik/internal/api/gen/availability/v1/availability_grpc.pb.go:171.2,175.77 2 0
bronivik/internal/api/gen/availability/v1/availability_grpc.pb.go:175.77,177.3 1 0
bronivik/internal/api/gen/availability/v1/availability_grpc.pb.go:178.2,178.44 1 0
bronivik/internal/api/auth.go:28.64,30.37 2 0
bronivik/internal/api/auth.go:30.37,32.3 1 0
bronivik/internal/api/auth.go:34.2,34.55 1 0
bronivik/internal/api/auth.go:37.63,38.112 1 0
bronivik/internal/api/auth.go:38.112,39.21 1 0
bronivik/internal/api/auth.go:39.21,41.4 1 0
bronivik/internal/api/auth.go:43.3,43.25 1 0
bronivik/internal/api/auth.go:43.25,44.60 1 0
bronivik/internal/api/auth.go:44.60,46.5 1 0
bronivik/internal/api/auth.go:48.3,48.47 1 0
bronivik/internal/api/auth.go:48.47,50.4 1 0
bronivik/internal/api/auth.go:52.3,52.27 1 0
bronivik/internal/api/auth.go:56.83,58.9 2 0
bronivik/internal/api/auth.go:58.9,60.3 1 0
bronivik/internal/api/auth.go:62.2,63.24 2 0
bronivik/internal/api/auth.go:63.24,65.3 1 0
bronivik/internal/api/auth.go:67.2,68.23 2 0
bronivik/internal/api/auth.go:68.23,70.3 1 0
bronivik/internal/api/auth.go:72.2,74.33 3 0
bronivik/internal/api/auth.go:74.33,76.3 1 0
bronivik/internal/api/auth.go:78.2,79.9 2 0
bronivik/internal/api/auth.go:79.9,81.3 1 0
bronivik/internal/api/auth.go:83.2,83.74 1 0
bronivik/internal/api/auth.go:83.74,85.3 1 0
bronivik/internal/api/auth.go:87.2,87.63 1 0
bronivik/internal/api/auth.go:87.63,89.3 1 0
bronivik/internal/api/auth.go:91.2,91.12 1 0
bronivik/internal/api/auth.go:94.97,96.20 2 0
bronivik/internal/api/auth.go:96.20,98.3 1 0
bronivik/internal/api/auth.go:101.2,101.34 1 0
bronivik/internal/api/auth.go:101.34,103.3 1 0
bronivik/internal/api/auth.go:105.2,105.39 1 0
bronivik/internal/api/auth.go:105.39,106.39 1 0
bronivik/internal/api/auth.go:106.39,108.4 1 0
bronivik/internal/api/auth.go:110.2,110.66 1 0
bronivik/internal/api/auth.go:113.51,114.20 1 0
bronivik/internal/api/auth.go:115.71,116.29 1 0
bronivik/internal/api/auth.go:117.75,118.29 1 0
bronivik/internal/api/auth.go:119.65,120.22 1 0
bronivik/internal/api/auth.go:121.10,122.12 1 0
bronivik/internal/api/auth.go:126.69,127.30 1 0
bronivik/internal/api/auth.go:127.30,129.3 1 0
bronivik/internal/api/auth.go:131.2,133.18 3 0
bronivik/internal/api/auth.go:133.18,135.3 1 0
bronivik/internal/api/auth.go:136.2,136.12 1 0
bronivik/internal/api/auth.go:139.65,142.24 3 0
bronivik/internal/api/auth.go:142.24,144.3 1 0
bronivik/internal/api/auth.go:145.2,146.18 2 0
bronivik/internal/api/auth.go:146.18,148.3 1 0
bronivik/internal/api/auth.go:150.2,150.57 1 0
bronivik/internal/api/auth.go:150.57,152.3 1 0
bronivik/internal/api/auth.go:153.2,153.18 1 0
bronivik/internal/api/auth.go:156.64,157.39 1 0
bronivik/internal/api/auth.go:157.39,159.3 1 0
bronivik/internal/api/auth.go:161.2,162.16 2 0
bronivik/internal/api/auth.go:162.16,164.3 1 0
bronivik/internal/api/auth.go:166.2,168.12 3 0
bronivik/internal/api/auth.go:168.12,170.3 1 0
bronivik/internal/api/auth.go:171.2,171.12 1 0
bronivik/internal/api/auth.go:174.34,175.20 1 0
bronivik/internal/api/auth.go:175.20,177.3 1 0
bronivik/internal/api/auth.go:178.2,178.35 1 0
bronivik/internal/api/auth.go:181.82,183.19 2 0
bronivik/internal/api/auth.go:183.19,185.3 1 0
bronivik/internal/api/auth.go:187.2,187.112 1 0
bronivik/internal/api/auth.go:187.112,196.17 7 0
bronivik/internal/api/auth.go:196.17,198.4 1 0
bronivik/internal/api/auth.go:200.3,201.58 2 0
bronivik/internal/api/auth.go:201.58,203.4 1 0
bronivik/internal/api/auth.go:205.3,213.19 2 0
bronivik/internal/api/auth.go:219.56,221.8 2 0
bronivik/internal/api/auth.go:221.8,222.58 1 0
bronivik/internal/api/auth.go:222.58,223.50 1 0
bronivik/internal/api/auth.go:223.50,225.5 1 0
bronivik/internal/api/auth.go:228.2,228.25 1 0
bronivik/internal/api/handlers.go:21.67,24.27 3 1
bronivik/internal/api/handlers.go:24.27,26.3 1 1
bronivik/internal/api/handlers.go:28.2,31.3 1 1
bronivik/internal/api/handlers.go:34.161,36.20 2 1
bronivik/internal/api/handlers.go:36.20,38.3 1 0
bronivik/internal/api/handlers.go:40.2,41.19 2 1
bronivik/internal/api/handlers.go:41.19,43.3 1 0
bronivik/internal/api/handlers.go:45.2,46.9 2 1
bronivik/internal/api/handlers.go:46.9,48.3 1 1
bronivik/internal/api/handlers.go:50.2,51.16 2 1
bronivik/internal/api/handlers.go:51.16,53.3 1 1
bronivik/internal/api/handlers.go:55.2,56.16 2 1
bronivik/internal/api/handlers.go:56.16,58.3 1 0
bronivik/internal/api/handlers.go:60.2,69.8 3 1
bronivik/internal/api/handlers.go:72.173,75.21 3 1
bronivik/internal/api/handlers.go:75.21,77.3 1 0
bronivik/internal/api/handlers.go:78.2,78.21 1 1
bronivik/internal/api/handlers.go:78.21,80.3 1 0
bronivik/internal/api/handlers.go:82.2,83.32 2 1
bronivik/internal/api/handlers.go:83.32,86.10 3 1
bronivik/internal/api/handlers.go:86.10,88.12 1 1
bronivik/internal/api/handlers.go:91.3,91.33 1 1
bronivik/internal/api/handlers.go:91.33,94.18 3 1
bronivik/internal/api/handlers.go:94.18,96.5 1 0
bronivik/internal/api/handlers.go:98.4,99.18 2 1
bronivik/internal/api/handlers.go:99.18,101.5 1 0
bronivik/internal/api/handlers.go:103.4,110.6 2 1
bronivik/internal/api/handlers.go:114.2,114.75 1 1
bronivik/internal/api/handlers.go:117.141,120.27 3 1
bronivik/internal/api/handlers.go:120.27,126.3 1 1
bronivik/internal/api/handlers.go:127.2,127.59 1 1
bronivik/internal/api/http_server.go:37.159,45.19 3 1
bronivik/internal/api/http_server.go:45.19,47.3 1 1
bronivik/internal/api/http_server.go:48.2,65.12 9 1
bronivik/internal/api/http_server.go:68.36,69.21 1 0
bronivik/internal/api/http_server.go:69.21,71.3 1 0
bronivik/internal/api/http_server.go:72.2,73.81 2 0
bronivik/internal/api/http_server.go:73.81,75.3 1 0
bronivik/internal/api/http_server.go:76.2,76.12 1 0
bronivik/internal/api/http_server.go:79.58,80.21 1 0
bronivik/internal/api/http_server.go:80.21,82.3 1 0
bronivik/internal/api/http_server.go:83.2,83.31 1 0
bronivik/internal/api/http_server.go:86.81,88.32 2 1
bronivik/internal/api/http_server.go:88.32,91.3 2 0
bronivik/internal/api/http_server.go:93.2,94.44 2 1
bronivik/internal/api/http_server.go:94.44,97.3 2 0
bronivik/internal/api/http_server.go:99.2,102.43 3 1
bronivik/internal/api/http_server.go:102.43,103.173 1 1
bronivik/internal/api/http_server.go:103.173,105.4 1 1
bronivik/internal/api/http_server.go:106.3,106.12 1 0
bronivik/internal/api/http_server.go:109.2,109.55 1 1
bronivik/internal/api/http_server.go:109.55,112.3 2 0
bronivik/internal/api/http_server.go:114.2,115.19 2 1
bronivik/internal/api/http_server.go:115.19,118.3 2 0
bronivik/internal/api/http_server.go:120.2,121.16 2 1
bronivik/internal/api/http_server.go:121.16,124.3 2 0
bronivik/internal/api/http_server.go:126.2,127.16 2 1
bronivik/internal/api/http_server.go:127.16,130.3 2 1
bronivik/internal/api/http_server.go:132.2,137.35 2 1
bronivik/internal/api/http_server.go:140.85,142.63 2 1
bronivik/internal/api/http_server.go:142.63,145.3 2 1
bronivik/internal/api/http_server.go:147.2,153.32 3 1
bronivik/internal/api/http_server.go:153.32,156.3 2 0
bronivik/internal/api/http_server.go:156.8,159.47 3 1
bronivik/internal/api/http_server.go:159.47,162.4 2 1
bronivik/internal/api/http_server.go:165.2,165.26 1 1
bronivik/internal/api/http_server.go:165.26,168.3 2 1
bronivik/internal/api/http_server.go:169.2,169.26 1 1
bronivik/internal/api/http_server.go:169.26,172.3 2 1
bronivik/internal/api/http_server.go:174.2,175.37 2 1
bronivik/internal/api/http_server.go:175.37,177.21 2 1
bronivik/internal/api/http_server.go:177.21,178.12 1 0
bronivik/internal/api/http_server.go:180.3,180.38 1 1
bronivik/internal/api/http_server.go:180.38,182.21 2 1
bronivik/internal/api/http_server.go:182.21,183.13 1 0
bronivik/internal/api/http_server.go:185.4,186.18 2 1
bronivik/internal/api/http_server.go:186.18,189.5 2 0
bronivik/internal/api/http_server.go:191.4,192.18 2 1
bronivik/internal/api/http_server.go:192.18,194.13 1 1
bronivik/internal/api/http_server.go:197.4,203.6 1 1
bronivik/internal/api/http_server.go:207.2,207.65 1 1
bronivik/internal/api/http_server.go:210.76,213.2 2 1
bronivik/internal/api/http_server.go:215.75,220.46 3 1
bronivik/internal/api/http_server.go:220.46,224.3 3 0
bronivik/internal/api/http_server.go:227.2,227.26 1 1
bronivik/internal/api/http_server.go:227.26,228.61 1 0
bronivik/internal/api/http_server.go:228.61,232.4 3 0
bronivik/internal/api/http_server.go:236.2,236.28 1 1
bronivik/internal/api/http_server.go:236.28,237.61 1 0
bronivik/internal/api/http_server.go:237.61,241.4 3 0
bronivik/internal/api/http_server.go:244.2,245.33 2 1
bronivik/internal/api/http_server.go:248.74,250.32 2 1
bronivik/internal/api/http_server.go:250.32,253.3 2 0
bronivik/internal/api/http_server.go:255.2,256.40 2 1
bronivik/internal/api/http_server.go:256.40,257.47 1 1
bronivik/internal/api/http_server.go:257.47,259.4 1 1
bronivik/internal/api/http_server.go:260.3,260.49 1 0
bronivik/internal/api/http_server.go:263.2,263.61 1 1
bronivik/internal/api/http_server.go:267.53,268.71 1 1
bronivik/internal/api/http_server.go:268.71,273.37 4 1
bronivik/internal/api/http_server.go:273.37,276.4 2 0
bronivik/internal/api/http_server.go:278.3,278.23 1 1
bronivik/internal/api/http_server.go:289.50,291.37 2 1
bronivik/internal/api/http_server.go:291.37,293.3 1 1
bronivik/internal/api/http_server.go:294.2,294.40 1 1
bronivik/internal/api/http_server.go:297.57,298.71 1 1
bronivik/internal/api/http_server.go:298.71,299.44 1 1
bronivik/internal/api/http_server.go:299.44,302.4 2 0
bronivik/internal/api/http_server.go:304.3,304.25 1 1
bronivik/internal/api/http_server.go:304.25,305.41 1 1
bronivik/internal/api/http_server.go:305.41,307.35 2 1
bronivik/internal/api/http_server.go:307.35,309.6 1 0
bronivik/internal/api/http_server.go:310.5,311.11 2 1
bronivik/internal/api/http_server.go:315.3,315.45 1 1
bronivik/internal/api/http_server.go:315.45,318.4 2 0
bronivik/internal/api/http_server.go:320.3,320.23 1 1
bronivik/internal/api/http_server.go:326.53,328.24 2 1
bronivik/internal/api/http_server.go:328.24,330.3 1 0
bronivik/internal/api/http_server.go:331.2,332.23 2 1
bronivik/internal/api/http_server.go:332.23,334.3 1 0
bronivik/internal/api/http_server.go:336.2,338.33 3 1
bronivik/internal/api/http_server.go:338.33,340.3 1 1
bronivik/internal/api/http_server.go:342.2,343.9 2 1
bronivik/internal/api/http_server.go:343.9,345.3 1 1
bronivik/internal/api/http_server.go:346.2,346.74 1 1
bronivik/internal/api/http_server.go:346.74,348.3 1 0
bronivik/internal/api/http_server.go:350.2,350.54 1 1
bronivik/internal/api/http_server.go:350.54,352.3 1 0
bronivik/internal/api/http_server.go:354.2,354.12 1 1
bronivik/internal/api/http_server.go:357.88,359.20 2 1
bronivik/internal/api/http_server.go:359.20,361.3 1 0
bronivik/internal/api/http_server.go:362.2,362.34 1 1
bronivik/internal/api/http_server.go:362.34,364.3 1 0
bronivik/internal/api/http_server.go:365.2,365.39 1 1
bronivik/internal/api/http_server.go:365.39,366.39 1 1
bronivik/internal/api/http_server.go:366.39,368.4 1 1
bronivik/internal/api/http_server.go:370.2,370.28 1 0
bronivik/internal/api/http_server.go:373.53,375.53 2 1
bronivik/internal/api/http_server.go:375.53,377.3 1 0
bronivik/internal/api/http_server.go:378.2,378.29 1 1
bronivik/internal/api/http_server.go:378.29,380.3 1 1
bronivik/internal/api/http_server.go:381.2,381.11 1 0
bronivik/internal/api/http_server.go:384.58,385.30 1 1
bronivik/internal/api/http_server.go:385.30,387.3 1 1
bronivik/internal/api/http_server.go:389.2,391.18 3 0
bronivik/internal/api/http_server.go:391.18,393.3 1 0
bronivik/internal/api/http_server.go:394.2,394.12 1 0
bronivik/internal/api/http_server.go:397.54,399.24 2 0
bronivik/internal/api/http_server.go:399.24,401.3 1 0
bronivik/internal/api/http_server.go:403.2,403.75 1 0
bronivik/internal/api/http_server.go:403.75,405.3 1 0
bronivik/internal/api/http_server.go:407.2,408.30 2 0
bronivik/internal/api/http_server.go:408.30,410.3 1 0
bronivik/internal/api/http_server.go:411.2,411.18 1 0
bronivik/internal/api/http_server.go:414.57,415.39 1 0
bronivik/internal/api/http_server.go:415.39,417.3 1 0
bronivik/internal/api/http_server.go:419.2,420.16 2 0
bronivik/internal/api/http_server.go:420.16,422.3 1 0
bronivik/internal/api/http_server.go:424.2,426.12 3 0
bronivik/internal/api/http_server.go:426.12,428.3 1 0
bronivik/internal/api/http_server.go:429.2,429.12 1 0
bronivik/internal/api/http_server.go:432.72,433.71 1 1
bronivik/internal/api/http_server.go:433.71,453.3 9 1
bronivik/internal/api/http_server.go:460.50,461.70 1 1
bronivik/internal/api/http_server.go:461.70,463.3 1 0
bronivik/internal/api/http_server.go:464.2,464.25 1 1
bronivik/internal/api/http_server.go:467.41,469.16 2 1
bronivik/internal/api/http_server.go:469.16,471.3 1 0
bronivik/internal/api/http_server.go:472.2,472.13 1 1
bronivik/internal/api/http_server.go:475.68,479.2 3 1
bronivik/internal/api/http_server.go:481.72,483.2 1 1
bronivik/internal/api/http_server.go:485.36,486.15 1 0
bronivik/internal/api/http_server.go:486.15,488.3 1 0
bronivik/internal/api/http_server.go:489.2,491.26 3 0
bronivik/internal/api/http_server.go:491.26,492.53 1 0
bronivik/internal/api/http_server.go:492.53,494.4 1 0
bronivik/internal/api/http_server.go:496.2,496.12 1 0
bronivik/internal/api/http_server.go:504.50,507.2 2 1
bronivik/internal/api/interceptors.go:9.102,10.112 1 1
bronivik/internal/api/interceptors.go:10.112,12.47 2 1
bronivik/internal/api/interceptors.go:12.47,15.76 3 1
bronivik/internal/api/interceptors.go:15.76,17.5 1 1
bronivik/internal/api/interceptors.go:19.3,19.27 1 1
bronivik/internal/api/server.go:29.104,32.16 3 0
bronivik/internal/api/server.go:32.16,34.3 1 0
bronivik/internal/api/server.go:36.2,43.26 4 0
bronivik/internal/api/server.go:43.26,45.17 2 0
bronivik/internal/api/server.go:45.17,47.4 1 0
bronivik/internal/api/server.go:48.3,48.74 1 0
bronivik/internal/api/server.go:51.2,56.25 4 0
bronivik/internal/api/server.go:56.25,58.3 1 0
bronivik/internal/api/server.go:60.2,61.19 2 0
bronivik/internal/api/server.go:61.19,63.3 1 0
bronivik/internal/api/server.go:65.2,71.8 1 0
bronivik/internal/api/server.go:74.67,75.45 1 0
bronivik/internal/api/server.go:75.45,77.3 1 0
bronivik/internal/api/server.go:79.2,80.16 2 0
bronivik/internal/api/server.go:80.16,82.3 1 0
bronivik/internal/api/server.go:84.2,89.27 2 0
bronivik/internal/api/server.go:89.27,90.29 1 0
bronivik/internal/api/server.go:90.29,92.4 1 0
bronivik/internal/api/server.go:93.3,94.17 2 0
bronivik/internal/api/server.go:94.17,96.4 1 0
bronivik/internal/api/server.go:97.3,98.38 2 0
bronivik/internal/api/server.go:98.38,100.4 1 0
bronivik/internal/api/server.go:101.3,102.26 2 0
bronivik/internal/api/server.go:105.2,105.20 1 0
bronivik/internal/api/server.go:108.36,109.23 1 0
bronivik/internal/api/server.go:109.23,111.3 1 0
bronivik/internal/api/server.go:112.2,112.35 1 0
bronivik/internal/api/server.go:115.36,118.2 2 0
bronivik/internal/api/server.go:120.52,121.21 1 0
bronivik/internal/api/server.go:121.21,123.3 1 0
bronivik/internal/api/server.go:125.2,126.12 2 0
bronivik/internal/api/server.go:126.12,129.3 2 0
bronivik/internal/api/server.go:131.2,131.9 1 0
bronivik/internal/api/server.go:132.14,133.9 1 0
bronivik/internal/api/server.go:134.20,137.9 3 0
bronivik/internal/api/server.go:138.38,141.9 3 0
bronivik/internal/events/events.go:50.30,52.2 1 1
bronivik/internal/events/events.go:55.70,59.2 3 1
bronivik/internal/events/events.go:62.41,67.30 4 1
bronivik/internal/events/events.go:67.30,69.3 1 1
bronivik/internal/events/events.go:71.2,71.35 1 1
bronivik/internal/events/events.go:71.35,74.3 1 1
bronivik/internal/events/events.go:78.77,79.14 1 1
bronivik/internal/events/events.go:79.14,81.3 1 0
bronivik/internal/events/events.go:83.2,84.16 2 1
bronivik/internal/events/events.go:84.16,86.3 1 0
bronivik/internal/events/events.go:88.2,89.12 2 1
bronivik/internal/events/events.go:93.73,95.16 2 1
bronivik/internal/events/events.go:95.16,97.3 1 0
bronivik/internal/events/events.go:99.2,99.73 1 1
bronivik/internal/config/config.go:153.47,156.16 2 1
bronivik/internal/config/config.go:156.16,158.3 1 0
bronivik/internal/config/config.go:160.2,161.16 2 1
bronivik/internal/config/config.go:161.16,163.3 1 0
bronivik/internal/config/config.go:166.2,169.62 3 1
bronivik/internal/config/config.go:169.62,171.3 1 0
bronivik/internal/config/config.go:173.2,175.42 2 1
bronivik/internal/config/config.go:175.42,177.3 1 0
bronivik/internal/config/config.go:179.2,179.21 1 1
bronivik/internal/config/config.go:182.35,183.79 1 1
bronivik/internal/config/config.go:183.79,185.3 1 1
bronivik/internal/config/config.go:187.2,187.27 1 1
bronivik/internal/config/config.go:187.27,189.3 1 0
bronivik/internal/config/config.go:191.2,191.31 1 1
bronivik/internal/config/config.go:194.47,197.29 2 1
bronivik/internal/config/config.go:197.29,198.19 1 1
bronivik/internal/config/config.go:198.19,200.4 1 1
bronivik/internal/config/config.go:201.3,201.23 1 1
bronivik/internal/config/config.go:201.23,203.4 1 1
bronivik/internal/config/config.go:204.3,204.26 1 1
bronivik/internal/config/config.go:206.2,206.12 1 1
bronivik/internal/config/config.go:209.34,210.26 1 1
bronivik/internal/config/config.go:210.26,212.3 1 1
bronivik/internal/config/config.go:213.2,213.26 1 1
bronivik/internal/config/config.go:213.26,215.3 1 1
bronivik/internal/config/config.go:216.2,216.72 1 1
bronivik/internal/config/config.go:216.72,218.3 1 0
bronivik/internal/config/config.go:220.2,220.25 1 1
bronivik/internal/config/config.go:220.25,222.3 1 1
bronivik/internal/config/config.go:223.2,223.42 1 1
bronivik/internal/config/config.go:223.42,225.3 1 0
bronivik/internal/config/config.go:226.2,226.35 1 1
bronivik/internal/config/config.go:226.35,228.3 1 1
bronivik/internal/config/config.go:229.2,229.34 1 1
bronivik/internal/config/config.go:229.34,231.3 1 1
bronivik/internal/config/config.go:234.2,234.30 1 1
bronivik/internal/config/config.go:234.30,236.3 1 1
bronivik/internal/config/config.go:237.2,237.31 1 1
bronivik/internal/config/config.go:237.31,239.3 1 1
bronivik/internal/config/config.go:240.2,240.31 1 1
bronivik/internal/config/config.go:240.31,242.3 1 1
bronivik/internal/config/config.go:243.2,243.34 1 1
bronivik/internal/config/config.go:243.34,245.3 1 1
bronivik/internal/config/config.go:246.2,246.32 1 1
bronivik/internal/config/config.go:246.32,248.3 1 1
bronivik/internal/logging/logger.go:16.94,18.98 2 1
bronivik/internal/logging/logger.go:18.98,20.3 1 1
bronivik/internal/logging/logger.go:22.2,25.56 3 1
bronivik/internal/logging/logger.go:26.16,27.21 1 1
bronivik/internal/logging/logger.go:28.14,29.25 1 1
bronivik/internal/logging/logger.go:29.25,31.4 1 1
bronivik/internal/logging/logger.go:32.3,33.17 2 1
bronivik/internal/logging/logger.go:33.17,35.4 1 0
bronivik/internal/logging/logger.go:36.3,37.16 2 1
bronivik/internal/logging/logger.go:40.2,40.65 1 1
bronivik/internal/logging/logger.go:40.65,42.3 1 1
bronivik/internal/logging/logger.go:44.2,54.27 3 1
bronivik/internal/metrics/metrics.go:23.17,24.17 1 1
bronivik/internal/metrics/metrics.go:24.17,26.3 1 1
bronivik/internal/metrics/metrics.go:30.31,32.2 1 1
bronivik/internal/google/sheets_simple.go:28.108,33.16 3 0
bronivik/internal/google/sheets_simple.go:33.16,35.3 1 0
bronivik/internal/google/sheets_simple.go:38.2,39.16 2 0
bronivik/internal/google/sheets_simple.go:39.16,41.3 1 0
bronivik/internal/google/sheets_simple.go:44.2,48.16 3 0
bronivik/internal/google/sheets_simple.go:48.16,50.3 1 0
bronivik/internal/google/sheets_simple.go:52.2,60.12 2 0
bronivik/internal/google/sheets_simple.go:60.12,64.3 3 0
bronivik/internal/google/sheets_simple.go:67.2,67.12 1 0
bronivik/internal/google/sheets_simple.go:67.12,70.22 3 0
bronivik/internal/google/sheets_simple.go:70.22,74.4 3 0
bronivik/internal/google/sheets_simple.go:77.2,77.21 1 0
bronivik/internal/google/sheets_simple.go:81.67,84.16 2 0
bronivik/internal/google/sheets_simple.go:84.16,86.3 1 0
bronivik/internal/google/sheets_simple.go:87.2,87.12 1 0
bronivik/internal/google/sheets_simple.go:91.88,93.16 2 1
bronivik/internal/google/sheets_simple.go:93.16,95.3 1 1
bronivik/internal/google/sheets_simple.go:97.2,101.53 2 1
bronivik/internal/google/sheets_simple.go:101.53,103.3 1 0
bronivik/internal/google/sheets_simple.go:105.2,105.31 1 1
bronivik/internal/google/sheets_simple.go:109.91,118.29 4 0
bronivik/internal/google/sheets_simple.go:118.29,133.3 2 0
bronivik/internal/google/sheets_simple.go:136.2,147.12 4 0
bronivik/internal/google/sheets_simple.go:151.64,153.16 2 0
bronivik/internal/google/sheets_simple.go:153.16,155.3 1 0
bronivik/internal/google/sheets_simple.go:157.2,162.34 5 0
bronivik/internal/google/sheets_simple.go:162.34,163.20 1 0
bronivik/internal/google/sheets_simple.go:163.20,164.12 1 0
bronivik/internal/google/sheets_simple.go:166.3,167.29 2 0
bronivik/internal/google/sheets_simple.go:168.16,169.17 1 0
bronivik/internal/google/sheets_simple.go:170.15,171.28 1 0
bronivik/internal/google/sheets_simple.go:173.3,173.13 1 0
bronivik/internal/google/sheets_simple.go:173.13,175.4 1 0
bronivik/internal/google/sheets_simple.go:177.2,177.12 1 0
bronivik/internal/google/sheets_simple.go:181.91,206.54 5 0
bronivik/internal/google/sheets_simple.go:206.54,210.31 3 0
bronivik/internal/google/sheets_simple.go:210.31,212.4 1 0
bronivik/internal/google/sheets_simple.go:215.2,215.12 1 0
bronivik/internal/google/sheets_simple.go:219.91,220.20 1 1
bronivik/internal/google/sheets_simple.go:220.20,222.3 1 1
bronivik/internal/google/sheets_simple.go:224.2,225.16 2 0
bronivik/internal/google/sheets_simple.go:225.16,226.37 1 0
bronivik/internal/google/sheets_simple.go:226.37,228.4 1 0
bronivik/internal/google/sheets_simple.go:229.3,229.13 1 0
bronivik/internal/google/sheets_simple.go:232.2,241.12 4 0
bronivik/internal/google/sheets_simple.go:245.86,247.16 2 0
bronivik/internal/google/sheets_simple.go:247.16,249.3 1 0
bronivik/internal/google/sheets_simple.go:251.2,255.16 3 0
bronivik/internal/google/sheets_simple.go:255.16,257.3 1 0
bronivik/internal/google/sheets_simple.go:258.2,258.12 1 0
bronivik/internal/google/sheets_simple.go:262.104,264.16 2 0
bronivik/internal/google/sheets_simple.go:264.16,266.3 1 0
bronivik/internal/google/sheets_simple.go:268.2,274.16 4 0
bronivik/internal/google/sheets_simple.go:274.16,276.3 1 0
bronivik/internal/google/sheets_simple.go:278.2,282.12 3 0
bronivik/internal/google/sheets_simple.go:286.91,287.20 1 1
bronivik/internal/google/sheets_simple.go:287.20,289.3 1 1
bronivik/internal/google/sheets_simple.go:291.2,291.46 1 1
bronivik/internal/google/sheets_simple.go:291.46,293.3 1 1
bronivik/internal/google/sheets_simple.go:296.2,297.16 2 0
bronivik/internal/google/sheets_simple.go:297.16,299.3 1 0
bronivik/internal/google/sheets_simple.go:301.2,305.34 4 0
bronivik/internal/google/sheets_simple.go:305.34,306.20 1 0
bronivik/internal/google/sheets_simple.go:306.20,307.12 1 0
bronivik/internal/google/sheets_simple.go:309.3,310.29 2 0
bronivik/internal/google/sheets_simple.go:311.16,312.17 1 0
bronivik/internal/google/sheets_simple.go:313.15,314.28 1 0
bronivik/internal/google/sheets_simple.go:317.3,317.13 1 0
bronivik/internal/google/sheets_simple.go:317.13,320.23 3 0
bronivik/internal/google/sheets_simple.go:320.23,322.5 1 0
bronivik/internal/google/sheets_simple.go:326.2,326.18 1 0
bronivik/internal/google/sheets_simple.go:326.18,328.3 1 0
bronivik/internal/google/sheets_simple.go:330.2,330.26 1 0
bronivik/internal/google/sheets_simple.go:335.60,340.2 4 1
bronivik/internal/google/sheets_simple.go:342.57,346.2 3 1
bronivik/internal/google/sheets_simple.go:348.50,352.2 3 1
bronivik/internal/google/sheets_simple.go:355.38,359.2 3 1
bronivik/internal/google/sheets_simple.go:361.62,374.2 1 1
bronivik/internal/google/sheets_simple.go:377.100,385.35 4 0
bronivik/internal/google/sheets_simple.go:385.35,399.3 2 0
bronivik/internal/google/sheets_simple.go:402.2,412.12 4 0
bronivik/internal/google/sheets_simple.go:416.166,418.16 2 0
bronivik/internal/google/sheets_simple.go:418.16,420.3 1 0
bronivik/internal/google/sheets_simple.go:422.2,422.50 1 0
bronivik/internal/google/sheets_simple.go:422.50,424.3 1 0
bronivik/internal/google/sheets_simple.go:426.2,427.15 2 0
bronivik/internal/google/sheets_simple.go:427.15,429.3 1 0
bronivik/internal/google/sheets_simple.go:431.2,446.18 8 0
bronivik/internal/google/sheets_simple.go:446.18,448.3 1 0
bronivik/internal/google/sheets_simple.go:451.2,451.36 1 0
bronivik/internal/google/sheets_simple.go:451.36,455.49 3 0
bronivik/internal/google/sheets_simple.go:455.49,469.4 1 0
bronivik/internal/google/sheets_simple.go:472.2,472.21 1 0
bronivik/internal/google/sheets_simple.go:472.21,474.3 1 0
bronivik/internal/google/sheets_simple.go:474.8,476.3 1 0
[...]
bronivik/scripts/migrate_items.go:66.27,68.4 1 0
bronivik/scripts/migrate_items.go:69.3,69.49 1 0
bronivik/scripts/migrate_items.go:69.49,71.4 1 0
bronivik/scripts/migrate_items.go:72.3,72.12 1 0
bronivik/scripts/migrate_items.go:75.2,75.63 1 0
bronivik/internal/service/booking_service.go:25.195,26.25 1 1
bronivik/internal/service/booking_service.go:26.25,28.3 1 0
bronivik/internal/service/booking_service.go:29.2,36.3 1 1
bronivik/internal/service/booking_service.go:39.68,43.29 2 1
bronivik/internal/service/booking_service.go:43.29,47.35 3 1
bronivik/internal/service/booking_service.go:47.35,49.4 1 1
bronivik/internal/service/booking_service.go:50.8,52.48 1 0
bronivik/internal/service/booking_service.go:52.48,54.4 1 0
bronivik/internal/service/booking_service.go:58.2,59.25 2 1
bronivik/internal/service/booking_service.go:59.25,61.3 1 1
bronivik/internal/service/booking_service.go:63.2,63.12 1 1
bronivik/internal/service/booking_service.go:66.92,68.60 1 1
bronivik/internal/service/booking_service.go:68.60,70.3 1 0
bronivik/internal/service/booking_service.go:73.2,74.16 2 1
bronivik/internal/service/booking_service.go:74.16,76.3 1 0
bronivik/internal/service/booking_service.go:77.2,77.16 1 1
bronivik/internal/service/booking_service.go:77.16,79.3 1 0
bronivik/internal/service/booking_service.go:82.2,83.16 2 1
bronivik/internal/service/booking_service.go:83.16,85.3 1 0
bronivik/internal/service/booking_service.go:88.2,92.90 3 1
bronivik/internal/service/booking_service.go:92.90,94.3 1 0
bronivik/internal/service/booking_service.go:96.2,96.12 1 1
bronivik/internal/service/booking_service.go:99.117,101.16 2 1
bronivik/internal/service/booking_service.go:101.16,103.3 1 0
bronivik/internal/service/booking_service.go:105.2,106.16 2 1
bronivik/internal/service/booking_service.go:106.16,109.91 3 1
bronivik/internal/service/booking_service.go:109.91,111.4 1 0
bronivik/internal/service/booking_service.go:114.2,114.12 1 1
bronivik/internal/service/booking_service.go:117.116,119.16 2 1
bronivik/internal/service/booking_service.go:119.16,121.3 1 0
bronivik/internal/service/booking_service.go:123.2,124.16 2 1
bronivik/internal/service/booking_service.go:124.16,127.91 3 1
bronivik/internal/service/booking_service.go:127.91,129.4 1 0
bronivik/internal/service/booking_service.go:132.2,132.12 1 1
bronivik/internal/service/booking_service.go:135.118,137.16 2 1
bronivik/internal/service/booking_service.go:137.16,139.3 1 0
bronivik/internal/service/booking_service.go:141.2,142.16 2 1
bronivik/internal/service/booking_service.go:142.16,145.91 3 1
bronivik/internal/service/booking_service.go:145.91,147.4 1 0
bronivik/internal/service/booking_service.go:150.2,150.12 1 1
bronivik/internal/service/booking_service.go:153.116,155.16 2 1
bronivik/internal/service/booking_service.go:155.16,157.3 1 0
bronivik/internal/service/booking_service.go:159.2,160.16 2 1
bronivik/internal/service/booking_service.go:160.16,162.91 2 1
bronivik/internal/service/booking_service.go:162.91,164.4 1 0
bronivik/internal/service/booking_service.go:167.2,167.12 1 1
bronivik/internal/service/booking_service.go:170.137,173.16 2 1
bronivik/internal/service/booking_service.go:173.16,175.3 1 0
bronivik/internal/service/booking_service.go:176.2,176.16 1 1
bronivik/internal/service/booking_service.go:176.16,178.3 1 0
bronivik/internal/service/booking_service.go:181.2,182.16 2 1
bronivik/internal/service/booking_service.go:182.16,184.3 1 0
bronivik/internal/service/booking_service.go:185.2,186.29 2 1
bronivik/internal/service/booking_service.go:186.29,187.27 1 1
bronivik/internal/service/booking_service.go:187.27,189.9 2 1
bronivik/internal/service/booking_service.go:192.2,192.23 1 1
bronivik/internal/service/booking_service.go:192.23,194.3 1 0
bronivik/internal/service/booking_service.go:196.2,197.16 2 1
bronivik/internal/service/booking_service.go:197.16,199.3 1 0
bronivik/internal/service/booking_service.go:201.2,202.16 2 1
bronivik/internal/service/booking_service.go:202.16,205.91 3 1
bronivik/internal/service/booking_service.go:205.91,207.4 1 0
bronivik/internal/service/booking_service.go:210.2,210.12 1 1
bronivik/internal/service/booking_service.go:213.105,215.16 2 1
bronivik/internal/service/booking_service.go:215.16,217.3 1 0
bronivik/internal/service/booking_service.go:219.2,220.16 2 1
bronivik/internal/service/booking_service.go:220.16,222.91 2 1
bronivik/internal/service/booking_service.go:222.91,224.4 1 0
bronivik/internal/service/booking_service.go:227.2,227.12 1 1
bronivik/internal/service/booking_service.go:230.139,232.2 1 1
bronivik/internal/service/booking_service.go:234.109,236.2 1 1
bronivik/internal/service/booking_service.go:238.105,240.2 1 1
bronivik/internal/service/booking_service.go:242.118,244.2 1 1
bronivik/internal/service/booking_service.go:246.93,248.2 1 1
bronivik/internal/service/booking_service.go:250.123,252.2 1 1
bronivik/internal/service/booking_service.go:254.139,255.23 1 1
bronivik/internal/service/booking_service.go:255.23,257.3 1 0
bronivik/internal/service/booking_service.go:259.2,272.67 2 1
bronivik/internal/service/booking_service.go:272.67,274.3 1 0
bronivik/internal/service/booking_service.go:277.100,278.27 1 1
bronivik/internal/service/booking_service.go:278.27,280.3 1 0
bronivik/internal/service/booking_service.go:282.2,283.33 2 1
bronivik/internal/service/booking_service.go:283.33,285.3 1 1
bronivik/internal/service/booking_service.go:287.2,287.96 1 1
bronivik/internal/service/booking_service.go:287.96,289.3 1 0
bronivik/internal/service/item_service.go:17.82,22.2 1 1
bronivik/internal/service/item_service.go:24.82,26.2 1 1
bronivik/internal/service/item_service.go:28.88,30.2 1 1
bronivik/internal/service/item_service.go:32.93,34.2 1 1
bronivik/internal/service/item_service.go:36.80,38.2 1 1
bronivik/internal/service/item_service.go:40.80,42.2 1 1
bronivik/internal/service/item_service.go:44.75,46.2 1 1
bronivik/internal/service/item_service.go:48.88,50.2 1 1
bronivik/internal/service/item_service.go:52.58,55.2 1 1
bronivik/internal/service/state.go:18.94,23.2 1 1
bronivik/internal/service/state.go:25.99,27.16 2 1
bronivik/internal/service/state.go:27.16,30.3 2 1
bronivik/internal/service/state.go:32.2,32.19 1 1
bronivik/internal/service/state.go:35.120,42.2 2 1
bronivik/internal/service/state.go:44.80,46.2 1 0
bronivik/internal/service/state.go:48.116,50.16 2 1
bronivik/internal/service/state.go:50.16,52.3 1 0
bronivik/internal/service/state.go:53.2,53.18 1 1
bronivik/internal/service/state.go:53.18,58.3 1 1
bronivik/internal/service/state.go:60.2,60.27 1 1
bronivik/internal/service/state.go:60.27,62.3 1 0
bronivik/internal/service/state.go:63.2,65.41 2 1
bronivik/internal/service/state.go:68.121,70.2 1 1
bronivik/internal/service/telegram_service.go:14.69,18.2 1 1
bronivik/internal/service/telegram_service.go:20.80,22.2 1 0
bronivik/internal/service/telegram_service.go:24.88,26.2 1 0
bronivik/internal/service/telegram_service.go:28.92,31.2 2 1
bronivik/internal/service/telegram_service.go:33.93,37.2 3 1
bronivik/internal/service/telegram_service.go:39.136,43.2 3 0
bronivik/internal/service/telegram_service.go:45.143,49.2 3 0
bronivik/internal/service/telegram_service.go:51.148,52.21 1 0
bronivik/internal/service/telegram_service.go:52.21,56.3 3 0
bronivik/internal/service/telegram_service.go:57.2,59.24 3 0
bronivik/internal/service/telegram_service.go:62.80,66.2 3 1
bronivik/internal/service/telegram_service.go:68.96,70.2 1 0
bronivik/internal/service/telegram_service.go:72.51,74.2 1 0
bronivik/internal/service/telegram_service.go:76.50,78.2 1 0
bronivik/internal/service/user_service.go:21.105,23.37 2 1
bronivik/internal/service/user_service.go:23.37,25.3 1 1
bronivik/internal/service/user_service.go:27.2,28.38 2 1
bronivik/internal/service/user_service.go:28.38,30.3 1 1
bronivik/internal/service/user_service.go:32.2,38.3 1 1
bronivik/internal/service/user_service.go:41.52,43.2 1 1
bronivik/internal/service/user_service.go:45.56,47.2 1 1
bronivik/internal/service/user_service.go:49.78,53.2 3 1
bronivik/internal/service/user_service.go:55.98,57.2 1 1
bronivik/internal/service/user_service.go:59.87,61.2 1 1
bronivik/internal/service/user_service.go:63.79,65.2 1 1
bronivik/internal/service/user_service.go:67.92,69.2 1 1
bronivik/internal/service/user_service.go:71.79,73.2 1 1
bronivik/internal/service/user_service.go:75.100,77.2 1 1
bronivik/internal/service/user_service.go:79.88,81.2 1 1
bronivik/internal/worker/retry.go:17.59,18.17 1 1
bronivik/internal/worker/retry.go:18.17,20.3 1 0
bronivik/internal/worker/retry.go:21.2,21.25 1 1
bronivik/internal/worker/retry.go:21.25,23.3 1 0
bronivik/internal/worker/retry.go:24.2,24.26 1 1
bronivik/internal/worker/retry.go:24.26,26.3 1 0
bronivik/internal/worker/retry.go:28.2,30.38 3 1
bronivik/internal/worker/retry.go:30.38,32.3 1 1
bronivik/internal/worker/retry.go:33.2,33.12 1 1
bronivik/internal/worker/retry.go:33.12,35.3 1 0
bronivik/internal/worker/retry.go:36.2,36.10 1 1
bronivik/internal/worker/sheets_worker.go:65.144,66.27 1 1
bronivik/internal/worker/sheets_worker.go:66.27,68.3 1 1
bronivik/internal/worker/sheets_worker.go:69.2,69.29 1 1
bronivik/internal/worker/sheets_worker.go:69.29,71.3 1 1
bronivik/internal/worker/sheets_worker.go:72.2,72.25 1 1
bronivik/internal/worker/sheets_worker.go:72.25,74.3 1 1
bronivik/internal/worker/sheets_worker.go:75.2,75.30 1 1
bronivik/internal/worker/sheets_worker.go:75.30,77.3 1 1
bronivik/internal/worker/sheets_worker.go:78.2,78.19 1 1
bronivik/internal/worker/sheets_worker.go:78.19,81.3 2 1
bronivik/internal/worker/sheets_worker.go:83.2,94.3 1 1
bronivik/internal/worker/sheets_worker.go:98.137,99.20 1 1
bronivik/internal/worker/sheets_worker.go:99.20,101.3 1 1
bronivik/internal/worker/sheets_worker.go:102.2,102.59 1 1
bronivik/internal/worker/sheets_worker.go:102.59,104.3 1 1
bronivik/internal/worker/sheets_worker.go:106.2,111.46 2 1
bronivik/internal/worker/sheets_worker.go:111.46,113.3 1 0
bronivik/internal/worker/sheets_worker.go:115.2,116.16 2 1
bronivik/internal/worker/sheets_worker.go:116.16,118.3 1 0
bronivik/internal/worker/sheets_worker.go:120.2,128.60 2 1
bronivik/internal/worker/sheets_worker.go:128.60,130.3 1 0
bronivik/internal/worker/sheets_worker.go:133.2,133.20 1 1
bronivik/internal/worker/sheets_worker.go:133.20,134.52 1 0
bronivik/internal/worker/sheets_worker.go:134.52,136.4 1 0
bronivik/internal/worker/sheets_worker.go:136.9,138.4 1 0
bronivik/internal/worker/sheets_worker.go:142.2,142.9 1 1
bronivik/internal/worker/sheets_worker.go:143.27,143.27 0 1
bronivik/internal/worker/sheets_worker.go:144.10,145.116 1 0
bronivik/internal/worker/sheets_worker.go:148.2,148.12 1 1
bronivik/internal/worker/sheets_worker.go:152.51,156.6 3 0
bronivik/internal/worker/sheets_worker.go:156.6,157.10 1 0
bronivik/internal/worker/sheets_worker.go:158.21,159.10 1 0
bronivik/internal/worker/sheets_worker.go:160.11,160.11 0 0
bronivik/internal/worker/sheets_worker.go:163.3,163.37 1 0
bronivik/internal/worker/sheets_worker.go:163.37,165.12 2 0
bronivik/internal/worker/sheets_worker.go:168.3,168.35 1 0
bronivik/internal/worker/sheets_worker.go:168.35,170.12 2 0
bronivik/internal/worker/sheets_worker.go:173.3,174.17 2 0
bronivik/internal/worker/sheets_worker.go:174.17,177.12 3 0
bronivik/internal/worker/sheets_worker.go:179.3,179.22 1 0
bronivik/internal/worker/sheets_worker.go:179.22,181.12 2 0
bronivik/internal/worker/sheets_worker.go:184.3,184.24 1 0
bronivik/internal/worker/sheets_worker.go:184.24,186.4 1 0
bronivik/internal/worker/sheets_worker.go:190.64,191.9 1 1
bronivik/internal/worker/sheets_worker.go:192.22,193.17 1 1
bronivik/internal/worker/sheets_worker.go:194.10,195.34 1 1
bronivik/internal/worker/sheets_worker.go:199.78,200.20 1 0
bronivik/internal/worker/sheets_worker.go:200.20,202.3 1 0
bronivik/internal/worker/sheets_worker.go:203.2,204.16 2 0
bronivik/internal/worker/sheets_worker.go:204.16,205.76 1 0
bronivik/internal/worker/sheets_worker.go:205.76,207.4 1 0
bronivik/internal/worker/sheets_worker.go:208.3,209.34 2 0
bronivik/internal/worker/sheets_worker.go:211.2,211.19 1 0
bronivik/internal/worker/sheets_worker.go:211.19,213.3 1 0
bronivik/internal/worker/sheets_worker.go:214.2,215.62 2 0
bronivik/internal/worker/sheets_worker.go:215.62,218.3 2 0
bronivik/internal/worker/sheets_worker.go:219.2,219.19 1 0
bronivik/internal/worker/sheets_worker.go:222.80,224.16 2 1
bronivik/internal/worker/sheets_worker.go:224.16,227.3 2 0
bronivik/internal/worker/sheets_worker.go:229.2,229.71 1 1
bronivik/internal/worker/sheets_worker.go:229.71,232.3 2 1
bronivik/internal/worker/sheets_worker.go:234.2,234.86 1 1
bronivik/internal/worker/sheets_worker.go:234.86,236.3 1 0
bronivik/internal/worker/sheets_worker.go:239.110,240.18 1 1
bronivik/internal/worker/sheets_worker.go:241.18,242.29 1 1
bronivik/internal/worker/sheets_worker.go:242.29,244.4 1 1
bronivik/internal/worker/sheets_worker.go:245.3,245.54 1 1
bronivik/internal/worker/sheets_worker.go:246.18,247.29 1 1
bronivik/internal/worker/sheets_worker.go:247.29,249.4 1 1
bronivik/internal/worker/sheets_worker.go:250.3,250.59 1 1
bronivik/internal/worker/sheets_worker.go:251.24,252.53 1 1
bronivik/internal/worker/sheets_worker.go:252.53,254.4 1 1
bronivik/internal/worker/sheets_worker.go:255.3,255.78 1 1
bronivik/internal/worker/sheets_worker.go:256.24,259.25 3 0
bronivik/internal/worker/sheets_worker.go:259.25,261.4 1 0
bronivik/internal/worker/sheets_worker.go:262.3,262.23 1 0
bronivik/internal/worker/sheets_worker.go:262.23,264.4 1 0
bronivik/internal/worker/sheets_worker.go:266.3,267.17 2 0
bronivik/internal/worker/sheets_worker.go:267.17,269.4 1 0
bronivik/internal/worker/sheets_worker.go:271.3,272.17 2 0
bronivik/internal/worker/sheets_worker.go:272.17,274.4 1 0
bronivik/internal/worker/sheets_worker.go:276.3,276.85 1 0
bronivik/internal/worker/sheets_worker.go:277.10,278.55 1 1
bronivik/internal/worker/sheets_worker.go:282.93,284.41 2 1
bronivik/internal/worker/sheets_worker.go:284.41,285.95 1 1
bronivik/internal/worker/sheets_worker.go:285.95,287.4 1 0
bronivik/internal/worker/sheets_worker.go:288.3,289.9 2 1
bronivik/internal/worker/sheets_worker.go:292.2,294.99 3 1
bronivik/internal/worker/sheets_worker.go:294.99,296.3 1 0
bronivik/internal/worker/sheets_worker.go:299.88,300.92 1 0
bronivik/internal/worker/sheets_worker.go:300.92,302.3 1 0
bronivik/internal/worker/sheets_worker.go:303.2,303.29 1 0
bronivik/internal/worker/sheets_worker.go:306.76,308.62 2 1
bronivik/internal/worker/sheets_worker.go:308.62,310.3 1 1
bronivik/internal/worker/sheets_worker.go:311.2,311.21 1 1
bronivik/internal/worker/sheets_worker.go:314.83,315.20 1 0
bronivik/internal/worker/sheets_worker.go:315.20,317.3 1 0
bronivik/internal/worker/sheets_worker.go:318.2,319.16 2 0
bronivik/internal/worker/sheets_worker.go:319.16,321.3 1 0
bronivik/internal/worker/sheets_worker.go:322.2,322.56 1 0
bronivik/internal/worker/sheets_worker.go:325.83,326.20 1 1
bronivik/internal/worker/sheets_worker.go:326.20,328.3 1 1
bronivik/internal/worker/sheets_worker.go:329.2,330.16 2 0
bronivik/internal/worker/sheets_worker.go:330.16,333.3 2 0
bronivik/internal/worker/sheets_worker.go:334.2,334.72 1 0
bronivik/internal/worker/sheets_worker.go:334.72,336.3 1 0
bronivik/internal/worker/sheets_worker.go:339.101,346.16 3 1
bronivik/internal/worker/sheets_worker.go:346.16,348.3 1 0
bronivik/internal/worker/sheets_worker.go:350.2,357.60 2 1
bronivik/internal/worker/sheets_worker.go:357.60,359.3 1 0
bronivik/internal/worker/sheets_worker.go:361.2,361.20 1 1
bronivik/internal/worker/sheets_worker.go:361.20,362.52 1 0
bronivik/internal/worker/sheets_worker.go:362.52,364.4 1 0
bronivik/internal/worker/sheets_worker.go:364.9,366.4 1 0
bronivik/internal/worker/sheets_worker.go:369.2,369.9 1 1
bronivik/internal/worker/sheets_worker.go:370.27,370.27 0 1
bronivik/internal/worker/sheets_worker.go:371.10,372.116 1 0
bronivik/internal/worker/sheets_worker.go:375.2,375.12 1 1
bronivik/internal/repository/failover.go:22.124,28.2 1 1
bronivik/internal/repository/failover.go:30.50,33.2 0 1
bronivik/internal/repository/failover.go:35.106,36.22 1 1
bronivik/internal/repository/failover.go:36.22,38.17 2 1
bronivik/internal/repository/failover.go:38.17,40.4 1 1
bronivik/internal/repository/failover.go:41.3,43.27 3 1
bronivik/internal/repository/failover.go:47.2,47.62 1 1
bronivik/internal/repository/failover.go:47.62,49.17 2 1
bronivik/internal/repository/failover.go:49.17,52.4 2 1
bronivik/internal/repository/failover.go:53.3,53.27 1 1
bronivik/internal/repository/failover.go:56.2,56.41 1 1
bronivik/internal/repository/failover.go:59.96,60.22 1 1
bronivik/internal/repository/failover.go:60.22,62.17 2 1
bronivik/internal/repository/failover.go:62.17,64.4 1 1
bronivik/internal/repository/failover.go:65.3,67.27 3 1
bronivik/internal/repository/failover.go:70.2,70.40 1 1
bronivik/internal/repository/failover.go:73.87,74.22 1 1
bronivik/internal/repository/failover.go:74.22,76.17 2 1
bronivik/internal/repository/failover.go:76.17,78.4 1 1
bronivik/internal/repository/failover.go:79.3,81.27 3 1
bronivik/internal/repository/failover.go:84.2,84.43 1 1
bronivik/internal/repository/failover.go:87.132,88.22 1 1
bronivik/internal/repository/failover.go:88.22,90.17 2 1
bronivik/internal/repository/failover.go:90.17,92.4 1 1
bronivik/internal/repository/failover.go:93.3,95.27 3 1
bronivik/internal/repository/failover.go:98.2,98.62 1 1
bronivik/internal/repository/memory.go:17.73,21.2 1 1
bronivik/internal/repository/memory.go:23.104,25.9 2 1
bronivik/internal/repository/memory.go:25.9,27.3 1 1
bronivik/internal/repository/memory.go:28.2,28.37 1 1
bronivik/internal/repository/memory.go:31.94,34.2 2 1
bronivik/internal/repository/memory.go:36.85,39.2 2 1
bronivik/internal/repository/memory.go:46.130,51.9 4 1
bronivik/internal/repository/memory.go:51.9,56.3 1 1
bronivik/internal/repository/memory.go:56.8,58.33 2 1
bronivik/internal/repository/memory.go:58.33,61.4 2 1
bronivik/internal/repository/memory.go:61.9,63.4 1 1
bronivik/internal/repository/memory.go:66.2,67.34 2 1
bronivik/internal/repository/redis.go:21.59,32.2 3 1
bronivik/internal/repository/redis.go:34.93,39.2 1 1
bronivik/internal/repository/redis.go:41.103,42.21 1 1
bronivik/internal/repository/redis.go:42.21,44.3 1 1
bronivik/internal/repository/redis.go:45.2,47.22 3 1
bronivik/internal/repository/redis.go:47.22,49.3 1 1
bronivik/internal/repository/redis.go:50.2,50.16 1 1
bronivik/internal/repository/redis.go:50.16,52.3 1 1
bronivik/internal/repository/redis.go:54.2,55.60 2 1
bronivik/internal/repository/redis.go:55.60,57.3 1 1
bronivik/internal/repository/redis.go:59.2,59.20 1 1
bronivik/internal/repository/redis.go:62.93,63.21 1 1
bronivik/internal/repository/redis.go:63.21,65.3 1 1
bronivik/internal/repository/redis.go:66.2,68.16 3 1
bronivik/internal/repository/redis.go:68.16,70.3 1 1
bronivik/internal/repository/redis.go:72.2,72.66 1 1
bronivik/internal/repository/redis.go:72.66,74.3 1 1
bronivik/internal/repository/redis.go:76.2,76.12 1 1
bronivik/internal/repository/redis.go:79.84,80.21 1 1
bronivik/internal/repository/redis.go:80.21,82.3 1 1
bronivik/internal/repository/redis.go:83.2,84.53 2 1
bronivik/internal/repository/redis.go:84.53,86.3 1 1
bronivik/internal/repository/redis.go:87.2,87.12 1 1
bronivik/internal/repository/redis.go:90.129,91.21 1 1
bronivik/internal/repository/redis.go:91.21,93.3 1 1
bronivik/internal/repository/redis.go:94.2,96.16 3 1
bronivik/internal/repository/redis.go:96.16,98.3 1 1
bronivik/internal/repository/redis.go:100.2,100.16 1 1
bronivik/internal/repository/redis.go:100.16,102.3 1 1
bronivik/internal/repository/redis.go:104.2,104.35 1 1
bronivik/internal/repository/redis.go:108.60,110.16 2 1
bronivik/internal/repository/redis.go:110.16,112.3 1 1
bronivik/internal/repository/redis.go:113.2,113.12 1 1
bronivik/internal/repository/redis.go:117.40,118.19 1 1
bronivik/internal/repository/redis.go:118.19,120.3 1 1
bronivik/internal/repository/redis.go:121.2,121.12 1 1
